#
# A fatal error has been detected by the Java Runtime Environment:
#
#  SIGSEGV (0xb) at pc=0x00007fff8f620097, pid=63028, tid=3335
#
# JRE version: Java(TM) SE Runtime Environment (8.0_11-b12) (build 1.8.0_11-b12)
# Java VM: Java HotSpot(TM) 64-Bit Server VM (25.11-b03 mixed mode bsd-amd64 compressed oops)
# Problematic frame:
# C  [libobjc.A.dylib+0x5097]  objc_msgSend+0x17
#
# Failed to write core dump. Core dumps have been disabled. To enable core dumping, try "ulimit -c unlimited" before starting Java again
#
# If you would like to submit a bug report, please visit:
#   http://bugreport.sun.com/bugreport/crash.jsp
# The crash happened outside the Java Virtual Machine in native code.
# See problematic frame for where to report the bug.
#

---------------  T H R E A D  ---------------

Current thread (0x00007f966181c800):  JavaThread "AppKit Thread" daemon [_thread_in_native, id=3335, stack(0x00007fff520fb000,0x00007fff528fb000)]

siginfo:si_signo=SIGSEGV: si_errno=0, si_code=0 (SEGV0), si_addr=0x0000000000000000

Registers:
RAX=0x00007f9660551810, RBX=0x00000000000f4398, RCX=0x0000000000000000, RDX=0x00007f966062fe60
RSP=0x00007fff528f6648, RBP=0x00007fff528f6650, RSI=0x00007fff8ebefb9f, RDI=0x00007f9660551810
R8 =0x0000000000000040, R9 =0x00007fff528f6600, R10=0x00007fff8ebefb9f, R11=0xa00007f96605dc9f
R12=0x00000000000f4398, R13=0x00007fff528f6818, R14=0x00007f96605eecc0, R15=0x00007fff528f6778
RIP=0x00007fff8f620097, EFLAGS=0x0000000000010246, ERR=0x0000000000000000
  TRAPNO=0x000000000000000d

Top of Stack: (sp=0x00007fff528f6648)
0x00007fff528f6648:   00007fff994bde0c 00007fff528f69b0
0x00007fff528f6658:   00007fff993b182d 0000000000000003
0x00007fff528f6668:   000000010d323800 00007fff528f66b0
0x00007fff528f6678:   00007fff9398d272 0000000000001140
0x00007fff528f6688:   00000000000f439a 0000000000000005
0x00007fff528f6698:   00007f966045bc10 00007f966045b540
0x00007fff528f66a8:   00007f966050d1b0 00007f966062fe60
0x00007fff528f66b8:   00007fff528f6770 0000000000000000
0x00007fff528f66c8:   00000000000f4315 00000000000000b8
0x00007fff528f66d8:   00007fff528f67f0 0000000000000000
0x00007fff528f66e8:   0000000000000001 00007f966050d1a0
0x00007fff528f66f8:   000000000000004f 000000000023ccc2
0x00007fff528f6708:   0000010000000000 00007fff7f176a60
0x00007fff528f6718:   00002060002336ea 00007fff528f6870
0x00007fff528f6728:   0000000000000000 00007fff528f6808
0x00007fff528f6738:   00007fff528f67e8 00007fff7f176a48
0x00007fff528f6748:   0000000000000000 0000000000000015
0x00007fff528f6758:   00007fff932336ea 00007fff7d5bfd38
0x00007fff528f6768:   0000000000000000 00007f966045bc90
0x00007fff528f6778:   00007f96605eecc0 00007fff95899b08
0x00007fff528f6788:   0000000000000000 00007fff528f6850
0x00007fff528f6798:   00007fff96c9adde 00007fff7eec90d0
0x00007fff528f67a8:   0000000042000000 00007fff96ca31d1
0x00007fff528f67b8:   00007fff7f152b40 00007fff528f68b8
0x00007fff528f67c8:   00007fff528f67e8 00007fff528f6808
0x00007fff528f67d8:   0000000000000000 000000010d31e001
0x00007fff528f67e8:   0000000000000000 000000000000004d
0x00007fff528f67f8:   0000000000000000 00000000000f42e1
0x00007fff528f6808:   000000000000004f 0000000000000000
0x00007fff528f6818:   00000000000f4398 00000001528f68c0
0x00007fff528f6828:   00007fff93234261 00007fff7d6ec748
0x00007fff528f6838:   00007fff7d6ec74c 000000007d6e81b8 

Instructions: (pc=0x00007fff8f620097)
0x00007fff8f620077:   90 90 90 90 90 90 90 90 90 48 85 ff 2e 74 72 40
0x00007fff8f620087:   f6 c7 01 2e 0f 85 7e 00 00 00 4c 8b 1f 49 89 f2
0x00007fff8f620097:   45 23 53 18 49 c1 e2 04 4d 03 53 10 49 3b 32 75
0x00007fff8f6200a7:   04 41 ff 62 08 49 83 3a 00 74 74 4d 3b 53 10 74 

Register to memory mapping:

RAX=0x00007f9660551810 is an unknown value
RBX=0x00000000000f4398 is an unknown value
RCX=0x0000000000000000 is an unknown value
RDX=0x00007f966062fe60 is an unknown value
RSP=0x00007fff528f6648 is pointing into the stack for thread: 0x00007f966181c800
RBP=0x00007fff528f6650 is pointing into the stack for thread: 0x00007f966181c800
RSI=0x00007fff8ebefb9f: NSAppKitVersionNumber+0x5358f in /System/Library/Frameworks/AppKit.framework/Versions/C/AppKit at 0x00007fff8e14c000
RDI=0x00007f9660551810 is an unknown value
R8 =0x0000000000000040 is an unknown value
R9 =0x00007fff528f6600 is pointing into the stack for thread: 0x00007f966181c800
R10=0x00007fff8ebefb9f: NSAppKitVersionNumber+0x5358f in /System/Library/Frameworks/AppKit.framework/Versions/C/AppKit at 0x00007fff8e14c000
R11=0xa00007f96605dc9f is an unknown value
R12=0x00000000000f4398 is an unknown value
R13=0x00007fff528f6818 is pointing into the stack for thread: 0x00007f966181c800
R14=0x00007f96605eecc0 is an unknown value
R15=0x00007fff528f6778 is pointing into the stack for thread: 0x00007f966181c800


Stack: [0x00007fff520fb000,0x00007fff528fb000],  sp=0x00007fff528f6648,  free space=8173k
Native frames: (J=compiled Java code, j=interpreted, Vv=VM code, C=native code)
C  [libobjc.A.dylib+0x5097]  objc_msgSend+0x17
C  [CoreFoundation+0x1082d]  _CFXNotificationPost+0xb4d
C  [Foundation+0x27ba]  -[NSNotificationCenter postNotificationName:object:userInfo:]+0x44
C  [AppKit+0x10f5a9]  -[NSSurface _disposeSurface]+0x98
C  [AppKit+0x10f045]  -[NSSurface setWindow:]+0x46
C  [AppKit+0x3af27]  -[NSView _setWindow:]+0x8ea
C  [AppKit+0x3bf7a]  -[NSView removeFromSuperview]+0x15e
C  [AppKit+0x986e9]  -[NSView removeFromSuperviewWithoutNeedingDisplay]+0x26
C  [liblwjgl.dylib+0x9c3e]  +[MacOSXKeyableWindow destroyWindow]+0xde
C  [Foundation+0x6313e]  __NSThreadPerformPerform+0xe5
C  [CoreFoundation+0x7f5b1]  __CFRUNLOOP_IS_CALLING_OUT_TO_A_SOURCE0_PERFORM_FUNCTION__+0x11
C  [CoreFoundation+0x70c62]  __CFRunLoopDoSources0+0xf2
C  [CoreFoundation+0x703ef]  __CFRunLoopRun+0x33f
C  [CoreFoundation+0x6fe75]  CFRunLoopRunSpecific+0x135
C  [HIToolbox+0x2ea0d]  RunCurrentEventLoopInMode+0xe2
C  [HIToolbox+0x2e7b7]  ReceiveNextEventCommon+0x1df
C  [HIToolbox+0x2e5bc]  _BlockUntilNextEventMatchingListInModeWithFilter+0x41
C  [AppKit+0x2424e]  _DPSNextEvent+0x59a
C  [AppKit+0x2389b]  -[NSApplication nextEventMatchingMask:untilDate:inMode:dequeue:]+0x7a
C  [libosxapp.dylib+0x242a]  -[NSApplicationAWT nextEventMatchingMask:untilDate:inMode:dequeue:]+0x7c
C  [AppKit+0x1799c]  -[NSApplication run]+0x229
C  [libosxapp.dylib+0x223e]  +[NSApplicationAWT runAWTLoopWithApp:]+0x9c
C  [libawt_lwawt.dylib+0x439bb]  -[AWTStarter starter:]+0x389
C  [Foundation+0x6313e]  __NSThreadPerformPerform+0xe5
C  [CoreFoundation+0x7f5b1]  __CFRUNLOOP_IS_CALLING_OUT_TO_A_SOURCE0_PERFORM_FUNCTION__+0x11
C  [CoreFoundation+0x70c62]  __CFRunLoopDoSources0+0xf2
C  [CoreFoundation+0x703ef]  __CFRunLoopRun+0x33f
C  [CoreFoundation+0x6fe75]  CFRunLoopRunSpecific+0x135
C  [java+0x56cb]  CreateExecutionEnvironment+0x367
C  [java+0x166c]  JLI_Launch+0x7a0
C  [java+0x7689]  main+0x65
C  [java+0xec4]  start+0x34


---------------  P R O C E S S  ---------------

Java Threads: ( => current thread )
  0x00007f96612d1000 JavaThread "TimerQueue" daemon [_thread_blocked, id=56895, stack(0x000000012c777000,0x000000012c877000)]
  0x00007f9661268000 JavaThread "AWT-EventQueue-0" [_thread_blocked, id=54799, stack(0x000000012a351000,0x000000012a451000)]
  0x00007f9662178800 JavaThread "Java2D Queue Flusher" daemon [_thread_blocked, id=51207, stack(0x0000000128090000,0x0000000128190000)]
  0x00007f9661154800 JavaThread "Java2D Disposer" daemon [_thread_blocked, id=49667, stack(0x0000000127f8d000,0x000000012808d000)]
  0x00007f9662036800 JavaThread "AWT-Shutdown" [_thread_blocked, id=28939, stack(0x0000000124a85000,0x0000000124b85000)]
=>0x00007f966181c800 JavaThread "AppKit Thread" daemon [_thread_in_native, id=3335, stack(0x00007fff520fb000,0x00007fff528fb000)]
  0x00007f9660833000 JavaThread "Service Thread" daemon [_thread_blocked, id=19971, stack(0x0000000122c99000,0x0000000122d99000)]
  0x00007f966082a000 JavaThread "C1 CompilerThread2" daemon [_thread_blocked, id=19459, stack(0x0000000122b96000,0x0000000122c96000)]
  0x00007f9660823800 JavaThread "C2 CompilerThread1" daemon [_thread_blocked, id=18947, stack(0x0000000122a93000,0x0000000122b93000)]
  0x00007f9660828800 JavaThread "C2 CompilerThread0" daemon [_thread_blocked, id=18435, stack(0x0000000122990000,0x0000000122a90000)]
  0x00007f9660815800 JavaThread "Signal Dispatcher" daemon [_thread_blocked, id=17923, stack(0x000000012288d000,0x000000012298d000)]
  0x00007f9660821800 JavaThread "Finalizer" daemon [_thread_blocked, id=13059, stack(0x000000012263d000,0x000000012273d000)]
  0x00007f9660821000 JavaThread "Reference Handler" daemon [_thread_blocked, id=12547, stack(0x000000012253a000,0x000000012263a000)]
  0x00007f966080a000 JavaThread "main" [_thread_in_native, id=6915, stack(0x000000010d41a000,0x000000010d51a000)]

Other Threads:
  0x00007f966081c800 VMThread [stack: 0x0000000122437000,0x0000000122537000] [id=12035]
  0x00007f9660833800 WatcherThread [stack: 0x0000000122d9c000,0x0000000122e9c000] [id=20483]

VM state:not at safepoint (normal execution)

VM Mutex/Monitor currently owned by a thread: None

Heap:
 PSYoungGen      total 12288K, used 5939K [0x00000007aab00000, 0x00000007ac300000, 0x00000007c0000000)
  eden space 10752K, 54% used [0x00000007aab00000,0x00000007ab0b4ff8,0x00000007ab580000)
  from space 1536K, 6% used [0x00000007ac000000,0x00000007ac018000,0x00000007ac180000)
  to   space 1536K, 0% used [0x00000007ac180000,0x00000007ac180000,0x00000007ac300000)
 ParOldGen       total 64000K, used 8997K [0x0000000780000000, 0x0000000783e80000, 0x00000007aab00000)
  object space 64000K, 14% used [0x0000000780000000,0x00000007808c9718,0x0000000783e80000)
 Metaspace       used 12639K, capacity 12777K, committed 12800K, reserved 1060864K
  class space    used 1491K, capacity 1530K, committed 1536K, reserved 1048576K

Card table byte_map: [0x000000011e081000,0x000000011e282000] byte_map_base: 0x000000011a481000

Marking Bits: (ParMarkBitMap*) 0x000000010e6670a0
 Begin Bits: [0x000000011e7e4000, 0x000000011f7e4000)
 End Bits:   [0x000000011f7e4000, 0x00000001207e4000)

Polling page: 0x000000010d55e000

CodeCache: size=245760Kb used=4385Kb max_used=4396Kb free=241374Kb
 bounds [0x000000010ecc1000, 0x000000010f111000, 0x000000011dcc1000]
 total_blobs=1773 nmethods=1188 adapters=501
 compilation: enabled

Compilation events (10 events):
Event: 18.921 Thread 0x00007f966082a000 nmethod 1183 0x000000010f10a3d0 code [0x000000010f10a540, 0x000000010f10a910]
Event: 19.123 Thread 0x00007f966082a000 1184       3       javax.swing.RepaintManager::currentManager (5 bytes)
Event: 19.124 Thread 0x00007f9660823800 1187  s    4       java.util.Vector::get (23 bytes)
Event: 19.124 Thread 0x00007f966082a000 nmethod 1184 0x000000010f10aa50 code [0x000000010f10abc0, 0x000000010f10ad98]
Event: 19.124 Thread 0x00007f966082a000 1185       3       javax.swing.RepaintManager::currentManager (7 bytes)
Event: 19.124 Thread 0x00007f966082a000 nmethod 1185 0x000000010f10ae90 code [0x000000010f10b000, 0x000000010f10b198]
Event: 19.124 Thread 0x00007f966082a000 1186       1       sun.java2d.opengl.OGLSurfaceData::getType (5 bytes)
Event: 19.124 Thread 0x00007f966082a000 nmethod 1186 0x000000010f10b250 code [0x000000010f10b3a0, 0x000000010f10b4b0]
Event: 19.126 Thread 0x00007f9660823800 nmethod 1187 0x000000010f10e390 code [0x000000010f10e4e0, 0x000000010f10e778]
Event: 19.191 Thread 0x00007f9660828800 1188       4       java.nio.DirectByteBuffer::put (18 bytes)

GC Heap History (10 events):
Event: 17.044 GC heap before
{Heap before GC invocations=29 (full 0):
 PSYoungGen      total 13824K, used 13376K [0x00000007aab00000, 0x00000007ac580000, 0x00000007c0000000)
  eden space 13312K, 100% used [0x00000007aab00000,0x00000007ab800000,0x00000007ab800000)
  from space 512K, 12% used [0x00000007ac500000,0x00000007ac510000,0x00000007ac580000)
  to   space 2048K, 0% used [0x00000007ac180000,0x00000007ac180000,0x00000007ac380000)
 ParOldGen       total 64000K, used 8909K [0x0000000780000000, 0x0000000783e80000, 0x00000007aab00000)
  object space 64000K, 13% used [0x0000000780000000,0x00000007808b3718,0x0000000783e80000)
 Metaspace       used 12620K, capacity 12777K, committed 12800K, reserved 1060864K
  class space    used 1491K, capacity 1530K, committed 1536K, reserved 1048576K
Event: 17.045 GC heap after
Heap after GC invocations=29 (full 0):
 PSYoungGen      total 14848K, used 96K [0x00000007aab00000, 0x00000007ac580000, 0x00000007c0000000)
  eden space 12800K, 0% used [0x00000007aab00000,0x00000007aab00000,0x00000007ab780000)
  from space 2048K, 4% used [0x00000007ac180000,0x00000007ac198000,0x00000007ac380000)
  to   space 2048K, 0% used [0x00000007ac380000,0x00000007ac380000,0x00000007ac580000)
 ParOldGen       total 64000K, used 8925K [0x0000000780000000, 0x0000000783e80000, 0x00000007aab00000)
  object space 64000K, 13% used [0x0000000780000000,0x00000007808b7718,0x0000000783e80000)
 Metaspace       used 12620K, capacity 12777K, committed 12800K, reserved 1060864K
  class space    used 1491K, capacity 1530K, committed 1536K, reserved 1048576K
}
Event: 17.587 GC heap before
{Heap before GC invocations=30 (full 0):
 PSYoungGen      total 14848K, used 12896K [0x00000007aab00000, 0x00000007ac580000, 0x00000007c0000000)
  eden space 12800K, 100% used [0x00000007aab00000,0x00000007ab780000,0x00000007ab780000)
  from space 2048K, 4% used [0x00000007ac180000,0x00000007ac198000,0x00000007ac380000)
  to   space 2048K, 0% used [0x00000007ac380000,0x00000007ac380000,0x00000007ac580000)
 ParOldGen       total 64000K, used 8925K [0x0000000780000000, 0x0000000783e80000, 0x00000007aab00000)
  object space 64000K, 13% used [0x0000000780000000,0x00000007808b7718,0x0000000783e80000)
 Metaspace       used 12624K, capacity 12777K, committed 12800K, reserved 1060864K
  class space    used 1491K, capacity 1530K, committed 1536K, reserved 1048576K
Event: 17.588 GC heap after
Heap after GC invocations=30 (full 0):
 PSYoungGen      total 12800K, used 96K [0x00000007aab00000, 0x00000007ac400000, 0x00000007c0000000)
  eden space 12288K, 0% used [0x00000007aab00000,0x00000007aab00000,0x00000007ab700000)
  from space 512K, 18% used [0x00000007ac380000,0x00000007ac398000,0x00000007ac400000)
  to   space 2048K, 0% used [0x00000007ac000000,0x00000007ac000000,0x00000007ac200000)
 ParOldGen       total 64000K, used 8941K [0x0000000780000000, 0x0000000783e80000, 0x00000007aab00000)
  object space 64000K, 13% used [0x0000000780000000,0x00000007808bb718,0x0000000783e80000)
 Metaspace       used 12624K, capacity 12777K, committed 12800K, reserved 1060864K
  class space    used 1491K, capacity 1530K, committed 1536K, reserved 1048576K
}
Event: 18.054 GC heap before
{Heap before GC invocations=31 (full 0):
 PSYoungGen      total 12800K, used 12384K [0x00000007aab00000, 0x00000007ac400000, 0x00000007c0000000)
  eden space 12288K, 100% used [0x00000007aab00000,0x00000007ab700000,0x00000007ab700000)
  from space 512K, 18% used [0x00000007ac380000,0x00000007ac398000,0x00000007ac400000)
  to   space 2048K, 0% used [0x00000007ac000000,0x00000007ac000000,0x00000007ac200000)
 ParOldGen       total 64000K, used 8941K [0x0000000780000000, 0x0000000783e80000, 0x00000007aab00000)
  object space 64000K, 13% used [0x0000000780000000,0x00000007808bb718,0x0000000783e80000)
 Metaspace       used 12631K, capacity 12777K, committed 12800K, reserved 1060864K
  class space    used 1491K, capacity 1530K, committed 1536K, reserved 1048576K
Event: 18.054 GC heap after
Heap after GC invocations=31 (full 0):
 PSYoungGen      total 13824K, used 96K [0x00000007aab00000, 0x00000007ac400000, 0x00000007c0000000)
  eden space 11776K, 0% used [0x00000007aab00000,0x00000007aab00000,0x00000007ab680000)
  from space 2048K, 4% used [0x00000007ac000000,0x00000007ac018000,0x00000007ac200000)
  to   space 1536K, 0% used [0x00000007ac280000,0x00000007ac280000,0x00000007ac400000)
 ParOldGen       total 64000K, used 8949K [0x0000000780000000, 0x0000000783e80000, 0x00000007aab00000)
  object space 64000K, 13% used [0x0000000780000000,0x00000007808bd718,0x0000000783e80000)
 Metaspace       used 12631K, capacity 12777K, committed 12800K, reserved 1060864K
  class space    used 1491K, capacity 1530K, committed 1536K, reserved 1048576K
}
Event: 18.569 GC heap before
{Heap before GC invocations=32 (full 0):
 PSYoungGen      total 13824K, used 11872K [0x00000007aab00000, 0x00000007ac400000, 0x00000007c0000000)
  eden space 11776K, 100% used [0x00000007aab00000,0x00000007ab680000,0x00000007ab680000)
  from space 2048K, 4% used [0x00000007ac000000,0x00000007ac018000,0x00000007ac200000)
  to   space 1536K, 0% used [0x00000007ac280000,0x00000007ac280000,0x00000007ac400000)
 ParOldGen       total 64000K, used 8949K [0x0000000780000000, 0x0000000783e80000, 0x00000007aab00000)
  object space 64000K, 13% used [0x0000000780000000,0x00000007808bd718,0x0000000783e80000)
 Metaspace       used 12632K, capacity 12777K, committed 12800K, reserved 1060864K
  class space    used 1491K, capacity 1530K, committed 1536K, reserved 1048576K
Event: 18.570 GC heap after
Heap after GC invocations=32 (full 0):
 PSYoungGen      total 11776K, used 128K [0x00000007aab00000, 0x00000007ac300000, 0x00000007c0000000)
  eden space 11264K, 0% used [0x00000007aab00000,0x00000007aab00000,0x00000007ab600000)
  from space 512K, 25% used [0x00000007ac280000,0x00000007ac2a0000,0x00000007ac300000)
  to   space 1536K, 0% used [0x00000007ac000000,0x00000007ac000000,0x00000007ac180000)
 ParOldGen       total 64000K, used 8973K [0x0000000780000000, 0x0000000783e80000, 0x00000007aab00000)
  object space 64000K, 14% used [0x0000000780000000,0x00000007808c3718,0x0000000783e80000)
 Metaspace       used 12632K, capacity 12777K, committed 12800K, reserved 1060864K
  class space    used 1491K, capacity 1530K, committed 1536K, reserved 1048576K
}
Event: 18.983 GC heap before
{Heap before GC invocations=33 (full 0):
 PSYoungGen      total 11776K, used 11392K [0x00000007aab00000, 0x00000007ac300000, 0x00000007c0000000)
  eden space 11264K, 100% used [0x00000007aab00000,0x00000007ab600000,0x00000007ab600000)
  from space 512K, 25% used [0x00000007ac280000,0x00000007ac2a0000,0x00000007ac300000)
  to   space 1536K, 0% used [0x00000007ac000000,0x00000007ac000000,0x00000007ac180000)
 ParOldGen       total 64000K, used 8973K [0x0000000780000000, 0x0000000783e80000, 0x00000007aab00000)
  object space 64000K, 14% used [0x0000000780000000,0x00000007808c3718,0x0000000783e80000)
 Metaspace       used 12633K, capacity 12777K, committed 12800K, reserved 1060864K
  class space    used 1491K, capacity 1530K, committed 1536K, reserved 1048576K
Event: 18.984 GC heap after
Heap after GC invocations=33 (full 0):
 PSYoungGen      total 12288K, used 96K [0x00000007aab00000, 0x00000007ac300000, 0x00000007c0000000)
  eden space 10752K, 0% used [0x00000007aab00000,0x00000007aab00000,0x00000007ab580000)
  from space 1536K, 6% used [0x00000007ac000000,0x00000007ac018000,0x00000007ac180000)
  to   space 1536K, 0% used [0x00000007ac180000,0x00000007ac180000,0x00000007ac300000)
 ParOldGen       total 64000K, used 8997K [0x0000000780000000, 0x0000000783e80000, 0x00000007aab00000)
  object space 64000K, 14% used [0x0000000780000000,0x00000007808c9718,0x0000000783e80000)
 Metaspace       used 12633K, capacity 12777K, committed 12800K, reserved 1060864K
  class space    used 1491K, capacity 1530K, committed 1536K, reserved 1048576K
}

Deoptimization events (10 events):
Event: 2.427 Thread 0x00007f966080a000 Uncommon trap: reason=unloaded action=reinterpret pc=0x000000010ef3cc90 method=nu.sebka.craftsource.World.<init>()V @ 578
Event: 9.702 Thread 0x00007f9661268000 Uncommon trap: reason=class_check action=maybe_recompile pc=0x000000010ee80c98 method=java.lang.String.equals(Ljava/lang/Object;)Z @ 8
Event: 9.702 Thread 0x00007f9661268000 Uncommon trap: reason=class_check action=maybe_recompile pc=0x000000010ee80c98 method=java.lang.String.equals(Ljava/lang/Object;)Z @ 8
Event: 9.702 Thread 0x00007f9661268000 Uncommon trap: reason=class_check action=maybe_recompile pc=0x000000010ee80c98 method=java.lang.String.equals(Ljava/lang/Object;)Z @ 8
Event: 10.108 Thread 0x00007f966080a000 Uncommon trap: reason=unreached action=reinterpret pc=0x000000010f003e00 method=nu.sebka.craftsource.World.getBlockAt(DDD)Lnu/sebka/craftsource/blocks/Block; @ 13
Event: 11.782 Thread 0x00007f966080a000 Uncommon trap: reason=unreached action=reinterpret pc=0x000000010f01054c method=nu.sebka.craftsource.Camera.getFacingBlock()Lnu/sebka/craftsource/blocks/Block; @ 123
Event: 11.782 Thread 0x00007f966080a000 Uncommon trap: reason=unreached action=reinterpret pc=0x000000010f05f4c4 method=nu.sebka.craftsource.Camera.getFacingBlock()Lnu/sebka/craftsource/blocks/Block; @ 123
Event: 11.783 Thread 0x00007f966080a000 Uncommon trap: reason=unreached action=reinterpret pc=0x000000010f05e4c4 method=nu.sebka.craftsource.core.Location.equals(Ljava/lang/Object;)Z @ 2
Event: 13.275 Thread 0x00007f966080a000 Uncommon trap: reason=unreached action=reinterpret pc=0x000000010f0a05d8 method=nu.sebka.craftsource.blocks.Block.draw()V @ 130
Event: 15.285 Thread 0x00007f966080a000 Uncommon trap: reason=unreached action=reinterpret pc=0x000000010f0bbcfc method=nu.sebka.craftsource.blocks.Block.draw()V @ 159

Internal exceptions (10 events):
Event: 10.029 Thread 0x00007f966080a000 Exception <a 'java/security/PrivilegedActionException'> (0x00000007ab17bc28) thrown at [/HUDSON3/workspace/8-2-build-macosx-x86_64/jdk8u11/648/hotspot/src/share/vm/prims/jvm.cpp, line 1248]
Event: 10.029 Thread 0x00007f966080a000 Exception <a 'java/security/PrivilegedActionException'> (0x00000007ab17ff50) thrown at [/HUDSON3/workspace/8-2-build-macosx-x86_64/jdk8u11/648/hotspot/src/share/vm/prims/jvm.cpp, line 1248]
Event: 10.029 Thread 0x00007f966080a000 Exception <a 'java/security/PrivilegedActionException'> (0x00000007ab1842a8) thrown at [/HUDSON3/workspace/8-2-build-macosx-x86_64/jdk8u11/648/hotspot/src/share/vm/prims/jvm.cpp, line 1248]
Event: 10.030 Thread 0x00007f966080a000 Exception <a 'java/security/PrivilegedActionException'> (0x00000007ab1884d8) thrown at [/HUDSON3/workspace/8-2-build-macosx-x86_64/jdk8u11/648/hotspot/src/share/vm/prims/jvm.cpp, line 1248]
Event: 10.030 Thread 0x00007f966080a000 Exception <a 'java/security/PrivilegedActionException'> (0x00000007ab18c4b8) thrown at [/HUDSON3/workspace/8-2-build-macosx-x86_64/jdk8u11/648/hotspot/src/share/vm/prims/jvm.cpp, line 1248]
Event: 10.037 Thread 0x00007f966080a000 Exception <a 'java/security/PrivilegedActionException'> (0x00000007ab3d4c10) thrown at [/HUDSON3/workspace/8-2-build-macosx-x86_64/jdk8u11/648/hotspot/src/share/vm/prims/jvm.cpp, line 1248]
Event: 10.106 Thread 0x00007f966080a000 Exception <a 'java/security/PrivilegedActionException'> (0x00000007ab41b3b0) thrown at [/HUDSON3/workspace/8-2-build-macosx-x86_64/jdk8u11/648/hotspot/src/share/vm/prims/jvm.cpp, line 1248]
Event: 10.107 Thread 0x00007f966080a000 Exception <a 'java/security/PrivilegedActionException'> (0x00000007ab420348) thrown at [/HUDSON3/workspace/8-2-build-macosx-x86_64/jdk8u11/648/hotspot/src/share/vm/prims/jvm.cpp, line 1248]
Event: 11.832 Thread 0x00007f966080a000 Exception <a 'java/security/PrivilegedActionException'> (0x00000007aac08bf8) thrown at [/HUDSON3/workspace/8-2-build-macosx-x86_64/jdk8u11/648/hotspot/src/share/vm/prims/jvm.cpp, line 1248]
Event: 19.190 Thread 0x00007f966080a000 Exception <a 'java/security/PrivilegedActionException'> (0x00000007ab07be38) thrown at [/HUDSON3/workspace/8-2-build-macosx-x86_64/jdk8u11/648/hotspot/src/share/vm/prims/jvm.cpp, line 1248]

Events (10 events):
Event: 17.587 Executing VM operation: ParallelGCFailedAllocation
Event: 17.588 Executing VM operation: ParallelGCFailedAllocation done
Event: 18.054 Executing VM operation: ParallelGCFailedAllocation
Event: 18.054 Executing VM operation: ParallelGCFailedAllocation done
Event: 18.569 Executing VM operation: ParallelGCFailedAllocation
Event: 18.570 Executing VM operation: ParallelGCFailedAllocation done
Event: 18.983 Executing VM operation: ParallelGCFailedAllocation
Event: 18.984 Executing VM operation: ParallelGCFailedAllocation done
Event: 19.190 loading class org/lwjgl/opengl/CallbackUtil
Event: 19.190 loading class org/lwjgl/opengl/CallbackUtil done


Dynamic libraries:
0x000000000d26f000 	/System/Library/Frameworks/Cocoa.framework/Versions/A/Cocoa
0x000000000d26f000 	/System/Library/Frameworks/Security.framework/Versions/A/Security
0x000000000d26f000 	/System/Library/Frameworks/ApplicationServices.framework/Versions/A/ApplicationServices
0x000000000d26f000 	/usr/lib/libz.1.dylib
0x000000000d26f000 	/usr/lib/libSystem.B.dylib
0x000000000d26f000 	/usr/lib/libobjc.A.dylib
0x000000000d26f000 	/System/Library/Frameworks/CoreFoundation.framework/Versions/A/CoreFoundation
0x000000000d26f000 	/System/Library/Frameworks/Foundation.framework/Versions/C/Foundation
0x000000000d26f000 	/System/Library/Frameworks/AppKit.framework/Versions/C/AppKit
0x000000000d26f000 	/System/Library/Frameworks/CoreData.framework/Versions/A/CoreData
0x000000000d26f000 	/System/Library/PrivateFrameworks/RemoteViewServices.framework/Versions/A/RemoteViewServices
0x000000000d26f000 	/System/Library/Frameworks/AudioToolbox.framework/Versions/A/AudioToolbox
0x000000000d26f000 	/System/Library/Frameworks/AudioUnit.framework/Versions/A/AudioUnit
0x000000000d26f000 	/System/Library/PrivateFrameworks/DataDetectorsCore.framework/Versions/A/DataDetectorsCore
0x000000000d26f000 	/System/Library/PrivateFrameworks/DesktopServicesPriv.framework/Versions/A/DesktopServicesPriv
0x000000000d26f000 	/System/Library/Frameworks/Carbon.framework/Versions/A/Frameworks/HIToolbox.framework/Versions/A/HIToolbox
0x000000000d26f000 	/System/Library/Frameworks/QuartzCore.framework/Versions/A/QuartzCore
0x000000000d26f000 	/System/Library/Frameworks/Carbon.framework/Versions/A/Frameworks/SpeechRecognition.framework/Versions/A/SpeechRecognition
0x000000000d26f000 	/usr/lib/libauto.dylib
0x000000000d26f000 	/usr/lib/libicucore.A.dylib
0x000000000d26f000 	/usr/lib/libxml2.2.dylib
0x000000000d26f000 	/System/Library/PrivateFrameworks/CoreUI.framework/Versions/A/CoreUI
0x000000000d26f000 	/System/Library/Frameworks/CoreAudio.framework/Versions/A/CoreAudio
0x000000000d26f000 	/System/Library/Frameworks/DiskArbitration.framework/Versions/A/DiskArbitration
0x000000000d26f000 	/usr/lib/liblangid.dylib
0x000000000d26f000 	/System/Library/PrivateFrameworks/MultitouchSupport.framework/Versions/A/MultitouchSupport
0x000000000d26f000 	/System/Library/Frameworks/IOKit.framework/Versions/A/IOKit
0x000000000d26f000 	/usr/lib/libDiagnosticMessagesClient.dylib
0x000000000d26f000 	/System/Library/Frameworks/CoreServices.framework/Versions/A/CoreServices
0x000000000d26f000 	/System/Library/PrivateFrameworks/PerformanceAnalysis.framework/Versions/A/PerformanceAnalysis
0x000000000d26f000 	/System/Library/PrivateFrameworks/GenerationalStorage.framework/Versions/A/GenerationalStorage
0x000000000d26f000 	/System/Library/Frameworks/OpenGL.framework/Versions/A/OpenGL
0x000000000d26f000 	/System/Library/PrivateFrameworks/Sharing.framework/Versions/A/Sharing
0x000000000d26f000 	/System/Library/Frameworks/ImageIO.framework/Versions/A/ImageIO
0x000000000d26f000 	/System/Library/Frameworks/CoreText.framework/Versions/A/CoreText
0x000000000d26f000 	/System/Library/Frameworks/CoreGraphics.framework/Versions/A/CoreGraphics
0x000000000d26f000 	/System/Library/PrivateFrameworks/Backup.framework/Versions/A/Backup
0x000000000d26f000 	/System/Library/Frameworks/CFNetwork.framework/Versions/A/CFNetwork
0x000000000d26f000 	/System/Library/Frameworks/SystemConfiguration.framework/Versions/A/SystemConfiguration
0x000000000d26f000 	/usr/lib/libCRFSuite.dylib
0x000000000d26f000 	/usr/lib/libc++.1.dylib
0x000000000d26f000 	/usr/lib/libc++abi.dylib
0x000000000d26f000 	/usr/lib/system/libcache.dylib
0x000000000d26f000 	/usr/lib/system/libcommonCrypto.dylib
0x000000000d26f000 	/usr/lib/system/libcompiler_rt.dylib
0x000000000d26f000 	/usr/lib/system/libcopyfile.dylib
0x000000000d26f000 	/usr/lib/system/libcorecrypto.dylib
0x000000000d26f000 	/usr/lib/system/libdispatch.dylib
0x000000000d26f000 	/usr/lib/system/libdyld.dylib
0x000000000d26f000 	/usr/lib/system/libkeymgr.dylib
0x000000000d26f000 	/usr/lib/system/liblaunch.dylib
0x000000000d26f000 	/usr/lib/system/libmacho.dylib
0x000000000d26f000 	/usr/lib/system/libquarantine.dylib
0x000000000d26f000 	/usr/lib/system/libremovefile.dylib
0x000000000d26f000 	/usr/lib/system/libsystem_asl.dylib
0x000000000d26f000 	/usr/lib/system/libsystem_blocks.dylib
0x000000000d26f000 	/usr/lib/system/libsystem_c.dylib
0x000000000d26f000 	/usr/lib/system/libsystem_configuration.dylib
0x000000000d26f000 	/usr/lib/system/libsystem_dnssd.dylib
0x000000000d26f000 	/usr/lib/system/libsystem_info.dylib
0x000000000d26f000 	/usr/lib/system/libsystem_kernel.dylib
0x000000000d26f000 	/usr/lib/system/libsystem_m.dylib
0x000000000d26f000 	/usr/lib/system/libsystem_malloc.dylib
0x000000000d26f000 	/usr/lib/system/libsystem_network.dylib
0x000000000d26f000 	/usr/lib/system/libsystem_notify.dylib
0x000000000d26f000 	/usr/lib/system/libsystem_platform.dylib
0x000000000d26f000 	/usr/lib/system/libsystem_pthread.dylib
0x000000000d26f000 	/usr/lib/system/libsystem_sandbox.dylib
0x000000000d26f000 	/usr/lib/system/libsystem_stats.dylib
0x000000000d26f000 	/usr/lib/system/libunc.dylib
0x000000000d26f000 	/usr/lib/system/libunwind.dylib
0x000000000d26f000 	/usr/lib/system/libxpc.dylib
0x000000000d26f000 	/usr/lib/libbsm.0.dylib
0x000000000d26f000 	/usr/lib/libsqlite3.dylib
0x000000000d26f000 	/usr/lib/libxar.1.dylib
0x000000000d26f000 	/usr/lib/libpam.2.dylib
0x000000000d26f000 	/usr/lib/libOpenScriptingUtil.dylib
0x000000000d26f000 	/usr/lib/libbz2.1.0.dylib
0x000000000d26f000 	/System/Library/Frameworks/CoreServices.framework/Versions/A/Frameworks/CarbonCore.framework/Versions/A/CarbonCore
0x000000000d26f000 	/System/Library/Frameworks/CoreServices.framework/Versions/A/Frameworks/Metadata.framework/Versions/A/Metadata
0x000000000d26f000 	/System/Library/Frameworks/CoreServices.framework/Versions/A/Frameworks/OSServices.framework/Versions/A/OSServices
0x000000000d26f000 	/System/Library/Frameworks/CoreServices.framework/Versions/A/Frameworks/SearchKit.framework/Versions/A/SearchKit
0x000000000d26f000 	/System/Library/Frameworks/CoreServices.framework/Versions/A/Frameworks/AE.framework/Versions/A/AE
0x000000000d26f000 	/System/Library/Frameworks/CoreServices.framework/Versions/A/Frameworks/LaunchServices.framework/Versions/A/LaunchServices
0x000000000d26f000 	/System/Library/Frameworks/CoreServices.framework/Versions/A/Frameworks/DictionaryServices.framework/Versions/A/DictionaryServices
0x000000000d26f000 	/System/Library/Frameworks/NetFS.framework/Versions/A/NetFS
0x000000000d26f000 	/usr/lib/system/libkxld.dylib
0x000000000d26f000 	/System/Library/PrivateFrameworks/NetAuth.framework/Versions/A/NetAuth
0x000000000d26f000 	/System/Library/PrivateFrameworks/TCC.framework/Versions/A/TCC
0x000000000d26f000 	/System/Library/Frameworks/OpenDirectory.framework/Versions/A/Frameworks/CFOpenDirectory.framework/Versions/A/CFOpenDirectory
0x000000000d26f000 	/System/Library/Frameworks/ServiceManagement.framework/Versions/A/ServiceManagement
0x000000000d26f000 	/usr/lib/libxslt.1.dylib
0x000000000d26f000 	/System/Library/Frameworks/Carbon.framework/Versions/A/Frameworks/Ink.framework/Versions/A/Ink
0x000000000d26f000 	/System/Library/Frameworks/ApplicationServices.framework/Versions/A/Frameworks/ATS.framework/Versions/A/ATS
0x000000000d26f000 	/System/Library/Frameworks/ApplicationServices.framework/Versions/A/Frameworks/ColorSync.framework/Versions/A/ColorSync
0x000000000d26f000 	/System/Library/Frameworks/ApplicationServices.framework/Versions/A/Frameworks/HIServices.framework/Versions/A/HIServices
0x000000000d26f000 	/System/Library/Frameworks/ApplicationServices.framework/Versions/A/Frameworks/LangAnalysis.framework/Versions/A/LangAnalysis
0x000000000d26f000 	/System/Library/Frameworks/ApplicationServices.framework/Versions/A/Frameworks/PrintCore.framework/Versions/A/PrintCore
0x000000000d26f000 	/System/Library/Frameworks/ApplicationServices.framework/Versions/A/Frameworks/QD.framework/Versions/A/QD
0x000000000d26f000 	/System/Library/Frameworks/ApplicationServices.framework/Versions/A/Frameworks/SpeechSynthesis.framework/Versions/A/SpeechSynthesis
0x000000000d26f000 	/System/Library/Frameworks/IOSurface.framework/Versions/A/IOSurface
0x000000000d26f000 	/System/Library/Frameworks/Accelerate.framework/Versions/A/Accelerate
0x000000000d26f000 	/System/Library/Frameworks/Accelerate.framework/Versions/A/Frameworks/vImage.framework/Versions/A/vImage
0x000000000d26f000 	/System/Library/Frameworks/Accelerate.framework/Versions/A/Frameworks/vecLib.framework/Versions/A/vecLib
0x000000000d26f000 	/System/Library/Frameworks/Accelerate.framework/Versions/A/Frameworks/vecLib.framework/Versions/A/libvDSP.dylib
0x000000000d26f000 	/System/Library/Frameworks/Accelerate.framework/Versions/A/Frameworks/vecLib.framework/Versions/A/libvMisc.dylib
0x000000000d26f000 	/System/Library/Frameworks/Accelerate.framework/Versions/A/Frameworks/vecLib.framework/Versions/A/libLAPACK.dylib
0x000000000d26f000 	/System/Library/Frameworks/Accelerate.framework/Versions/A/Frameworks/vecLib.framework/Versions/A/libBLAS.dylib
0x000000000d26f000 	/System/Library/Frameworks/ApplicationServices.framework/Versions/A/Frameworks/ATS.framework/Versions/A/Resources/libFontParser.dylib
0x000000000d26f000 	/System/Library/Frameworks/ApplicationServices.framework/Versions/A/Frameworks/ATS.framework/Versions/A/Resources/libFontRegistry.dylib
0x000000000d26f000 	/System/Library/Frameworks/ImageIO.framework/Versions/A/Resources/libJPEG.dylib
0x000000000d26f000 	/System/Library/Frameworks/ImageIO.framework/Versions/A/Resources/libTIFF.dylib
0x000000000d26f000 	/System/Library/Frameworks/ImageIO.framework/Versions/A/Resources/libPng.dylib
0x000000000d26f000 	/System/Library/Frameworks/ImageIO.framework/Versions/A/Resources/libGIF.dylib
0x000000000d26f000 	/System/Library/Frameworks/ImageIO.framework/Versions/A/Resources/libJP2.dylib
0x000000000d26f000 	/System/Library/Frameworks/ImageIO.framework/Versions/A/Resources/libRadiance.dylib
0x000000000d26f000 	/usr/lib/libcups.2.dylib
0x000000000d26f000 	/System/Library/Frameworks/Kerberos.framework/Versions/A/Kerberos
0x000000000d26f000 	/System/Library/Frameworks/GSS.framework/Versions/A/GSS
0x000000000d26f000 	/usr/lib/libresolv.9.dylib
0x000000000d26f000 	/usr/lib/libiconv.2.dylib
0x000000000d26f000 	/System/Library/PrivateFrameworks/Heimdal.framework/Versions/A/Heimdal
0x000000000d26f000 	/System/Library/PrivateFrameworks/TrustEvaluationAgent.framework/Versions/A/TrustEvaluationAgent
0x000000000d26f000 	/usr/lib/libheimdal-asn1.dylib
0x000000000d26f000 	/System/Library/Frameworks/OpenDirectory.framework/Versions/A/OpenDirectory
0x000000000d26f000 	/System/Library/PrivateFrameworks/CommonAuth.framework/Versions/A/CommonAuth
0x000000000d26f000 	/System/Library/Frameworks/SecurityFoundation.framework/Versions/A/SecurityFoundation
0x000000000d26f000 	/System/Library/PrivateFrameworks/Bom.framework/Versions/A/Bom
0x000000000d26f000 	/System/Library/Frameworks/CoreVideo.framework/Versions/A/CoreVideo
0x000000000d26f000 	/System/Library/Frameworks/QuartzCore.framework/Versions/A/Frameworks/CoreImage.framework/Versions/A/CoreImage
0x000000000d26f000 	/System/Library/Frameworks/QuartzCore.framework/Versions/A/Frameworks/ScalableUserInterface.framework/Versions/A/ScalableUserInterface
0x000000000d26f000 	/System/Library/Frameworks/OpenGL.framework/Versions/A/Libraries/libGLU.dylib
0x000000000d26f000 	/System/Library/Frameworks/OpenGL.framework/Versions/A/Libraries/libGFXShared.dylib
0x000000000d26f000 	/System/Library/Frameworks/OpenGL.framework/Versions/A/Libraries/libGL.dylib
0x000000000d26f000 	/System/Library/Frameworks/OpenGL.framework/Versions/A/Libraries/libGLImage.dylib
0x000000000d26f000 	/System/Library/Frameworks/OpenGL.framework/Versions/A/Libraries/libCVMSPluginSupport.dylib
0x000000000d26f000 	/System/Library/Frameworks/OpenGL.framework/Versions/A/Libraries/libCoreVMClient.dylib
0x000000000d26f000 	/System/Library/PrivateFrameworks/FaceCore.framework/Versions/A/FaceCore
0x000000000d26f000 	/System/Library/PrivateFrameworks/CrashReporterSupport.framework/Versions/A/CrashReporterSupport
0x000000000d26f000 	/System/Library/Frameworks/OpenCL.framework/Versions/A/OpenCL
0x000000000d26f000 	/System/Library/PrivateFrameworks/AppleFSCompression.framework/Versions/A/AppleFSCompression
0x000000000d26f000 	/System/Library/PrivateFrameworks/Ubiquity.framework/Versions/A/Ubiquity
0x000000000d26f000 	/System/Library/PrivateFrameworks/IconServices.framework/Versions/A/IconServices
0x000000000d26f000 	/System/Library/PrivateFrameworks/ChunkingLibrary.framework/Versions/A/ChunkingLibrary
0x000000000d26f000 	/System/Library/PrivateFrameworks/CoreSymbolication.framework/Versions/A/CoreSymbolication
0x000000000d26f000 	/System/Library/PrivateFrameworks/Symbolication.framework/Versions/A/Symbolication
0x000000000d26f000 	/System/Library/PrivateFrameworks/DebugSymbols.framework/Versions/A/DebugSymbols
0x000000010de00000 	/Library/Java/JavaVirtualMachines/jdk1.8.0_11.jdk/Contents/Home/jre/lib/server/libjvm.dylib
0x000000000d26f000 	/usr/lib/libstdc++.6.dylib
0x000000010d51c000 	/Library/Java/JavaVirtualMachines/jdk1.8.0_11.jdk/Contents/Home/jre/lib/libverify.dylib
0x000000010d52a000 	/Library/Java/JavaVirtualMachines/jdk1.8.0_11.jdk/Contents/Home/jre/lib/libjava.dylib
0x000000010d568000 	/Library/Java/JavaVirtualMachines/jdk1.8.0_11.jdk/Contents/Home/jre/lib/libzip.dylib
0x000000012273f000 	/System/Library/Frameworks/JavaVM.framework/Frameworks/JavaRuntimeSupport.framework/JavaRuntimeSupport
0x0000000122757000 	/System/Library/Frameworks/JavaVM.framework/Versions/A/Frameworks/JavaNativeFoundation.framework/Versions/A/JavaNativeFoundation
0x000000012276c000 	/System/Library/Frameworks/JavaVM.framework/Versions/A/JavaVM
0x000000000d26f000 	/System/Library/Frameworks/Carbon.framework/Versions/A/Carbon
0x0000000122779000 	/System/Library/PrivateFrameworks/JavaLaunching.framework/Versions/A/JavaLaunching
0x000000000d26f000 	/System/Library/Frameworks/Carbon.framework/Versions/A/Frameworks/CommonPanels.framework/Versions/A/CommonPanels
0x000000000d26f000 	/System/Library/Frameworks/Carbon.framework/Versions/A/Frameworks/Help.framework/Versions/A/Help
0x000000000d26f000 	/System/Library/Frameworks/Carbon.framework/Versions/A/Frameworks/ImageCapture.framework/Versions/A/ImageCapture
0x000000000d26f000 	/System/Library/Frameworks/Carbon.framework/Versions/A/Frameworks/OpenScripting.framework/Versions/A/OpenScripting
0x000000000d26f000 	/System/Library/Frameworks/Carbon.framework/Versions/A/Frameworks/Print.framework/Versions/A/Print
0x000000000d26f000 	/System/Library/Frameworks/Carbon.framework/Versions/A/Frameworks/SecurityHI.framework/Versions/A/SecurityHI
0x0000000122efe000 	/Library/Java/JavaVirtualMachines/jdk1.8.0_11.jdk/Contents/Home/jre/lib/libawt.dylib
0x0000000122fad000 	/Library/Java/JavaVirtualMachines/jdk1.8.0_11.jdk/Contents/Home/jre/lib/./libmlib_image.dylib
0x0000000123079000 	/Library/Java/JavaVirtualMachines/jdk1.8.0_11.jdk/Contents/Home/jre/lib/libawt_lwawt.dylib
0x000000012312b000 	/Library/Java/JavaVirtualMachines/jdk1.8.0_11.jdk/Contents/Home/jre/lib/./libosxapp.dylib
0x000000000d26f000 	/System/Library/Frameworks/ExceptionHandling.framework/Versions/A/ExceptionHandling
0x000000000d26f000 	/System/Library/PrivateFrameworks/CoreServicesInternal.framework/Versions/A/CoreServicesInternal
0x000000000d26f000 	/System/Library/PrivateFrameworks/Librarian.framework/Versions/A/Librarian
0x000000000d26f000 	/System/Library/Frameworks/CoreGraphics.framework/Versions/A/Resources/libCGCMS.A.dylib
0x000000000d26f000 	/System/Library/Frameworks/CoreGraphics.framework/Versions/A/Resources/libRIP.A.dylib
0x000000000d26f000 	/System/Library/Frameworks/CoreGraphics.framework/Versions/A/Resources/libCGXType.A.dylib
0x000000000d26f000 	/System/Library/PrivateFrameworks/FamilyControls.framework/Versions/A/FamilyControls
0x000000000d26f000 	/System/Library/PrivateFrameworks/CommerceKit.framework/Versions/A/Frameworks/CommerceCore.framework/Versions/A/CommerceCore
0x000000000d26f000 	/System/Library/PrivateFrameworks/SystemAdministration.framework/Versions/A/SystemAdministration
0x000000000d26f000 	/System/Library/Frameworks/DirectoryService.framework/Versions/A/DirectoryService
0x000000000d26f000 	/System/Library/PrivateFrameworks/DiskImages.framework/Versions/A/DiskImages
0x000000000d26f000 	/System/Library/PrivateFrameworks/LoginUIKit.framework/Versions/A/Frameworks/LoginUICore.framework/Versions/A/LoginUICore
0x000000000d26f000 	/usr/lib/libCoreStorage.dylib
0x000000000d26f000 	/usr/lib/libcsfde.dylib
0x000000000d26f000 	/usr/lib/libodfde.dylib
0x000000000d26f000 	/System/Library/Frameworks/DiscRecording.framework/Versions/A/DiscRecording
0x000000000d26f000 	/usr/lib/libcurl.4.dylib
0x000000000d26f000 	/System/Library/PrivateFrameworks/MediaKit.framework/Versions/A/MediaKit
0x000000000d26f000 	/System/Library/PrivateFrameworks/EFILogin.framework/Versions/A/EFILogin
0x000000000d26f000 	/usr/lib/libutil.dylib
0x000000000d26f000 	/System/Library/PrivateFrameworks/AOSNotification.framework/Versions/A/AOSNotification
0x000000000d26f000 	/System/Library/Frameworks/LDAP.framework/Versions/A/LDAP
0x000000000d26f000 	/usr/lib/libsasl2.2.dylib
0x000000000d26f000 	/usr/lib/libcrypto.0.9.8.dylib
0x000000000d26f000 	/usr/lib/libssl.0.9.8.dylib
0x00000001270b7000 	/Library/Java/JavaVirtualMachines/jdk1.8.0_11.jdk/Contents/Home/jre/lib/libfontmanager.dylib
0x000000012711d000 	/Users/sebastiankarlsson/Documents/workspace/CraftSource/natives/macosx/liblwjgl.dylib
0x00000001248b9000 	/Library/Java/JavaVirtualMachines/jdk1.8.0_11.jdk/Contents/Home/jre/lib/libjawt.dylib
0x000000000d26f000 	/System/Library/Frameworks/OpenGL.framework/Versions/A/Resources/GLEngine.bundle/GLEngine
0x000000000d26f000 	/System/Library/Frameworks/OpenGL.framework/Versions/A/Libraries/libGLProgrammability.dylib
0x0000000000000000 	/System/Library/Extensions/AppleIntelHD5000GraphicsGLDriver.bundle/Contents/MacOS/AppleIntelHD5000GraphicsGLDriver
0x000000000d26f000 	/System/Library/PrivateFrameworks/IOAccelerator.framework/Versions/A/IOAccelerator
0x000000000d26f000 	/System/Library/PrivateFrameworks/GPUSupport.framework/Versions/A/Libraries/libGPUSupportMercury.dylib
0x000000000d26f000 	/System/Library/Frameworks/OpenGL.framework/Versions/A/Resources/GLRendererFloat.bundle/GLRendererFloat
0x000000000d26f000 	/System/Library/Frameworks/OpenCL.framework/Versions/A/Libraries/libcldcpuengine.dylib
0x0000000127f67000 	/Library/Java/JavaVirtualMachines/jdk1.8.0_11.jdk/Contents/Home/jre/lib/libnio.dylib
0x0000000127f76000 	/Library/Java/JavaVirtualMachines/jdk1.8.0_11.jdk/Contents/Home/jre/lib/./libnet.dylib
0x0000000127ea6000 	/Library/Java/JavaVirtualMachines/jdk1.8.0_11.jdk/Contents/Home/jre/lib/libosxui.dylib
0x000000012c6a1000 	/Library/Java/JavaVirtualMachines/jdk1.8.0_11.jdk/Contents/Home/jre/lib/libosx.dylib

VM Arguments:
jvm_args: -Dfile.encoding=UTF-8 
java_command: nu.sebka.craftsource.CraftSource
java_class_path (initial): /Users/sebastiankarlsson/Documents/workspace/CraftSource/target/classes:/Users/sebastiankarlsson/Documents/workspace/CraftSource/lib/slick-util.jar:/Users/sebastiankarlsson/Documents/lwjgl/lwjgl-2.9.1/jar/lwjgl_util.jar:/Users/sebastiankarlsson/Documents/lwjgl/lwjgl-2.9.1/jar/lwjgl.jar
Launcher Type: SUN_STANDARD

Environment Variables:
PATH=/usr/bin:/bin:/usr/sbin:/sbin
SHELL=/bin/bash

Signal Handlers:
SIGSEGV: [libjvm.dylib+0x56059b], sa_mask[0]=0xfffefeff, sa_flags=0x00000043
SIGBUS: [libjvm.dylib+0x56059b], sa_mask[0]=0xfffefeff, sa_flags=0x00000042
SIGFPE: [libjvm.dylib+0x4438f2], sa_mask[0]=0xfffefeff, sa_flags=0x00000042
SIGPIPE: [libjvm.dylib+0x4438f2], sa_mask[0]=0xfffefeff, sa_flags=0x00000042
SIGXFSZ: [libjvm.dylib+0x4438f2], sa_mask[0]=0xfffefeff, sa_flags=0x00000042
SIGILL: [libjvm.dylib+0x4438f2], sa_mask[0]=0xfffefeff, sa_flags=0x00000042
SIGUSR1: SIG_DFL, sa_mask[0]=0x00000000, sa_flags=0x00000002
SIGUSR2: [libjvm.dylib+0x443410], sa_mask[0]=0x00000004, sa_flags=0x00000042
SIGHUP: [libjvm.dylib+0x44179b], sa_mask[0]=0xfffefeff, sa_flags=0x00000042
SIGINT: [libjvm.dylib+0x44179b], sa_mask[0]=0xfffefeff, sa_flags=0x00000042
SIGTERM: [libjvm.dylib+0x44179b], sa_mask[0]=0xfffefeff, sa_flags=0x00000042
SIGQUIT: [libjvm.dylib+0x44179b], sa_mask[0]=0xfffefeff, sa_flags=0x00000042


---------------  S Y S T E M  ---------------

OS:Bsduname:Darwin 13.3.0 Darwin Kernel Version 13.3.0: Tue Jun  3 21:27:35 PDT 2014; root:xnu-2422.110.17~1/RELEASE_X86_64 x86_64
rlimit: STACK 8192k, CORE 0k, NPROC 709, NOFILE 10240, AS infinity
load average:2.27 2.10 2.11

CPU:total 4 (2 cores per cpu, 2 threads per core) family 6 model 69 stepping 1, cmov, cx8, fxsr, mmx, sse, sse2, sse3, ssse3, sse4.1, sse4.2, popcnt, avx, avx2, aes, clmul, erms, ht, tsc, tscinvbit

Memory: 4k page, physical 4194304k(246208k free)

/proc/meminfo:


vm_info: Java HotSpot(TM) 64-Bit Server VM (25.11-b03) for bsd-amd64 JRE (1.8.0_11-b12), built on Jun 16 2014 17:39:42 by "java_re" with gcc 4.2.1 (Based on Apple Inc. build 5658) (LLVM build 2336.11.00)

time: Thu Sep 18 07:07:00 2014
elapsed time: 19 seconds

