#
# A fatal error has been detected by the Java Runtime Environment:
#
#  SIGSEGV (0xb) at pc=0x00007fff8d9b2097, pid=10216, tid=3335
#
# JRE version: Java(TM) SE Runtime Environment (8.0_11-b12) (build 1.8.0_11-b12)
# Java VM: Java HotSpot(TM) 64-Bit Server VM (25.11-b03 mixed mode bsd-amd64 compressed oops)
# Problematic frame:
# C  [libobjc.A.dylib+0x5097]  objc_msgSend+0x17
#
# Failed to write core dump. Core dumps have been disabled. To enable core dumping, try "ulimit -c unlimited" before starting Java again
#
# If you would like to submit a bug report, please visit:
#   http://bugreport.sun.com/bugreport/crash.jsp
# The crash happened outside the Java Virtual Machine in native code.
# See problematic frame for where to report the bug.
#

---------------  T H R E A D  ---------------

Current thread (0x00007f9233880000):  JavaThread "AppKit Thread" daemon [_thread_in_native, id=3335, stack(0x00007fff56cc4000,0x00007fff574c4000)]

siginfo:si_signo=SIGSEGV: si_errno=0, si_code=0 (SEGV0), si_addr=0x0000000000000000

Registers:
RAX=0x00007f9231f3ee70, RBX=0x00000000000f42fa, RCX=0x0000000000000000, RDX=0x00007f9231d99a10
RSP=0x00007fff574bf658, RBP=0x00007fff574bf660, RSI=0x00007fff8cf81b9f, RDI=0x00007f9231f3ee70
R8 =0x0000000000000040, R9 =0x00007fff574bf600, R10=0x00007fff8cf81b9f, R11=0xa00007f9231f4054
R12=0x00000000000f42fa, R13=0x00007fff574bf828, R14=0x00007f9231f15ff0, R15=0x00007fff574bf788
RIP=0x00007fff8d9b2097, EFLAGS=0x0000000000010246, ERR=0x0000000000000000
  TRAPNO=0x000000000000000d

Top of Stack: (sp=0x00007fff574bf658)
0x00007fff574bf658:   00007fff9784fe0c 00007fff574bf9c0
0x00007fff574bf668:   00007fff9774382d 0000000000000003
0x00007fff574bf678:   0000000108758a00 00007fff574bf6c0
0x00007fff574bf688:   00007fff91d1f272 00000000000008d0
0x00007fff574bf698:   00000000000f42fc 0000000000000004
0x00007fff574bf6a8:   00007f9231e3aba0 00007f9231e3a4d0
0x00007fff574bf6b8:   00007f9231f05460 00007f9231d99a10
0x00007fff574bf6c8:   00007fff574bf780 0000000000000000
0x00007fff574bf6d8:   00000000000f42f6 000000000000005e
0x00007fff574bf6e8:   00007fff574bf800 0000000000000000
0x00007fff574bf6f8:   0000000000000001 00007f9231f05450
0x00007fff574bf708:   000000000000004f 00000000000ba5e8
0x00007fff574bf718:   0000010000000000 00007fff7d508a60
0x00007fff574bf728:   00002060005c56ea 00007fff574bf880
0x00007fff574bf738:   0000000000000000 00007fff574bf818
0x00007fff574bf748:   00007fff574bf7f8 00007fff7d508a48
0x00007fff574bf758:   0000000000000000 000000000000000a
0x00007fff574bf768:   00007fff915c56ea 00007fff7b951d38
0x00007fff574bf778:   0000000000000000 00007f9231e3ac20
0x00007fff574bf788:   00007f9231f15ff0 0000000000000000
0x00007fff574bf798:   00007fff915c54a9 0000000000000000
0x00007fff574bf7a8:   00007fff7ba7e738 00007fff7b909a88
0x00007fff574bf7b8:   00007fff7ba79810 00007fff574bf860
0x00007fff574bf7c8:   00007fff915c6261 00007fff7ba7e748
0x00007fff574bf7d8:   00007fff7ba7e74c 000000007ba7a1b8
0x00007fff574bf7e8:   00007fff7ba7e738 0000000008755001
0x00007fff574bf7f8:   00007fff7ba7e750 000000000000004d
0x00007fff574bf808:   0000000000000000 00000000000f42e2
0x00007fff574bf818:   000000000000004f 0000000000000000
0x00007fff574bf828:   00000000000f42fa 00007fff7ba7e748
0x00007fff574bf838:   0000000000000000 00007fff8d9ca2f0
0x00007fff574bf848:   00007fff8cf2eccc 00007fff7b909a88 

Instructions: (pc=0x00007fff8d9b2097)
0x00007fff8d9b2077:   90 90 90 90 90 90 90 90 90 48 85 ff 2e 74 72 40
0x00007fff8d9b2087:   f6 c7 01 2e 0f 85 7e 00 00 00 4c 8b 1f 49 89 f2
0x00007fff8d9b2097:   45 23 53 18 49 c1 e2 04 4d 03 53 10 49 3b 32 75
0x00007fff8d9b20a7:   04 41 ff 62 08 49 83 3a 00 74 74 4d 3b 53 10 74 

Register to memory mapping:

RAX=0x00007f9231f3ee70 is an unknown value
RBX=0x00000000000f42fa is an unknown value
RCX=0x0000000000000000 is an unknown value
RDX=0x00007f9231d99a10 is an unknown value
RSP=0x00007fff574bf658 is pointing into the stack for thread: 0x00007f9233880000
RBP=0x00007fff574bf660 is pointing into the stack for thread: 0x00007f9233880000
RSI=0x00007fff8cf81b9f: NSAppKitVersionNumber+0x5358f in /System/Library/Frameworks/AppKit.framework/Versions/C/AppKit at 0x00007fff8c4de000
RDI=0x00007f9231f3ee70 is an unknown value
R8 =0x0000000000000040 is an unknown value
R9 =0x00007fff574bf600 is pointing into the stack for thread: 0x00007f9233880000
R10=0x00007fff8cf81b9f: NSAppKitVersionNumber+0x5358f in /System/Library/Frameworks/AppKit.framework/Versions/C/AppKit at 0x00007fff8c4de000
R11=0xa00007f9231f4054 is an unknown value
R12=0x00000000000f42fa is an unknown value
R13=0x00007fff574bf828 is pointing into the stack for thread: 0x00007f9233880000
R14=0x00007f9231f15ff0 is an unknown value
R15=0x00007fff574bf788 is pointing into the stack for thread: 0x00007f9233880000


Stack: [0x00007fff56cc4000,0x00007fff574c4000],  sp=0x00007fff574bf658,  free space=8173k
Native frames: (J=compiled Java code, j=interpreted, Vv=VM code, C=native code)
C  [libobjc.A.dylib+0x5097]  objc_msgSend+0x17
C  [CoreFoundation+0x1082d]  _CFXNotificationPost+0xb4d
C  [Foundation+0x27ba]  -[NSNotificationCenter postNotificationName:object:userInfo:]+0x44
C  [AppKit+0x10f5a9]  -[NSSurface _disposeSurface]+0x98
C  [AppKit+0x10f045]  -[NSSurface setWindow:]+0x46
C  [AppKit+0x3af27]  -[NSView _setWindow:]+0x8ea
C  [AppKit+0x3bf7a]  -[NSView removeFromSuperview]+0x15e
C  [AppKit+0x986e9]  -[NSView removeFromSuperviewWithoutNeedingDisplay]+0x26
C  [liblwjgl.dylib+0x9c3e]  +[MacOSXKeyableWindow destroyWindow]+0xde
C  [Foundation+0x6313e]  __NSThreadPerformPerform+0xe5
C  [CoreFoundation+0x7f5b1]  __CFRUNLOOP_IS_CALLING_OUT_TO_A_SOURCE0_PERFORM_FUNCTION__+0x11
C  [CoreFoundation+0x70c62]  __CFRunLoopDoSources0+0xf2
C  [CoreFoundation+0x703ef]  __CFRunLoopRun+0x33f
C  [CoreFoundation+0x6fe75]  CFRunLoopRunSpecific+0x135
C  [HIToolbox+0x2ea0d]  RunCurrentEventLoopInMode+0xe2
C  [HIToolbox+0x2e7b7]  ReceiveNextEventCommon+0x1df
C  [HIToolbox+0x2e5bc]  _BlockUntilNextEventMatchingListInModeWithFilter+0x41
C  [AppKit+0x2424e]  _DPSNextEvent+0x59a
C  [AppKit+0x2389b]  -[NSApplication nextEventMatchingMask:untilDate:inMode:dequeue:]+0x7a
C  [libosxapp.dylib+0x242a]  -[NSApplicationAWT nextEventMatchingMask:untilDate:inMode:dequeue:]+0x7c
C  [AppKit+0x1799c]  -[NSApplication run]+0x229
C  [libosxapp.dylib+0x223e]  +[NSApplicationAWT runAWTLoopWithApp:]+0x9c
C  [libawt_lwawt.dylib+0x439bb]  -[AWTStarter starter:]+0x389
C  [Foundation+0x6313e]  __NSThreadPerformPerform+0xe5
C  [CoreFoundation+0x7f5b1]  __CFRUNLOOP_IS_CALLING_OUT_TO_A_SOURCE0_PERFORM_FUNCTION__+0x11
C  [CoreFoundation+0x70c62]  __CFRunLoopDoSources0+0xf2
C  [CoreFoundation+0x703ef]  __CFRunLoopRun+0x33f
C  [CoreFoundation+0x6fe75]  CFRunLoopRunSpecific+0x135
C  [java+0x56cb]  CreateExecutionEnvironment+0x367
C  [java+0x166c]  JLI_Launch+0x7a0
C  [java+0x7689]  main+0x65
C  [java+0xec4]  start+0x34


---------------  P R O C E S S  ---------------

Java Threads: ( => current thread )
  0x00007f923392c000 JavaThread "Java2D Queue Flusher" daemon [_thread_blocked, id=48903, stack(0x00000001234d7000,0x00000001235d7000)]
  0x00007f923209d800 JavaThread "Java2D Disposer" daemon [_thread_blocked, id=48691, stack(0x00000001233d4000,0x00000001234d4000)]
  0x00007f92330e1800 JavaThread "AWT-Shutdown" [_thread_blocked, id=26899, stack(0x000000011fe75000,0x000000011ff75000)]
=>0x00007f9233880000 JavaThread "AppKit Thread" daemon [_thread_in_native, id=3335, stack(0x00007fff56cc4000,0x00007fff574c4000)]
  0x00007f9233027000 JavaThread "Service Thread" daemon [_thread_blocked, id=19715, stack(0x000000011e0d1000,0x000000011e1d1000)]
  0x00007f923380a800 JavaThread "C1 CompilerThread2" daemon [_thread_blocked, id=19203, stack(0x000000011dfce000,0x000000011e0ce000)]
  0x00007f923380a000 JavaThread "C2 CompilerThread1" daemon [_thread_blocked, id=18691, stack(0x000000011decb000,0x000000011dfcb000)]
  0x00007f9232828800 JavaThread "C2 CompilerThread0" daemon [_thread_blocked, id=18179, stack(0x000000011ddc8000,0x000000011dec8000)]
  0x00007f9232801000 JavaThread "Signal Dispatcher" daemon [_thread_blocked, id=17667, stack(0x000000011dcc5000,0x000000011ddc5000)]
  0x00007f9233805000 JavaThread "Finalizer" daemon [_thread_blocked, id=12547, stack(0x000000011da8e000,0x000000011db8e000)]
  0x00007f9233804000 JavaThread "Reference Handler" daemon [_thread_blocked, id=12035, stack(0x000000011d98b000,0x000000011da8b000)]
  0x00007f9233001000 JavaThread "main" [_thread_in_native, id=6403, stack(0x0000000108851000,0x0000000108951000)]

Other Threads:
  0x00007f923301f000 VMThread [stack: 0x000000011d888000,0x000000011d988000] [id=11523]
  0x00007f9233833800 WatcherThread [stack: 0x000000011e1d4000,0x000000011e2d4000] [id=20227]

VM state:not at safepoint (normal execution)

VM Mutex/Monitor currently owned by a thread: None

Heap:
 PSYoungGen      total 10752K, used 7214K [0x00000007aab00000, 0x00000007aba00000, 0x00000007c0000000)
  eden space 10240K, 70% used [0x00000007aab00000,0x00000007ab2038f8,0x00000007ab500000)
  from space 512K, 6% used [0x00000007ab980000,0x00000007ab988000,0x00000007aba00000)
  to   space 512K, 0% used [0x00000007ab900000,0x00000007ab900000,0x00000007ab980000)
 ParOldGen       total 64000K, used 2461K [0x0000000780000000, 0x0000000783e80000, 0x00000007aab00000)
  object space 64000K, 3% used [0x0000000780000000,0x00000007802676d0,0x0000000783e80000)
 Metaspace       used 8507K, capacity 8605K, committed 8704K, reserved 1056768K
  class space    used 909K, capacity 951K, committed 1024K, reserved 1048576K

Card table byte_map: [0x0000000119481000,0x0000000119682000] byte_map_base: 0x0000000115881000

Marking Bits: (ParMarkBitMap*) 0x0000000109a670a0
 Begin Bits: [0x0000000119be4000, 0x000000011abe4000)
 End Bits:   [0x000000011abe4000, 0x000000011bbe4000)

Polling page: 0x0000000108995000

CodeCache: size=245760Kb used=3006Kb max_used=3018Kb free=242753Kb
 bounds [0x000000010a0c1000, 0x000000010a3c1000, 0x00000001190c1000]
 total_blobs=1215 nmethods=731 adapters=400
 compilation: enabled

Compilation events (10 events):
Event: 13.586 Thread 0x00007f923380a800  727       3       java.nio.HeapByteBuffer::getLong (19 bytes)
Event: 13.586 Thread 0x00007f9232828800 nmethod 726 0x000000010a3ac990 code [0x000000010a3acac0, 0x000000010a3acb58]
Event: 13.587 Thread 0x00007f923380a800 nmethod 727 0x000000010a3b31d0 code [0x000000010a3b3360, 0x000000010a3b36e8]
Event: 13.587 Thread 0x00007f923380a800  728       3       java.nio.Bits::getLong (18 bytes)
Event: 13.587 Thread 0x00007f923380a800 nmethod 728 0x000000010a3b2dd0 code [0x000000010a3b2f40, 0x000000010a3b3118]
Event: 13.613 Thread 0x00007f923380a800  729       1       sun.java2d.opengl.OGLRenderQueue::access$000 (5 bytes)
Event: 13.613 Thread 0x00007f923380a800 nmethod 729 0x000000010a3b2b10 code [0x000000010a3b2c60, 0x000000010a3b2d50]
Event: 13.839 Thread 0x00007f923380a800  730  s    3       org.lwjgl.opengl.MacOSXNativeMouse::mouseMoved (138 bytes)
Event: 13.840 Thread 0x00007f923380a800 nmethod 730 0x000000010a3b1ed0 code [0x000000010a3b20c0, 0x000000010a3b2948]
Event: 14.426 Thread 0x00007f923380a000  731       4       java.nio.DirectByteBuffer::put (18 bytes)

GC Heap History (10 events):
Event: 13.578 GC heap before
{Heap before GC invocations=80 (full 0):
 PSYoungGen      total 10752K, used 10304K [0x00000007aab00000, 0x00000007aba00000, 0x00000007c0000000)
  eden space 10240K, 100% used [0x00000007aab00000,0x00000007ab500000,0x00000007ab500000)
  from space 512K, 12% used [0x00000007ab900000,0x00000007ab910000,0x00000007ab980000)
  to   space 512K, 0% used [0x00000007ab980000,0x00000007ab980000,0x00000007aba00000)
 ParOldGen       total 64000K, used 2437K [0x0000000780000000, 0x0000000783e80000, 0x00000007aab00000)
  object space 64000K, 3% used [0x0000000780000000,0x00000007802616d0,0x0000000783e80000)
 Metaspace       used 8498K, capacity 8605K, committed 8704K, reserved 1056768K
  class space    used 909K, capacity 951K, committed 1024K, reserved 1048576K
Event: 13.579 GC heap after
Heap after GC invocations=80 (full 0):
 PSYoungGen      total 10752K, used 32K [0x00000007aab00000, 0x00000007aba00000, 0x00000007c0000000)
  eden space 10240K, 0% used [0x00000007aab00000,0x00000007aab00000,0x00000007ab500000)
  from space 512K, 6% used [0x00000007ab980000,0x00000007ab988000,0x00000007aba00000)
  to   space 512K, 0% used [0x00000007ab900000,0x00000007ab900000,0x00000007ab980000)
 ParOldGen       total 64000K, used 2461K [0x0000000780000000, 0x0000000783e80000, 0x00000007aab00000)
  object space 64000K, 3% used [0x0000000780000000,0x00000007802676d0,0x0000000783e80000)
 Metaspace       used 8498K, capacity 8605K, committed 8704K, reserved 1056768K
  class space    used 909K, capacity 951K, committed 1024K, reserved 1048576K
}
Event: 13.744 GC heap before
{Heap before GC invocations=81 (full 0):
 PSYoungGen      total 10752K, used 10272K [0x00000007aab00000, 0x00000007aba00000, 0x00000007c0000000)
  eden space 10240K, 100% used [0x00000007aab00000,0x00000007ab500000,0x00000007ab500000)
  from space 512K, 6% used [0x00000007ab980000,0x00000007ab988000,0x00000007aba00000)
  to   space 512K, 0% used [0x00000007ab900000,0x00000007ab900000,0x00000007ab980000)
 ParOldGen       total 64000K, used 2461K [0x0000000780000000, 0x0000000783e80000, 0x00000007aab00000)
  object space 64000K, 3% used [0x0000000780000000,0x00000007802676d0,0x0000000783e80000)
 Metaspace       used 8499K, capacity 8605K, committed 8704K, reserved 1056768K
  class space    used 909K, capacity 951K, committed 1024K, reserved 1048576K
Event: 13.745 GC heap after
Heap after GC invocations=81 (full 0):
 PSYoungGen      total 10752K, used 64K [0x00000007aab00000, 0x00000007aba00000, 0x00000007c0000000)
  eden space 10240K, 0% used [0x00000007aab00000,0x00000007aab00000,0x00000007ab500000)
  from space 512K, 12% used [0x00000007ab900000,0x00000007ab910000,0x00000007ab980000)
  to   space 512K, 0% used [0x00000007ab980000,0x00000007ab980000,0x00000007aba00000)
 ParOldGen       total 64000K, used 2461K [0x0000000780000000, 0x0000000783e80000, 0x00000007aab00000)
  object space 64000K, 3% used [0x0000000780000000,0x00000007802676d0,0x0000000783e80000)
 Metaspace       used 8499K, capacity 8605K, committed 8704K, reserved 1056768K
  class space    used 909K, capacity 951K, committed 1024K, reserved 1048576K
}
Event: 13.907 GC heap before
{Heap before GC invocations=82 (full 0):
 PSYoungGen      total 10752K, used 10304K [0x00000007aab00000, 0x00000007aba00000, 0x00000007c0000000)
  eden space 10240K, 100% used [0x00000007aab00000,0x00000007ab500000,0x00000007ab500000)
  from space 512K, 12% used [0x00000007ab900000,0x00000007ab910000,0x00000007ab980000)
  to   space 512K, 0% used [0x00000007ab980000,0x00000007ab980000,0x00000007aba00000)
 ParOldGen       total 64000K, used 2461K [0x0000000780000000, 0x0000000783e80000, 0x00000007aab00000)
  object space 64000K, 3% used [0x0000000780000000,0x00000007802676d0,0x0000000783e80000)
 Metaspace       used 8501K, capacity 8605K, committed 8704K, reserved 1056768K
  class space    used 909K, capacity 951K, committed 1024K, reserved 1048576K
Event: 13.907 GC heap after
Heap after GC invocations=82 (full 0):
 PSYoungGen      total 10752K, used 64K [0x00000007aab00000, 0x00000007aba00000, 0x00000007c0000000)
  eden space 10240K, 0% used [0x00000007aab00000,0x00000007aab00000,0x00000007ab500000)
  from space 512K, 12% used [0x00000007ab980000,0x00000007ab990000,0x00000007aba00000)
  to   space 512K, 0% used [0x00000007ab900000,0x00000007ab900000,0x00000007ab980000)
 ParOldGen       total 64000K, used 2461K [0x0000000780000000, 0x0000000783e80000, 0x00000007aab00000)
  object space 64000K, 3% used [0x0000000780000000,0x00000007802676d0,0x0000000783e80000)
 Metaspace       used 8501K, capacity 8605K, committed 8704K, reserved 1056768K
  class space    used 909K, capacity 951K, committed 1024K, reserved 1048576K
}
Event: 14.093 GC heap before
{Heap before GC invocations=83 (full 0):
 PSYoungGen      total 10752K, used 10304K [0x00000007aab00000, 0x00000007aba00000, 0x00000007c0000000)
  eden space 10240K, 100% used [0x00000007aab00000,0x00000007ab500000,0x00000007ab500000)
  from space 512K, 12% used [0x00000007ab980000,0x00000007ab990000,0x00000007aba00000)
  to   space 512K, 0% used [0x00000007ab900000,0x00000007ab900000,0x00000007ab980000)
 ParOldGen       total 64000K, used 2461K [0x0000000780000000, 0x0000000783e80000, 0x00000007aab00000)
  object space 64000K, 3% used [0x0000000780000000,0x00000007802676d0,0x0000000783e80000)
 Metaspace       used 8501K, capacity 8605K, committed 8704K, reserved 1056768K
  class space    used 909K, capacity 951K, committed 1024K, reserved 1048576K
Event: 14.093 GC heap after
Heap after GC invocations=83 (full 0):
 PSYoungGen      total 10752K, used 32K [0x00000007aab00000, 0x00000007aba00000, 0x00000007c0000000)
  eden space 10240K, 0% used [0x00000007aab00000,0x00000007aab00000,0x00000007ab500000)
  from space 512K, 6% used [0x00000007ab900000,0x00000007ab908000,0x00000007ab980000)
  to   space 512K, 0% used [0x00000007ab980000,0x00000007ab980000,0x00000007aba00000)
 ParOldGen       total 64000K, used 2461K [0x0000000780000000, 0x0000000783e80000, 0x00000007aab00000)
  object space 64000K, 3% used [0x0000000780000000,0x00000007802676d0,0x0000000783e80000)
 Metaspace       used 8501K, capacity 8605K, committed 8704K, reserved 1056768K
  class space    used 909K, capacity 951K, committed 1024K, reserved 1048576K
}
Event: 14.288 GC heap before
{Heap before GC invocations=84 (full 0):
 PSYoungGen      total 10752K, used 10272K [0x00000007aab00000, 0x00000007aba00000, 0x00000007c0000000)
  eden space 10240K, 100% used [0x00000007aab00000,0x00000007ab500000,0x00000007ab500000)
  from space 512K, 6% used [0x00000007ab900000,0x00000007ab908000,0x00000007ab980000)
  to   space 512K, 0% used [0x00000007ab980000,0x00000007ab980000,0x00000007aba00000)
 ParOldGen       total 64000K, used 2461K [0x0000000780000000, 0x0000000783e80000, 0x00000007aab00000)
  object space 64000K, 3% used [0x0000000780000000,0x00000007802676d0,0x0000000783e80000)
 Metaspace       used 8501K, capacity 8605K, committed 8704K, reserved 1056768K
  class space    used 909K, capacity 951K, committed 1024K, reserved 1048576K
Event: 14.289 GC heap after
Heap after GC invocations=84 (full 0):
 PSYoungGen      total 10752K, used 32K [0x00000007aab00000, 0x00000007aba00000, 0x00000007c0000000)
  eden space 10240K, 0% used [0x00000007aab00000,0x00000007aab00000,0x00000007ab500000)
  from space 512K, 6% used [0x00000007ab980000,0x00000007ab988000,0x00000007aba00000)
  to   space 512K, 0% used [0x00000007ab900000,0x00000007ab900000,0x00000007ab980000)
 ParOldGen       total 64000K, used 2461K [0x0000000780000000, 0x0000000783e80000, 0x00000007aab00000)
  object space 64000K, 3% used [0x0000000780000000,0x00000007802676d0,0x0000000783e80000)
 Metaspace       used 8501K, capacity 8605K, committed 8704K, reserved 1056768K
  class space    used 909K, capacity 951K, committed 1024K, reserved 1048576K
}

Deoptimization events (0 events):
No events

Internal exceptions (10 events):
Event: 0.757 Thread 0x00007f9233001000 Exception <a 'java/security/PrivilegedActionException'> (0x00000007aab79d50) thrown at [/HUDSON3/workspace/8-2-build-macosx-x86_64/jdk8u11/648/hotspot/src/share/vm/prims/jvm.cpp, line 1248]
Event: 0.758 Thread 0x00007f9233001000 Exception <a 'java/security/PrivilegedActionException'> (0x00000007aab7dff8) thrown at [/HUDSON3/workspace/8-2-build-macosx-x86_64/jdk8u11/648/hotspot/src/share/vm/prims/jvm.cpp, line 1248]
Event: 0.758 Thread 0x00007f9233001000 Exception <a 'java/security/PrivilegedActionException'> (0x00000007aab822d0) thrown at [/HUDSON3/workspace/8-2-build-macosx-x86_64/jdk8u11/648/hotspot/src/share/vm/prims/jvm.cpp, line 1248]
Event: 0.759 Thread 0x00007f9233001000 Exception <a 'java/security/PrivilegedActionException'> (0x00000007aab86470) thrown at [/HUDSON3/workspace/8-2-build-macosx-x86_64/jdk8u11/648/hotspot/src/share/vm/prims/jvm.cpp, line 1248]
Event: 0.759 Thread 0x00007f9233001000 Exception <a 'java/security/PrivilegedActionException'> (0x00000007aab8a3f0) thrown at [/HUDSON3/workspace/8-2-build-macosx-x86_64/jdk8u11/648/hotspot/src/share/vm/prims/jvm.cpp, line 1248]
Event: 0.762 Thread 0x00007f9233001000 Exception <a 'java/security/PrivilegedActionException'> (0x00000007aab8fd08) thrown at [/HUDSON3/workspace/8-2-build-macosx-x86_64/jdk8u11/648/hotspot/src/share/vm/prims/jvm.cpp, line 1248]
Event: 0.835 Thread 0x00007f9233001000 Exception <a 'java/security/PrivilegedActionException'> (0x00000007aac7fd80) thrown at [/HUDSON3/workspace/8-2-build-macosx-x86_64/jdk8u11/648/hotspot/src/share/vm/prims/jvm.cpp, line 1248]
Event: 0.836 Thread 0x00007f9233001000 Exception <a 'java/security/PrivilegedActionException'> (0x00000007aac84d28) thrown at [/HUDSON3/workspace/8-2-build-macosx-x86_64/jdk8u11/648/hotspot/src/share/vm/prims/jvm.cpp, line 1248]
Event: 5.652 Thread 0x00007f9233001000 Exception <a 'java/security/PrivilegedActionException'> (0x00000007aadb5f48) thrown at [/HUDSON3/workspace/8-2-build-macosx-x86_64/jdk8u11/648/hotspot/src/share/vm/prims/jvm.cpp, line 1248]
Event: 14.425 Thread 0x00007f9233001000 Exception <a 'java/security/PrivilegedActionException'> (0x00000007ab1d2558) thrown at [/HUDSON3/workspace/8-2-build-macosx-x86_64/jdk8u11/648/hotspot/src/share/vm/prims/jvm.cpp, line 1248]

Events (10 events):
Event: 13.744 Executing VM operation: ParallelGCFailedAllocation
Event: 13.745 Executing VM operation: ParallelGCFailedAllocation done
Event: 13.907 Executing VM operation: ParallelGCFailedAllocation
Event: 13.907 Executing VM operation: ParallelGCFailedAllocation done
Event: 14.093 Executing VM operation: ParallelGCFailedAllocation
Event: 14.093 Executing VM operation: ParallelGCFailedAllocation done
Event: 14.288 Executing VM operation: ParallelGCFailedAllocation
Event: 14.289 Executing VM operation: ParallelGCFailedAllocation done
Event: 14.425 loading class org/lwjgl/opengl/CallbackUtil
Event: 14.425 loading class org/lwjgl/opengl/CallbackUtil done


Dynamic libraries:
0x000000000b601000 	/System/Library/Frameworks/Cocoa.framework/Versions/A/Cocoa
0x000000000b601000 	/System/Library/Frameworks/Security.framework/Versions/A/Security
0x000000000b601000 	/System/Library/Frameworks/ApplicationServices.framework/Versions/A/ApplicationServices
0x000000000b601000 	/usr/lib/libz.1.dylib
0x000000000b601000 	/usr/lib/libSystem.B.dylib
0x000000000b601000 	/usr/lib/libobjc.A.dylib
0x000000000b601000 	/System/Library/Frameworks/CoreFoundation.framework/Versions/A/CoreFoundation
0x000000000b601000 	/System/Library/Frameworks/Foundation.framework/Versions/C/Foundation
0x000000000b601000 	/System/Library/Frameworks/AppKit.framework/Versions/C/AppKit
0x000000000b601000 	/System/Library/Frameworks/CoreData.framework/Versions/A/CoreData
0x000000000b601000 	/System/Library/PrivateFrameworks/RemoteViewServices.framework/Versions/A/RemoteViewServices
0x000000000b601000 	/System/Library/Frameworks/AudioToolbox.framework/Versions/A/AudioToolbox
0x000000000b601000 	/System/Library/Frameworks/AudioUnit.framework/Versions/A/AudioUnit
0x000000000b601000 	/System/Library/PrivateFrameworks/DataDetectorsCore.framework/Versions/A/DataDetectorsCore
0x000000000b601000 	/System/Library/PrivateFrameworks/DesktopServicesPriv.framework/Versions/A/DesktopServicesPriv
0x000000000b601000 	/System/Library/Frameworks/Carbon.framework/Versions/A/Frameworks/HIToolbox.framework/Versions/A/HIToolbox
0x000000000b601000 	/System/Library/Frameworks/QuartzCore.framework/Versions/A/QuartzCore
0x000000000b601000 	/System/Library/Frameworks/Carbon.framework/Versions/A/Frameworks/SpeechRecognition.framework/Versions/A/SpeechRecognition
0x000000000b601000 	/usr/lib/libauto.dylib
0x000000000b601000 	/usr/lib/libicucore.A.dylib
0x000000000b601000 	/usr/lib/libxml2.2.dylib
0x000000000b601000 	/System/Library/PrivateFrameworks/CoreUI.framework/Versions/A/CoreUI
0x000000000b601000 	/System/Library/Frameworks/CoreAudio.framework/Versions/A/CoreAudio
0x000000000b601000 	/System/Library/Frameworks/DiskArbitration.framework/Versions/A/DiskArbitration
0x000000000b601000 	/usr/lib/liblangid.dylib
0x000000000b601000 	/System/Library/PrivateFrameworks/MultitouchSupport.framework/Versions/A/MultitouchSupport
0x000000000b601000 	/System/Library/Frameworks/IOKit.framework/Versions/A/IOKit
0x000000000b601000 	/usr/lib/libDiagnosticMessagesClient.dylib
0x000000000b601000 	/System/Library/Frameworks/CoreServices.framework/Versions/A/CoreServices
0x000000000b601000 	/System/Library/PrivateFrameworks/PerformanceAnalysis.framework/Versions/A/PerformanceAnalysis
0x000000000b601000 	/System/Library/PrivateFrameworks/GenerationalStorage.framework/Versions/A/GenerationalStorage
0x000000000b601000 	/System/Library/Frameworks/OpenGL.framework/Versions/A/OpenGL
0x000000000b601000 	/System/Library/PrivateFrameworks/Sharing.framework/Versions/A/Sharing
0x000000000b601000 	/System/Library/Frameworks/ImageIO.framework/Versions/A/ImageIO
0x000000000b601000 	/System/Library/Frameworks/CoreText.framework/Versions/A/CoreText
0x000000000b601000 	/System/Library/Frameworks/CoreGraphics.framework/Versions/A/CoreGraphics
0x000000000b601000 	/System/Library/PrivateFrameworks/Backup.framework/Versions/A/Backup
0x000000000b601000 	/System/Library/Frameworks/CFNetwork.framework/Versions/A/CFNetwork
0x000000000b601000 	/System/Library/Frameworks/SystemConfiguration.framework/Versions/A/SystemConfiguration
0x000000000b601000 	/usr/lib/libCRFSuite.dylib
0x000000000b601000 	/usr/lib/libc++.1.dylib
0x000000000b601000 	/usr/lib/libc++abi.dylib
0x000000000b601000 	/usr/lib/system/libcache.dylib
0x000000000b601000 	/usr/lib/system/libcommonCrypto.dylib
0x000000000b601000 	/usr/lib/system/libcompiler_rt.dylib
0x000000000b601000 	/usr/lib/system/libcopyfile.dylib
0x000000000b601000 	/usr/lib/system/libcorecrypto.dylib
0x000000000b601000 	/usr/lib/system/libdispatch.dylib
0x000000000b601000 	/usr/lib/system/libdyld.dylib
0x000000000b601000 	/usr/lib/system/libkeymgr.dylib
0x000000000b601000 	/usr/lib/system/liblaunch.dylib
0x000000000b601000 	/usr/lib/system/libmacho.dylib
0x000000000b601000 	/usr/lib/system/libquarantine.dylib
0x000000000b601000 	/usr/lib/system/libremovefile.dylib
0x000000000b601000 	/usr/lib/system/libsystem_asl.dylib
0x000000000b601000 	/usr/lib/system/libsystem_blocks.dylib
0x000000000b601000 	/usr/lib/system/libsystem_c.dylib
0x000000000b601000 	/usr/lib/system/libsystem_configuration.dylib
0x000000000b601000 	/usr/lib/system/libsystem_dnssd.dylib
0x000000000b601000 	/usr/lib/system/libsystem_info.dylib
0x000000000b601000 	/usr/lib/system/libsystem_kernel.dylib
0x000000000b601000 	/usr/lib/system/libsystem_m.dylib
0x000000000b601000 	/usr/lib/system/libsystem_malloc.dylib
0x000000000b601000 	/usr/lib/system/libsystem_network.dylib
0x000000000b601000 	/usr/lib/system/libsystem_notify.dylib
0x000000000b601000 	/usr/lib/system/libsystem_platform.dylib
0x000000000b601000 	/usr/lib/system/libsystem_pthread.dylib
0x000000000b601000 	/usr/lib/system/libsystem_sandbox.dylib
0x000000000b601000 	/usr/lib/system/libsystem_stats.dylib
0x000000000b601000 	/usr/lib/system/libunc.dylib
0x000000000b601000 	/usr/lib/system/libunwind.dylib
0x000000000b601000 	/usr/lib/system/libxpc.dylib
0x000000000b601000 	/usr/lib/libbsm.0.dylib
0x000000000b601000 	/usr/lib/libsqlite3.dylib
0x000000000b601000 	/usr/lib/libxar.1.dylib
0x000000000b601000 	/usr/lib/libpam.2.dylib
0x000000000b601000 	/usr/lib/libOpenScriptingUtil.dylib
0x000000000b601000 	/usr/lib/libbz2.1.0.dylib
0x000000000b601000 	/System/Library/Frameworks/CoreServices.framework/Versions/A/Frameworks/CarbonCore.framework/Versions/A/CarbonCore
0x000000000b601000 	/System/Library/Frameworks/CoreServices.framework/Versions/A/Frameworks/Metadata.framework/Versions/A/Metadata
0x000000000b601000 	/System/Library/Frameworks/CoreServices.framework/Versions/A/Frameworks/OSServices.framework/Versions/A/OSServices
0x000000000b601000 	/System/Library/Frameworks/CoreServices.framework/Versions/A/Frameworks/SearchKit.framework/Versions/A/SearchKit
0x000000000b601000 	/System/Library/Frameworks/CoreServices.framework/Versions/A/Frameworks/AE.framework/Versions/A/AE
0x000000000b601000 	/System/Library/Frameworks/CoreServices.framework/Versions/A/Frameworks/LaunchServices.framework/Versions/A/LaunchServices
0x000000000b601000 	/System/Library/Frameworks/CoreServices.framework/Versions/A/Frameworks/DictionaryServices.framework/Versions/A/DictionaryServices
0x000000000b601000 	/System/Library/Frameworks/NetFS.framework/Versions/A/NetFS
0x000000000b601000 	/usr/lib/system/libkxld.dylib
0x000000000b601000 	/System/Library/PrivateFrameworks/NetAuth.framework/Versions/A/NetAuth
0x000000000b601000 	/System/Library/PrivateFrameworks/TCC.framework/Versions/A/TCC
0x000000000b601000 	/System/Library/Frameworks/OpenDirectory.framework/Versions/A/Frameworks/CFOpenDirectory.framework/Versions/A/CFOpenDirectory
0x000000000b601000 	/System/Library/Frameworks/ServiceManagement.framework/Versions/A/ServiceManagement
0x000000000b601000 	/usr/lib/libxslt.1.dylib
0x000000000b601000 	/System/Library/Frameworks/Carbon.framework/Versions/A/Frameworks/Ink.framework/Versions/A/Ink
0x000000000b601000 	/System/Library/Frameworks/ApplicationServices.framework/Versions/A/Frameworks/ATS.framework/Versions/A/ATS
0x000000000b601000 	/System/Library/Frameworks/ApplicationServices.framework/Versions/A/Frameworks/ColorSync.framework/Versions/A/ColorSync
0x000000000b601000 	/System/Library/Frameworks/ApplicationServices.framework/Versions/A/Frameworks/HIServices.framework/Versions/A/HIServices
0x000000000b601000 	/System/Library/Frameworks/ApplicationServices.framework/Versions/A/Frameworks/LangAnalysis.framework/Versions/A/LangAnalysis
0x000000000b601000 	/System/Library/Frameworks/ApplicationServices.framework/Versions/A/Frameworks/PrintCore.framework/Versions/A/PrintCore
0x000000000b601000 	/System/Library/Frameworks/ApplicationServices.framework/Versions/A/Frameworks/QD.framework/Versions/A/QD
0x000000000b601000 	/System/Library/Frameworks/ApplicationServices.framework/Versions/A/Frameworks/SpeechSynthesis.framework/Versions/A/SpeechSynthesis
0x000000000b601000 	/System/Library/Frameworks/IOSurface.framework/Versions/A/IOSurface
0x000000000b601000 	/System/Library/Frameworks/Accelerate.framework/Versions/A/Accelerate
0x000000000b601000 	/System/Library/Frameworks/Accelerate.framework/Versions/A/Frameworks/vImage.framework/Versions/A/vImage
0x000000000b601000 	/System/Library/Frameworks/Accelerate.framework/Versions/A/Frameworks/vecLib.framework/Versions/A/vecLib
0x000000000b601000 	/System/Library/Frameworks/Accelerate.framework/Versions/A/Frameworks/vecLib.framework/Versions/A/libvDSP.dylib
0x000000000b601000 	/System/Library/Frameworks/Accelerate.framework/Versions/A/Frameworks/vecLib.framework/Versions/A/libvMisc.dylib
0x000000000b601000 	/System/Library/Frameworks/Accelerate.framework/Versions/A/Frameworks/vecLib.framework/Versions/A/libLAPACK.dylib
0x000000000b601000 	/System/Library/Frameworks/Accelerate.framework/Versions/A/Frameworks/vecLib.framework/Versions/A/libBLAS.dylib
0x000000000b601000 	/System/Library/Frameworks/ApplicationServices.framework/Versions/A/Frameworks/ATS.framework/Versions/A/Resources/libFontParser.dylib
0x000000000b601000 	/System/Library/Frameworks/ApplicationServices.framework/Versions/A/Frameworks/ATS.framework/Versions/A/Resources/libFontRegistry.dylib
0x000000000b601000 	/System/Library/Frameworks/ImageIO.framework/Versions/A/Resources/libJPEG.dylib
0x000000000b601000 	/System/Library/Frameworks/ImageIO.framework/Versions/A/Resources/libTIFF.dylib
0x000000000b601000 	/System/Library/Frameworks/ImageIO.framework/Versions/A/Resources/libPng.dylib
0x000000000b601000 	/System/Library/Frameworks/ImageIO.framework/Versions/A/Resources/libGIF.dylib
0x000000000b601000 	/System/Library/Frameworks/ImageIO.framework/Versions/A/Resources/libJP2.dylib
0x000000000b601000 	/System/Library/Frameworks/ImageIO.framework/Versions/A/Resources/libRadiance.dylib
0x000000000b601000 	/usr/lib/libcups.2.dylib
0x000000000b601000 	/System/Library/Frameworks/Kerberos.framework/Versions/A/Kerberos
0x000000000b601000 	/System/Library/Frameworks/GSS.framework/Versions/A/GSS
0x000000000b601000 	/usr/lib/libresolv.9.dylib
0x000000000b601000 	/usr/lib/libiconv.2.dylib
0x000000000b601000 	/System/Library/PrivateFrameworks/Heimdal.framework/Versions/A/Heimdal
0x000000000b601000 	/System/Library/PrivateFrameworks/TrustEvaluationAgent.framework/Versions/A/TrustEvaluationAgent
0x000000000b601000 	/usr/lib/libheimdal-asn1.dylib
0x000000000b601000 	/System/Library/Frameworks/OpenDirectory.framework/Versions/A/OpenDirectory
0x000000000b601000 	/System/Library/PrivateFrameworks/CommonAuth.framework/Versions/A/CommonAuth
0x000000000b601000 	/System/Library/Frameworks/SecurityFoundation.framework/Versions/A/SecurityFoundation
0x000000000b601000 	/System/Library/PrivateFrameworks/Bom.framework/Versions/A/Bom
0x000000000b601000 	/System/Library/Frameworks/CoreVideo.framework/Versions/A/CoreVideo
0x000000000b601000 	/System/Library/Frameworks/QuartzCore.framework/Versions/A/Frameworks/CoreImage.framework/Versions/A/CoreImage
0x000000000b601000 	/System/Library/Frameworks/QuartzCore.framework/Versions/A/Frameworks/ScalableUserInterface.framework/Versions/A/ScalableUserInterface
0x000000000b601000 	/System/Library/Frameworks/OpenGL.framework/Versions/A/Libraries/libGLU.dylib
0x000000000b601000 	/System/Library/Frameworks/OpenGL.framework/Versions/A/Libraries/libGFXShared.dylib
0x000000000b601000 	/System/Library/Frameworks/OpenGL.framework/Versions/A/Libraries/libGL.dylib
0x000000000b601000 	/System/Library/Frameworks/OpenGL.framework/Versions/A/Libraries/libGLImage.dylib
0x000000000b601000 	/System/Library/Frameworks/OpenGL.framework/Versions/A/Libraries/libCVMSPluginSupport.dylib
0x000000000b601000 	/System/Library/Frameworks/OpenGL.framework/Versions/A/Libraries/libCoreVMClient.dylib
0x000000000b601000 	/System/Library/PrivateFrameworks/FaceCore.framework/Versions/A/FaceCore
0x000000000b601000 	/System/Library/PrivateFrameworks/CrashReporterSupport.framework/Versions/A/CrashReporterSupport
0x000000000b601000 	/System/Library/Frameworks/OpenCL.framework/Versions/A/OpenCL
0x000000000b601000 	/System/Library/PrivateFrameworks/AppleFSCompression.framework/Versions/A/AppleFSCompression
0x000000000b601000 	/System/Library/PrivateFrameworks/Ubiquity.framework/Versions/A/Ubiquity
0x000000000b601000 	/System/Library/PrivateFrameworks/IconServices.framework/Versions/A/IconServices
0x000000000b601000 	/System/Library/PrivateFrameworks/ChunkingLibrary.framework/Versions/A/ChunkingLibrary
0x000000000b601000 	/System/Library/PrivateFrameworks/CoreSymbolication.framework/Versions/A/CoreSymbolication
0x000000000b601000 	/System/Library/PrivateFrameworks/Symbolication.framework/Versions/A/Symbolication
0x000000000b601000 	/System/Library/PrivateFrameworks/DebugSymbols.framework/Versions/A/DebugSymbols
0x0000000109200000 	/Library/Java/JavaVirtualMachines/jdk1.8.0_11.jdk/Contents/Home/jre/lib/server/libjvm.dylib
0x000000000b601000 	/usr/lib/libstdc++.6.dylib
0x0000000108953000 	/Library/Java/JavaVirtualMachines/jdk1.8.0_11.jdk/Contents/Home/jre/lib/libverify.dylib
0x0000000108961000 	/Library/Java/JavaVirtualMachines/jdk1.8.0_11.jdk/Contents/Home/jre/lib/libjava.dylib
0x000000010899f000 	/Library/Java/JavaVirtualMachines/jdk1.8.0_11.jdk/Contents/Home/jre/lib/libzip.dylib
0x00000001089e5000 	/System/Library/Frameworks/JavaVM.framework/Frameworks/JavaRuntimeSupport.framework/JavaRuntimeSupport
0x000000011db90000 	/System/Library/Frameworks/JavaVM.framework/Versions/A/Frameworks/JavaNativeFoundation.framework/Versions/A/JavaNativeFoundation
0x000000011dba5000 	/System/Library/Frameworks/JavaVM.framework/Versions/A/JavaVM
0x000000000b601000 	/System/Library/Frameworks/Carbon.framework/Versions/A/Carbon
0x000000011dbb2000 	/System/Library/PrivateFrameworks/JavaLaunching.framework/Versions/A/JavaLaunching
0x000000000b601000 	/System/Library/Frameworks/Carbon.framework/Versions/A/Frameworks/CommonPanels.framework/Versions/A/CommonPanels
0x000000000b601000 	/System/Library/Frameworks/Carbon.framework/Versions/A/Frameworks/Help.framework/Versions/A/Help
0x000000000b601000 	/System/Library/Frameworks/Carbon.framework/Versions/A/Frameworks/ImageCapture.framework/Versions/A/ImageCapture
0x000000000b601000 	/System/Library/Frameworks/Carbon.framework/Versions/A/Frameworks/OpenScripting.framework/Versions/A/OpenScripting
0x000000000b601000 	/System/Library/Frameworks/Carbon.framework/Versions/A/Frameworks/Print.framework/Versions/A/Print
0x000000000b601000 	/System/Library/Frameworks/Carbon.framework/Versions/A/Frameworks/SecurityHI.framework/Versions/A/SecurityHI
0x000000011e335000 	/Library/Java/JavaVirtualMachines/jdk1.8.0_11.jdk/Contents/Home/jre/lib/libawt.dylib
0x000000011e3e4000 	/Library/Java/JavaVirtualMachines/jdk1.8.0_11.jdk/Contents/Home/jre/lib/./libmlib_image.dylib
0x000000011e4b0000 	/Library/Java/JavaVirtualMachines/jdk1.8.0_11.jdk/Contents/Home/jre/lib/libawt_lwawt.dylib
0x000000011e562000 	/Library/Java/JavaVirtualMachines/jdk1.8.0_11.jdk/Contents/Home/jre/lib/./libosxapp.dylib
0x000000000b601000 	/System/Library/Frameworks/ExceptionHandling.framework/Versions/A/ExceptionHandling
0x000000000b601000 	/System/Library/PrivateFrameworks/CoreServicesInternal.framework/Versions/A/CoreServicesInternal
0x000000000b601000 	/System/Library/PrivateFrameworks/Librarian.framework/Versions/A/Librarian
0x000000000b601000 	/System/Library/Frameworks/CoreGraphics.framework/Versions/A/Resources/libCGCMS.A.dylib
0x000000000b601000 	/System/Library/Frameworks/CoreGraphics.framework/Versions/A/Resources/libRIP.A.dylib
0x000000000b601000 	/System/Library/Frameworks/CoreGraphics.framework/Versions/A/Resources/libCGXType.A.dylib
0x000000000b601000 	/System/Library/PrivateFrameworks/FamilyControls.framework/Versions/A/FamilyControls
0x000000000b601000 	/System/Library/PrivateFrameworks/CommerceKit.framework/Versions/A/Frameworks/CommerceCore.framework/Versions/A/CommerceCore
0x000000000b601000 	/System/Library/PrivateFrameworks/SystemAdministration.framework/Versions/A/SystemAdministration
0x000000000b601000 	/System/Library/Frameworks/DirectoryService.framework/Versions/A/DirectoryService
0x000000000b601000 	/System/Library/PrivateFrameworks/DiskImages.framework/Versions/A/DiskImages
0x000000000b601000 	/System/Library/PrivateFrameworks/LoginUIKit.framework/Versions/A/Frameworks/LoginUICore.framework/Versions/A/LoginUICore
0x000000000b601000 	/usr/lib/libCoreStorage.dylib
0x000000000b601000 	/usr/lib/libcsfde.dylib
0x000000000b601000 	/usr/lib/libodfde.dylib
0x000000000b601000 	/System/Library/Frameworks/DiscRecording.framework/Versions/A/DiscRecording
0x000000000b601000 	/usr/lib/libcurl.4.dylib
0x000000000b601000 	/System/Library/PrivateFrameworks/MediaKit.framework/Versions/A/MediaKit
0x000000000b601000 	/System/Library/PrivateFrameworks/EFILogin.framework/Versions/A/EFILogin
0x000000000b601000 	/usr/lib/libutil.dylib
0x000000000b601000 	/System/Library/PrivateFrameworks/AOSNotification.framework/Versions/A/AOSNotification
0x000000000b601000 	/System/Library/Frameworks/LDAP.framework/Versions/A/LDAP
0x000000000b601000 	/usr/lib/libsasl2.2.dylib
0x000000000b601000 	/usr/lib/libcrypto.0.9.8.dylib
0x000000000b601000 	/usr/lib/libssl.0.9.8.dylib
0x000000011fcf0000 	/Library/Java/JavaVirtualMachines/jdk1.8.0_11.jdk/Contents/Home/jre/lib/libfontmanager.dylib
0x000000012252a000 	/Users/sebastiankarlsson/Documents/workspace/CraftSource/natives/macosx/liblwjgl.dylib
0x000000011fd56000 	/Library/Java/JavaVirtualMachines/jdk1.8.0_11.jdk/Contents/Home/jre/lib/libjawt.dylib
0x000000000b601000 	/System/Library/Frameworks/OpenGL.framework/Versions/A/Resources/GLEngine.bundle/GLEngine
0x000000000b601000 	/System/Library/Frameworks/OpenGL.framework/Versions/A/Libraries/libGLProgrammability.dylib
0x0000000000000000 	/System/Library/Extensions/AppleIntelHD5000GraphicsGLDriver.bundle/Contents/MacOS/AppleIntelHD5000GraphicsGLDriver
0x000000000b601000 	/System/Library/PrivateFrameworks/IOAccelerator.framework/Versions/A/IOAccelerator
0x000000000b601000 	/System/Library/PrivateFrameworks/GPUSupport.framework/Versions/A/Libraries/libGPUSupportMercury.dylib
0x000000000b601000 	/System/Library/Frameworks/OpenGL.framework/Versions/A/Resources/GLRendererFloat.bundle/GLRendererFloat
0x000000000b601000 	/System/Library/Frameworks/OpenCL.framework/Versions/A/Libraries/libcldcpuengine.dylib
0x00000001233aa000 	/Library/Java/JavaVirtualMachines/jdk1.8.0_11.jdk/Contents/Home/jre/lib/libnio.dylib
0x00000001233b9000 	/Library/Java/JavaVirtualMachines/jdk1.8.0_11.jdk/Contents/Home/jre/lib/./libnet.dylib

VM Arguments:
jvm_args: -Dfile.encoding=UTF-8 
java_command: nu.sebka.craftsource.CraftSource
java_class_path (initial): /Users/sebastiankarlsson/Documents/workspace/CraftSource/target/classes:/Users/sebastiankarlsson/Documents/workspace/CraftSource/lib/slick-util.jar:/Users/sebastiankarlsson/Downloads/lwjgl-2.9.1/jar/lwjgl_util.jar:/Users/sebastiankarlsson/Downloads/lwjgl-2.9.1/jar/lwjgl.jar
Launcher Type: SUN_STANDARD

Environment Variables:
PATH=/usr/bin:/bin:/usr/sbin:/sbin
SHELL=/bin/bash

Signal Handlers:
SIGSEGV: [libjvm.dylib+0x56059b], sa_mask[0]=0xfffefeff, sa_flags=0x00000043
SIGBUS: [libjvm.dylib+0x56059b], sa_mask[0]=0xfffefeff, sa_flags=0x00000042
SIGFPE: [libjvm.dylib+0x4438f2], sa_mask[0]=0xfffefeff, sa_flags=0x00000042
SIGPIPE: [libjvm.dylib+0x4438f2], sa_mask[0]=0xfffefeff, sa_flags=0x00000042
SIGXFSZ: [libjvm.dylib+0x4438f2], sa_mask[0]=0xfffefeff, sa_flags=0x00000042
SIGILL: [libjvm.dylib+0x4438f2], sa_mask[0]=0xfffefeff, sa_flags=0x00000042
SIGUSR1: SIG_DFL, sa_mask[0]=0x00000000, sa_flags=0x00000002
SIGUSR2: [libjvm.dylib+0x443410], sa_mask[0]=0x00000004, sa_flags=0x00000042
SIGHUP: [libjvm.dylib+0x44179b], sa_mask[0]=0xfffefeff, sa_flags=0x00000042
SIGINT: [libjvm.dylib+0x44179b], sa_mask[0]=0xfffefeff, sa_flags=0x00000042
SIGTERM: [libjvm.dylib+0x44179b], sa_mask[0]=0xfffefeff, sa_flags=0x00000042
SIGQUIT: [libjvm.dylib+0x44179b], sa_mask[0]=0xfffefeff, sa_flags=0x00000042


---------------  S Y S T E M  ---------------

OS:Bsduname:Darwin 13.3.0 Darwin Kernel Version 13.3.0: Tue Jun  3 21:27:35 PDT 2014; root:xnu-2422.110.17~1/RELEASE_X86_64 x86_64
rlimit: STACK 8192k, CORE 0k, NPROC 709, NOFILE 10240, AS infinity
load average:1.47 1.69 1.61

CPU:total 4 (2 cores per cpu, 2 threads per core) family 6 model 69 stepping 1, cmov, cx8, fxsr, mmx, sse, sse2, sse3, ssse3, sse4.1, sse4.2, popcnt, avx, avx2, aes, clmul, erms, ht, tsc, tscinvbit

Memory: 4k page, physical 4194304k(1780332k free)

/proc/meminfo:


vm_info: Java HotSpot(TM) 64-Bit Server VM (25.11-b03) for bsd-amd64 JRE (1.8.0_11-b12), built on Jun 16 2014 17:39:42 by "java_re" with gcc 4.2.1 (Based on Apple Inc. build 5658) (LLVM build 2336.11.00)

time: Mon Aug 25 16:00:02 2014
elapsed time: 14 seconds

