#
# A fatal error has been detected by the Java Runtime Environment:
#
#  SIGSEGV (0xb) at pc=0x00007fff8f620097, pid=60798, tid=3335
#
# JRE version: Java(TM) SE Runtime Environment (8.0_11-b12) (build 1.8.0_11-b12)
# Java VM: Java HotSpot(TM) 64-Bit Server VM (25.11-b03 mixed mode bsd-amd64 compressed oops)
# Problematic frame:
# C  [libobjc.A.dylib+0x5097]  objc_msgSend+0x17
#
# Failed to write core dump. Core dumps have been disabled. To enable core dumping, try "ulimit -c unlimited" before starting Java again
#
# If you would like to submit a bug report, please visit:
#   http://bugreport.sun.com/bugreport/crash.jsp
# The crash happened outside the Java Virtual Machine in native code.
# See problematic frame for where to report the bug.
#

---------------  T H R E A D  ---------------

Current thread (0x00007f902486f000):  JavaThread "AppKit Thread" daemon [_thread_in_native, id=3335, stack(0x00007fff52120000,0x00007fff52920000)]

siginfo:si_signo=SIGSEGV: si_errno=0, si_code=0 (SEGV0), si_addr=0x0000000000000000

Registers:
RAX=0x00007f9022d52a00, RBX=0x00000000000f43a7, RCX=0x0000000000000000, RDX=0x00007f9022c3dd10
RSP=0x00007fff5291b648, RBP=0x00007fff5291b650, RSI=0x00007fff8ebefb9f, RDI=0x00007f9022d52a00
R8 =0x0000000000000040, R9 =0x00007fff5291b600, R10=0x00007fff8ebefb9f, R11=0x3000000000000000
R12=0x00000000000f43a7, R13=0x00007fff5291b818, R14=0x00007f9022e55f20, R15=0x00007fff5291b778
RIP=0x00007fff8f620097, EFLAGS=0x0000000000010246, ERR=0x0000000000000000
  TRAPNO=0x000000000000000d

Top of Stack: (sp=0x00007fff5291b648)
0x00007fff5291b648:   00007fff994bde0c 00007fff5291b9b0
0x00007fff5291b658:   00007fff993b182d 0000000000000003
0x00007fff5291b668:   000000010d2fd400 00007fff5291b6b0
0x00007fff5291b678:   00007fff9398d272 0000000000000ba0
0x00007fff5291b688:   00000000000f43a9 0000000000000005
0x00007fff5291b698:   00007f9022f3be40 00007f9022f3a4f0
0x00007fff5291b6a8:   00007f9022d12b30 00007f9022c3dd10
0x00007fff5291b6b8:   00007fff5291b770 0000000000000000
0x00007fff5291b6c8:   00000000000f4310 000000000000007c
0x00007fff5291b6d8:   00007fff5291b7f0 0000000000000000
0x00007fff5291b6e8:   0000000000000001 00007f9022d12b20
0x00007fff5291b6f8:   000000000000004f 0000000000203715
0x00007fff5291b708:   0000010000000000 00007fff7f176a60
0x00007fff5291b718:   00002060002336ea 000000007d6e81b8
0x00007fff5291b728:   0000000000000000 00007fff5291b808
0x00007fff5291b738:   00007fff5291b7e8 0000000000000000
0x00007fff5291b748:   00007fff932334a9 0000000000000028
0x00007fff5291b758:   00007fff932336ea 00007fff7d5bfd38
0x00007fff5291b768:   0000000000000000 00007f9022f38620
0x00007fff5291b778:   00007f9022e55f20 0000000000000000
0x00007fff5291b788:   00007fff932334a9 0000000000000000
0x00007fff5291b798:   00007fff7d6ec738 00007fff7d57cd58
0x00007fff5291b7a8:   00007fff7d57cd58 00007fff5291b850
0x00007fff5291b7b8:   00007fff93234261 00007fff7d6ec748
0x00007fff5291b7c8:   00007fff7d6ec74c 000000007d6e81b8
0x00007fff5291b7d8:   00007fff7d6ec738 000000007d6ec748
0x00007fff5291b7e8:   00007fff7d6ec750 000000000000004d
0x00007fff5291b7f8:   0000000000000000 00000000000f42e2
0x00007fff5291b808:   000000000000004f 0000000000000000
0x00007fff5291b818:   00000000000f43a7 000000015291b8c0
0x00007fff5291b828:   00007fff93234261 00007fff7d6ec748
0x00007fff5291b838:   00007fff7d6ec74c 000000007d6e81b8 

Instructions: (pc=0x00007fff8f620097)
0x00007fff8f620077:   90 90 90 90 90 90 90 90 90 48 85 ff 2e 74 72 40
0x00007fff8f620087:   f6 c7 01 2e 0f 85 7e 00 00 00 4c 8b 1f 49 89 f2
0x00007fff8f620097:   45 23 53 18 49 c1 e2 04 4d 03 53 10 49 3b 32 75
0x00007fff8f6200a7:   04 41 ff 62 08 49 83 3a 00 74 74 4d 3b 53 10 74 

Register to memory mapping:

RAX=0x00007f9022d52a00 is an unknown value
RBX=0x00000000000f43a7 is an unknown value
RCX=0x0000000000000000 is an unknown value
RDX=0x00007f9022c3dd10 is an unknown value
RSP=0x00007fff5291b648 is pointing into the stack for thread: 0x00007f902486f000
RBP=0x00007fff5291b650 is pointing into the stack for thread: 0x00007f902486f000
RSI=0x00007fff8ebefb9f: NSAppKitVersionNumber+0x5358f in /System/Library/Frameworks/AppKit.framework/Versions/C/AppKit at 0x00007fff8e14c000
RDI=0x00007f9022d52a00 is an unknown value
R8 =0x0000000000000040 is an unknown value
R9 =0x00007fff5291b600 is pointing into the stack for thread: 0x00007f902486f000
R10=0x00007fff8ebefb9f: NSAppKitVersionNumber+0x5358f in /System/Library/Frameworks/AppKit.framework/Versions/C/AppKit at 0x00007fff8e14c000
R11=0x3000000000000000 is an unknown value
R12=0x00000000000f43a7 is an unknown value
R13=0x00007fff5291b818 is pointing into the stack for thread: 0x00007f902486f000
R14=0x00007f9022e55f20 is an unknown value
R15=0x00007fff5291b778 is pointing into the stack for thread: 0x00007f902486f000


Stack: [0x00007fff52120000,0x00007fff52920000],  sp=0x00007fff5291b648,  free space=8173k
Native frames: (J=compiled Java code, j=interpreted, Vv=VM code, C=native code)
C  [libobjc.A.dylib+0x5097]  objc_msgSend+0x17
C  [CoreFoundation+0x1082d]  _CFXNotificationPost+0xb4d
C  [Foundation+0x27ba]  -[NSNotificationCenter postNotificationName:object:userInfo:]+0x44
C  [AppKit+0x10f5a9]  -[NSSurface _disposeSurface]+0x98
C  [AppKit+0x10f045]  -[NSSurface setWindow:]+0x46
C  [AppKit+0x3af27]  -[NSView _setWindow:]+0x8ea
C  [AppKit+0x3bf7a]  -[NSView removeFromSuperview]+0x15e
C  [AppKit+0x986e9]  -[NSView removeFromSuperviewWithoutNeedingDisplay]+0x26
C  [liblwjgl.dylib+0x9c3e]  +[MacOSXKeyableWindow destroyWindow]+0xde
C  [Foundation+0x6313e]  __NSThreadPerformPerform+0xe5
C  [CoreFoundation+0x7f5b1]  __CFRUNLOOP_IS_CALLING_OUT_TO_A_SOURCE0_PERFORM_FUNCTION__+0x11
C  [CoreFoundation+0x70c62]  __CFRunLoopDoSources0+0xf2
C  [CoreFoundation+0x703ef]  __CFRunLoopRun+0x33f
C  [CoreFoundation+0x6fe75]  CFRunLoopRunSpecific+0x135
C  [HIToolbox+0x2ea0d]  RunCurrentEventLoopInMode+0xe2
C  [HIToolbox+0x2e7b7]  ReceiveNextEventCommon+0x1df
C  [HIToolbox+0x2e5bc]  _BlockUntilNextEventMatchingListInModeWithFilter+0x41
C  [AppKit+0x2424e]  _DPSNextEvent+0x59a
C  [AppKit+0x2389b]  -[NSApplication nextEventMatchingMask:untilDate:inMode:dequeue:]+0x7a
C  [libosxapp.dylib+0x242a]  -[NSApplicationAWT nextEventMatchingMask:untilDate:inMode:dequeue:]+0x7c
C  [AppKit+0x1799c]  -[NSApplication run]+0x229
C  [libosxapp.dylib+0x223e]  +[NSApplicationAWT runAWTLoopWithApp:]+0x9c
C  [libawt_lwawt.dylib+0x439bb]  -[AWTStarter starter:]+0x389
C  [Foundation+0x6313e]  __NSThreadPerformPerform+0xe5
C  [CoreFoundation+0x7f5b1]  __CFRUNLOOP_IS_CALLING_OUT_TO_A_SOURCE0_PERFORM_FUNCTION__+0x11
C  [CoreFoundation+0x70c62]  __CFRunLoopDoSources0+0xf2
C  [CoreFoundation+0x703ef]  __CFRunLoopRun+0x33f
C  [CoreFoundation+0x6fe75]  CFRunLoopRunSpecific+0x135
C  [java+0x56cb]  CreateExecutionEnvironment+0x367
C  [java+0x166c]  JLI_Launch+0x7a0
C  [java+0x7689]  main+0x65
C  [java+0xec4]  start+0x34


---------------  P R O C E S S  ---------------

Java Threads: ( => current thread )
  0x00007f90249d3000 JavaThread "AWT-EventQueue-0" [_thread_blocked, id=53263, stack(0x0000000129d7a000,0x0000000129e7a000)]
  0x00007f902310c000 JavaThread "Java2D Queue Flusher" daemon [_thread_blocked, id=49927, stack(0x000000012806b000,0x000000012816b000)]
  0x00007f90240d2800 JavaThread "Java2D Disposer" daemon [_thread_blocked, id=48691, stack(0x0000000127f68000,0x0000000128068000)]
  0x00007f902405f000 JavaThread "AWT-Shutdown" [_thread_blocked, id=28427, stack(0x00000001249dd000,0x0000000124add000)]
=>0x00007f902486f000 JavaThread "AppKit Thread" daemon [_thread_in_native, id=3335, stack(0x00007fff52120000,0x00007fff52920000)]
  0x00007f9023835000 JavaThread "Service Thread" daemon [_thread_blocked, id=19715, stack(0x0000000122c74000,0x0000000122d74000)]
  0x00007f9023039800 JavaThread "C1 CompilerThread2" daemon [_thread_blocked, id=19203, stack(0x0000000122b71000,0x0000000122c71000)]
  0x00007f9023038800 JavaThread "C2 CompilerThread1" daemon [_thread_blocked, id=18691, stack(0x0000000122a6e000,0x0000000122b6e000)]
  0x00007f902302c800 JavaThread "C2 CompilerThread0" daemon [_thread_blocked, id=18179, stack(0x000000012296b000,0x0000000122a6b000)]
  0x00007f902302c000 JavaThread "Signal Dispatcher" daemon [_thread_blocked, id=17667, stack(0x0000000122868000,0x0000000122968000)]
  0x00007f9024003000 JavaThread "Finalizer" daemon [_thread_blocked, id=12547, stack(0x0000000122618000,0x0000000122718000)]
  0x00007f902380b800 JavaThread "Reference Handler" daemon [_thread_blocked, id=12035, stack(0x0000000122515000,0x0000000122615000)]
  0x00007f9023802800 JavaThread "main" [_thread_in_native, id=6403, stack(0x000000010eac2000,0x000000010ebc2000)]

Other Threads:
  0x00007f902480e800 VMThread [stack: 0x0000000122412000,0x0000000122512000] [id=11523]
  0x00007f9023836000 WatcherThread [stack: 0x0000000122d77000,0x0000000122e77000] [id=20227]

VM state:not at safepoint (normal execution)

VM Mutex/Monitor currently owned by a thread: None

Heap:
 PSYoungGen      total 13824K, used 12365K [0x00000007aab00000, 0x00000007abb00000, 0x00000007c0000000)
  eden space 12288K, 99% used [0x00000007aab00000,0x00000007ab6f3488,0x00000007ab700000)
  from space 1536K, 8% used [0x00000007ab980000,0x00000007ab9a0000,0x00000007abb00000)
  to   space 2048K, 0% used [0x00000007ab700000,0x00000007ab700000,0x00000007ab900000)
 ParOldGen       total 64000K, used 2604K [0x0000000780000000, 0x0000000783e80000, 0x00000007aab00000)
  object space 64000K, 4% used [0x0000000780000000,0x000000078028b328,0x0000000783e80000)
 Metaspace       used 10932K, capacity 11025K, committed 11392K, reserved 1058816K
  class space    used 1258K, capacity 1310K, committed 1408K, reserved 1048576K

Card table byte_map: [0x000000011dfcf000,0x000000011e1d0000] byte_map_base: 0x000000011a3cf000

Marking Bits: (ParMarkBitMap*) 0x000000010e4670a0
 Begin Bits: [0x000000011e732000, 0x000000011f732000)
 End Bits:   [0x000000011f732000, 0x0000000120732000)

Polling page: 0x000000010d3f4000

CodeCache: size=245760Kb used=3264Kb max_used=3275Kb free=242495Kb
 bounds [0x000000010ec0f000, 0x000000010ef4f000, 0x000000011dc0f000]
 total_blobs=1393 nmethods=846 adapters=463
 compilation: enabled

Compilation events (10 events):
Event: 5.255 Thread 0x00007f9023039800  842   !   3       org.lwjgl.opengl.MacOSXDisplay::isCloseRequested (26 bytes)
Event: 5.256 Thread 0x00007f9023039800 nmethod 842 0x000000010ef3b150 code [0x000000010ef3b2a0, 0x000000010ef3b5b0]
Event: 5.265 Thread 0x00007f9023039800  843       3       java.nio.ByteBuffer::put (55 bytes)
Event: 5.265 Thread 0x00007f9023039800 nmethod 843 0x000000010ef3a6d0 code [0x000000010ef3a880, 0x000000010ef3ae68]
Event: 5.265 Thread 0x00007f9023039800  844       3       org.lwjgl.opengl.Display::sync (5 bytes)
Event: 5.265 Thread 0x00007f9023039800 nmethod 844 0x000000010ef3fd90 code [0x000000010ef3ff00, 0x000000010ef40068]
Event: 5.331 Thread 0x00007f9023039800  845   !   3       java.util.zip.Inflater::ended (32 bytes)
Event: 5.331 Thread 0x00007f9023039800 nmethod 845 0x000000010ef40110 code [0x000000010ef40280, 0x000000010ef40650]
Event: 5.331 Thread 0x00007f902302c800  846       4       java.nio.DirectByteBuffer::put (18 bytes)
Event: 5.332 Thread 0x00007f902302c800 nmethod 846 0x000000010ef20d50 code [0x000000010ef20e80, 0x000000010ef20f18]

GC Heap History (10 events):
Event: 1.421 GC heap before
{Heap before GC invocations=8 (full 0):
 PSYoungGen      total 5632K, used 5504K [0x00000007aab00000, 0x00000007ab700000, 0x00000007c0000000)
  eden space 4096K, 100% used [0x00000007aab00000,0x00000007aaf00000,0x00000007aaf00000)
  from space 1536K, 91% used [0x00000007aaf00000,0x00000007ab060000,0x00000007ab080000)
  to   space 2048K, 0% used [0x00000007ab500000,0x00000007ab500000,0x00000007ab700000)
 ParOldGen       total 64000K, used 1219K [0x0000000780000000, 0x0000000783e80000, 0x00000007aab00000)
  object space 64000K, 1% used [0x0000000780000000,0x0000000780130ea8,0x0000000783e80000)
 Metaspace       used 10697K, capacity 10851K, committed 11008K, reserved 1058816K
  class space    used 1223K, capacity 1273K, committed 1280K, reserved 1048576K
Event: 1.424 GC heap after
Heap after GC invocations=8 (full 0):
 PSYoungGen      total 10240K, used 1152K [0x00000007aab00000, 0x00000007ab700000, 0x00000007c0000000)
  eden space 8192K, 0% used [0x00000007aab00000,0x00000007aab00000,0x00000007ab300000)
  from space 2048K, 56% used [0x00000007ab500000,0x00000007ab620000,0x00000007ab700000)
  to   space 2048K, 0% used [0x00000007ab300000,0x00000007ab300000,0x00000007ab500000)
 ParOldGen       total 64000K, used 1395K [0x0000000780000000, 0x0000000783e80000, 0x00000007aab00000)
  object space 64000K, 2% used [0x0000000780000000,0x000000078015cea8,0x0000000783e80000)
 Metaspace       used 10697K, capacity 10851K, committed 11008K, reserved 1058816K
  class space    used 1223K, capacity 1273K, committed 1280K, reserved 1048576K
}
Event: 2.155 GC heap before
{Heap before GC invocations=9 (full 0):
 PSYoungGen      total 10240K, used 9344K [0x00000007aab00000, 0x00000007ab700000, 0x00000007c0000000)
  eden space 8192K, 100% used [0x00000007aab00000,0x00000007ab300000,0x00000007ab300000)
  from space 2048K, 56% used [0x00000007ab500000,0x00000007ab620000,0x00000007ab700000)
  to   space 2048K, 0% used [0x00000007ab300000,0x00000007ab300000,0x00000007ab500000)
 ParOldGen       total 64000K, used 1395K [0x0000000780000000, 0x0000000783e80000, 0x00000007aab00000)
  object space 64000K, 2% used [0x0000000780000000,0x000000078015cea8,0x0000000783e80000)
 Metaspace       used 10699K, capacity 10851K, committed 11008K, reserved 1058816K
  class space    used 1223K, capacity 1273K, committed 1280K, reserved 1048576K
Event: 2.158 GC heap after
Heap after GC invocations=9 (full 0):
 PSYoungGen      total 10240K, used 512K [0x00000007aab00000, 0x00000007abc00000, 0x00000007c0000000)
  eden space 8192K, 0% used [0x00000007aab00000,0x00000007aab00000,0x00000007ab300000)
  from space 2048K, 25% used [0x00000007ab300000,0x00000007ab380000,0x00000007ab500000)
  to   space 2048K, 0% used [0x00000007aba00000,0x00000007aba00000,0x00000007abc00000)
 ParOldGen       total 64000K, used 2060K [0x0000000780000000, 0x0000000783e80000, 0x00000007aab00000)
  object space 64000K, 3% used [0x0000000780000000,0x0000000780203328,0x0000000783e80000)
 Metaspace       used 10699K, capacity 10851K, committed 11008K, reserved 1058816K
  class space    used 1223K, capacity 1273K, committed 1280K, reserved 1048576K
}
Event: 2.705 GC heap before
{Heap before GC invocations=10 (full 0):
 PSYoungGen      total 10240K, used 8704K [0x00000007aab00000, 0x00000007abc00000, 0x00000007c0000000)
  eden space 8192K, 100% used [0x00000007aab00000,0x00000007ab300000,0x00000007ab300000)
  from space 2048K, 25% used [0x00000007ab300000,0x00000007ab380000,0x00000007ab500000)
  to   space 2048K, 0% used [0x00000007aba00000,0x00000007aba00000,0x00000007abc00000)
 ParOldGen       total 64000K, used 2060K [0x0000000780000000, 0x0000000783e80000, 0x00000007aab00000)
  object space 64000K, 3% used [0x0000000780000000,0x0000000780203328,0x0000000783e80000)
 Metaspace       used 10744K, capacity 10865K, committed 11008K, reserved 1058816K
  class space    used 1227K, capacity 1278K, committed 1280K, reserved 1048576K
Event: 2.707 GC heap after
Heap after GC invocations=10 (full 0):
 PSYoungGen      total 15360K, used 160K [0x00000007aab00000, 0x00000007abc00000, 0x00000007c0000000)
  eden space 13312K, 0% used [0x00000007aab00000,0x00000007aab00000,0x00000007ab800000)
  from space 2048K, 7% used [0x00000007aba00000,0x00000007aba28000,0x00000007abc00000)
  to   space 2048K, 0% used [0x00000007ab800000,0x00000007ab800000,0x00000007aba00000)
 ParOldGen       total 64000K, used 2548K [0x0000000780000000, 0x0000000783e80000, 0x00000007aab00000)
  object space 64000K, 3% used [0x0000000780000000,0x000000078027d328,0x0000000783e80000)
 Metaspace       used 10744K, capacity 10865K, committed 11008K, reserved 1058816K
  class space    used 1227K, capacity 1278K, committed 1280K, reserved 1048576K
}
Event: 3.607 GC heap before
{Heap before GC invocations=11 (full 0):
 PSYoungGen      total 15360K, used 13472K [0x00000007aab00000, 0x00000007abc00000, 0x00000007c0000000)
  eden space 13312K, 100% used [0x00000007aab00000,0x00000007ab800000,0x00000007ab800000)
  from space 2048K, 7% used [0x00000007aba00000,0x00000007aba28000,0x00000007abc00000)
  to   space 2048K, 0% used [0x00000007ab800000,0x00000007ab800000,0x00000007aba00000)
 ParOldGen       total 64000K, used 2548K [0x0000000780000000, 0x0000000783e80000, 0x00000007aab00000)
  object space 64000K, 3% used [0x0000000780000000,0x000000078027d328,0x0000000783e80000)
 Metaspace       used 10783K, capacity 10929K, committed 11008K, reserved 1058816K
  class space    used 1230K, capacity 1278K, committed 1280K, reserved 1048576K
Event: 3.607 GC heap after
Heap after GC invocations=11 (full 0):
 PSYoungGen      total 13312K, used 128K [0x00000007aab00000, 0x00000007abb80000, 0x00000007c0000000)
  eden space 12800K, 0% used [0x00000007aab00000,0x00000007aab00000,0x00000007ab780000)
  from space 512K, 25% used [0x00000007ab800000,0x00000007ab820000,0x00000007ab880000)
  to   space 2048K, 0% used [0x00000007ab980000,0x00000007ab980000,0x00000007abb80000)
 ParOldGen       total 64000K, used 2572K [0x0000000780000000, 0x0000000783e80000, 0x00000007aab00000)
  object space 64000K, 4% used [0x0000000780000000,0x0000000780283328,0x0000000783e80000)
 Metaspace       used 10783K, capacity 10929K, committed 11008K, reserved 1058816K
  class space    used 1230K, capacity 1278K, committed 1280K, reserved 1048576K
}
Event: 4.491 GC heap before
{Heap before GC invocations=12 (full 0):
 PSYoungGen      total 13312K, used 12928K [0x00000007aab00000, 0x00000007abb80000, 0x00000007c0000000)
  eden space 12800K, 100% used [0x00000007aab00000,0x00000007ab780000,0x00000007ab780000)
  from space 512K, 25% used [0x00000007ab800000,0x00000007ab820000,0x00000007ab880000)
  to   space 2048K, 0% used [0x00000007ab980000,0x00000007ab980000,0x00000007abb80000)
 ParOldGen       total 64000K, used 2572K [0x0000000780000000, 0x0000000783e80000, 0x00000007aab00000)
  object space 64000K, 4% used [0x0000000780000000,0x0000000780283328,0x0000000783e80000)
 Metaspace       used 10902K, capacity 11025K, committed 11392K, reserved 1058816K
  class space    used 1257K, capacity 1310K, committed 1408K, reserved 1048576K
Event: 4.492 GC heap after
Heap after GC invocations=12 (full 0):
 PSYoungGen      total 13824K, used 128K [0x00000007aab00000, 0x00000007abb00000, 0x00000007c0000000)
  eden space 12288K, 0% used [0x00000007aab00000,0x00000007aab00000,0x00000007ab700000)
  from space 1536K, 8% used [0x00000007ab980000,0x00000007ab9a0000,0x00000007abb00000)
  to   space 2048K, 0% used [0x00000007ab700000,0x00000007ab700000,0x00000007ab900000)
 ParOldGen       total 64000K, used 2604K [0x0000000780000000, 0x0000000783e80000, 0x00000007aab00000)
  object space 64000K, 4% used [0x0000000780000000,0x000000078028b328,0x0000000783e80000)
 Metaspace       used 10902K, capacity 11025K, committed 11392K, reserved 1058816K
  class space    used 1257K, capacity 1310K, committed 1408K, reserved 1048576K
}

Deoptimization events (4 events):
Event: 1.721 Thread 0x00007f9023802800 Uncommon trap: reason=unreached action=reinterpret pc=0x000000010eec2fb4 method=java.lang.Enum.equals(Ljava/lang/Object;)Z @ 2
Event: 1.721 Thread 0x00007f9023802800 Uncommon trap: reason=unreached action=reinterpret pc=0x000000010ee83594 method=java.lang.Enum.equals(Ljava/lang/Object;)Z @ 2
Event: 1.721 Thread 0x00007f9023802800 Uncommon trap: reason=unreached action=reinterpret pc=0x000000010eec6508 method=nu.sebka.craftsource.core.Location.equals(Ljava/lang/Object;)Z @ 2
Event: 1.738 Thread 0x00007f9023802800 Uncommon trap: reason=unreached action=reinterpret pc=0x000000010eec4b40 method=nu.sebka.craftsource.core.Location.equals(Ljava/lang/Object;)Z @ 2

Internal exceptions (10 events):
Event: 0.937 Thread 0x00007f9023802800 Exception <a 'java/security/PrivilegedActionException'> (0x00000007aace1548) thrown at [/HUDSON3/workspace/8-2-build-macosx-x86_64/jdk8u11/648/hotspot/src/share/vm/prims/jvm.cpp, line 1248]
Event: 0.937 Thread 0x00007f9023802800 Exception <a 'java/security/PrivilegedActionException'> (0x00000007aace5870) thrown at [/HUDSON3/workspace/8-2-build-macosx-x86_64/jdk8u11/648/hotspot/src/share/vm/prims/jvm.cpp, line 1248]
Event: 0.938 Thread 0x00007f9023802800 Exception <a 'java/security/PrivilegedActionException'> (0x00000007aace9ea0) thrown at [/HUDSON3/workspace/8-2-build-macosx-x86_64/jdk8u11/648/hotspot/src/share/vm/prims/jvm.cpp, line 1248]
Event: 0.938 Thread 0x00007f9023802800 Exception <a 'java/security/PrivilegedActionException'> (0x00000007aacee178) thrown at [/HUDSON3/workspace/8-2-build-macosx-x86_64/jdk8u11/648/hotspot/src/share/vm/prims/jvm.cpp, line 1248]
Event: 0.939 Thread 0x00007f9023802800 Exception <a 'java/security/PrivilegedActionException'> (0x00000007aacf2158) thrown at [/HUDSON3/workspace/8-2-build-macosx-x86_64/jdk8u11/648/hotspot/src/share/vm/prims/jvm.cpp, line 1248]
Event: 0.947 Thread 0x00007f9023802800 Exception <a 'java/security/PrivilegedActionException'> (0x00000007aacf9498) thrown at [/HUDSON3/workspace/8-2-build-macosx-x86_64/jdk8u11/648/hotspot/src/share/vm/prims/jvm.cpp, line 1248]
Event: 1.018 Thread 0x00007f9023802800 Exception <a 'java/security/PrivilegedActionException'> (0x00000007aad37858) thrown at [/HUDSON3/workspace/8-2-build-macosx-x86_64/jdk8u11/648/hotspot/src/share/vm/prims/jvm.cpp, line 1248]
Event: 1.020 Thread 0x00007f9023802800 Exception <a 'java/security/PrivilegedActionException'> (0x00000007aad3c7f0) thrown at [/HUDSON3/workspace/8-2-build-macosx-x86_64/jdk8u11/648/hotspot/src/share/vm/prims/jvm.cpp, line 1248]
Event: 1.146 Thread 0x00007f9024003000 Exception <a 'java/lang/NullPointerException'> (0x00000007aab0fb20) thrown at [/HUDSON3/workspace/8-2-build-macosx-x86_64/jdk8u11/648/hotspot/src/share/vm/interpreter/linkResolver.cpp, line 1169]
Event: 5.330 Thread 0x00007f9023802800 Exception <a 'java/security/PrivilegedActionException'> (0x00000007ab6c50f0) thrown at [/HUDSON3/workspace/8-2-build-macosx-x86_64/jdk8u11/648/hotspot/src/share/vm/prims/jvm.cpp, line 1248]

Events (10 events):
Event: 4.491 Executing VM operation: ParallelGCFailedAllocation
Event: 4.492 Executing VM operation: ParallelGCFailedAllocation done
Event: 4.787 Thread 0x00007f9023802800 DEOPT PACKING pc=0x000000010eefe37f sp=0x000000010ebc16c0
Event: 4.787 Thread 0x00007f9023802800 DEOPT UNPACKING pc=0x000000010ec5601a sp=0x000000010ebc14f0 mode 0
Event: 5.188 Thread 0x00007f9023802800 DEOPT PACKING pc=0x000000010eefb8df sp=0x000000010ebc1750
Event: 5.188 Thread 0x00007f9023802800 DEOPT UNPACKING pc=0x000000010ec5601a sp=0x000000010ebc14e0 mode 0
Event: 5.228 Thread 0x00007f9023802800 DEOPT PACKING pc=0x000000010ef06d7e sp=0x000000010ebc1710
Event: 5.228 Thread 0x00007f9023802800 DEOPT UNPACKING pc=0x000000010ec5601a sp=0x000000010ebc14e0 mode 0
Event: 5.330 loading class org/lwjgl/opengl/CallbackUtil
Event: 5.330 loading class org/lwjgl/opengl/CallbackUtil done


Dynamic libraries:
0x000000000d26f000 	/System/Library/Frameworks/Cocoa.framework/Versions/A/Cocoa
0x000000000d26f000 	/System/Library/Frameworks/Security.framework/Versions/A/Security
0x000000000d26f000 	/System/Library/Frameworks/ApplicationServices.framework/Versions/A/ApplicationServices
0x000000000d26f000 	/usr/lib/libz.1.dylib
0x000000000d26f000 	/usr/lib/libSystem.B.dylib
0x000000000d26f000 	/usr/lib/libobjc.A.dylib
0x000000000d26f000 	/System/Library/Frameworks/CoreFoundation.framework/Versions/A/CoreFoundation
0x000000000d26f000 	/System/Library/Frameworks/Foundation.framework/Versions/C/Foundation
0x000000000d26f000 	/System/Library/Frameworks/AppKit.framework/Versions/C/AppKit
0x000000000d26f000 	/System/Library/Frameworks/CoreData.framework/Versions/A/CoreData
0x000000000d26f000 	/System/Library/PrivateFrameworks/RemoteViewServices.framework/Versions/A/RemoteViewServices
0x000000000d26f000 	/System/Library/Frameworks/AudioToolbox.framework/Versions/A/AudioToolbox
0x000000000d26f000 	/System/Library/Frameworks/AudioUnit.framework/Versions/A/AudioUnit
0x000000000d26f000 	/System/Library/PrivateFrameworks/DataDetectorsCore.framework/Versions/A/DataDetectorsCore
0x000000000d26f000 	/System/Library/PrivateFrameworks/DesktopServicesPriv.framework/Versions/A/DesktopServicesPriv
0x000000000d26f000 	/System/Library/Frameworks/Carbon.framework/Versions/A/Frameworks/HIToolbox.framework/Versions/A/HIToolbox
0x000000000d26f000 	/System/Library/Frameworks/QuartzCore.framework/Versions/A/QuartzCore
0x000000000d26f000 	/System/Library/Frameworks/Carbon.framework/Versions/A/Frameworks/SpeechRecognition.framework/Versions/A/SpeechRecognition
0x000000000d26f000 	/usr/lib/libauto.dylib
0x000000000d26f000 	/usr/lib/libicucore.A.dylib
0x000000000d26f000 	/usr/lib/libxml2.2.dylib
0x000000000d26f000 	/System/Library/PrivateFrameworks/CoreUI.framework/Versions/A/CoreUI
0x000000000d26f000 	/System/Library/Frameworks/CoreAudio.framework/Versions/A/CoreAudio
0x000000000d26f000 	/System/Library/Frameworks/DiskArbitration.framework/Versions/A/DiskArbitration
0x000000000d26f000 	/usr/lib/liblangid.dylib
0x000000000d26f000 	/System/Library/PrivateFrameworks/MultitouchSupport.framework/Versions/A/MultitouchSupport
0x000000000d26f000 	/System/Library/Frameworks/IOKit.framework/Versions/A/IOKit
0x000000000d26f000 	/usr/lib/libDiagnosticMessagesClient.dylib
0x000000000d26f000 	/System/Library/Frameworks/CoreServices.framework/Versions/A/CoreServices
0x000000000d26f000 	/System/Library/PrivateFrameworks/PerformanceAnalysis.framework/Versions/A/PerformanceAnalysis
0x000000000d26f000 	/System/Library/PrivateFrameworks/GenerationalStorage.framework/Versions/A/GenerationalStorage
0x000000000d26f000 	/System/Library/Frameworks/OpenGL.framework/Versions/A/OpenGL
0x000000000d26f000 	/System/Library/PrivateFrameworks/Sharing.framework/Versions/A/Sharing
0x000000000d26f000 	/System/Library/Frameworks/ImageIO.framework/Versions/A/ImageIO
0x000000000d26f000 	/System/Library/Frameworks/CoreText.framework/Versions/A/CoreText
0x000000000d26f000 	/System/Library/Frameworks/CoreGraphics.framework/Versions/A/CoreGraphics
0x000000000d26f000 	/System/Library/PrivateFrameworks/Backup.framework/Versions/A/Backup
0x000000000d26f000 	/System/Library/Frameworks/CFNetwork.framework/Versions/A/CFNetwork
0x000000000d26f000 	/System/Library/Frameworks/SystemConfiguration.framework/Versions/A/SystemConfiguration
0x000000000d26f000 	/usr/lib/libCRFSuite.dylib
0x000000000d26f000 	/usr/lib/libc++.1.dylib
0x000000000d26f000 	/usr/lib/libc++abi.dylib
0x000000000d26f000 	/usr/lib/system/libcache.dylib
0x000000000d26f000 	/usr/lib/system/libcommonCrypto.dylib
0x000000000d26f000 	/usr/lib/system/libcompiler_rt.dylib
0x000000000d26f000 	/usr/lib/system/libcopyfile.dylib
0x000000000d26f000 	/usr/lib/system/libcorecrypto.dylib
0x000000000d26f000 	/usr/lib/system/libdispatch.dylib
0x000000000d26f000 	/usr/lib/system/libdyld.dylib
0x000000000d26f000 	/usr/lib/system/libkeymgr.dylib
0x000000000d26f000 	/usr/lib/system/liblaunch.dylib
0x000000000d26f000 	/usr/lib/system/libmacho.dylib
0x000000000d26f000 	/usr/lib/system/libquarantine.dylib
0x000000000d26f000 	/usr/lib/system/libremovefile.dylib
0x000000000d26f000 	/usr/lib/system/libsystem_asl.dylib
0x000000000d26f000 	/usr/lib/system/libsystem_blocks.dylib
0x000000000d26f000 	/usr/lib/system/libsystem_c.dylib
0x000000000d26f000 	/usr/lib/system/libsystem_configuration.dylib
0x000000000d26f000 	/usr/lib/system/libsystem_dnssd.dylib
0x000000000d26f000 	/usr/lib/system/libsystem_info.dylib
0x000000000d26f000 	/usr/lib/system/libsystem_kernel.dylib
0x000000000d26f000 	/usr/lib/system/libsystem_m.dylib
0x000000000d26f000 	/usr/lib/system/libsystem_malloc.dylib
0x000000000d26f000 	/usr/lib/system/libsystem_network.dylib
0x000000000d26f000 	/usr/lib/system/libsystem_notify.dylib
0x000000000d26f000 	/usr/lib/system/libsystem_platform.dylib
0x000000000d26f000 	/usr/lib/system/libsystem_pthread.dylib
0x000000000d26f000 	/usr/lib/system/libsystem_sandbox.dylib
0x000000000d26f000 	/usr/lib/system/libsystem_stats.dylib
0x000000000d26f000 	/usr/lib/system/libunc.dylib
0x000000000d26f000 	/usr/lib/system/libunwind.dylib
0x000000000d26f000 	/usr/lib/system/libxpc.dylib
0x000000000d26f000 	/usr/lib/libbsm.0.dylib
0x000000000d26f000 	/usr/lib/libsqlite3.dylib
0x000000000d26f000 	/usr/lib/libxar.1.dylib
0x000000000d26f000 	/usr/lib/libpam.2.dylib
0x000000000d26f000 	/usr/lib/libOpenScriptingUtil.dylib
0x000000000d26f000 	/usr/lib/libbz2.1.0.dylib
0x000000000d26f000 	/System/Library/Frameworks/CoreServices.framework/Versions/A/Frameworks/CarbonCore.framework/Versions/A/CarbonCore
0x000000000d26f000 	/System/Library/Frameworks/CoreServices.framework/Versions/A/Frameworks/Metadata.framework/Versions/A/Metadata
0x000000000d26f000 	/System/Library/Frameworks/CoreServices.framework/Versions/A/Frameworks/OSServices.framework/Versions/A/OSServices
0x000000000d26f000 	/System/Library/Frameworks/CoreServices.framework/Versions/A/Frameworks/SearchKit.framework/Versions/A/SearchKit
0x000000000d26f000 	/System/Library/Frameworks/CoreServices.framework/Versions/A/Frameworks/AE.framework/Versions/A/AE
0x000000000d26f000 	/System/Library/Frameworks/CoreServices.framework/Versions/A/Frameworks/LaunchServices.framework/Versions/A/LaunchServices
0x000000000d26f000 	/System/Library/Frameworks/CoreServices.framework/Versions/A/Frameworks/DictionaryServices.framework/Versions/A/DictionaryServices
0x000000000d26f000 	/System/Library/Frameworks/NetFS.framework/Versions/A/NetFS
0x000000000d26f000 	/usr/lib/system/libkxld.dylib
0x000000000d26f000 	/System/Library/PrivateFrameworks/NetAuth.framework/Versions/A/NetAuth
0x000000000d26f000 	/System/Library/PrivateFrameworks/TCC.framework/Versions/A/TCC
0x000000000d26f000 	/System/Library/Frameworks/OpenDirectory.framework/Versions/A/Frameworks/CFOpenDirectory.framework/Versions/A/CFOpenDirectory
0x000000000d26f000 	/System/Library/Frameworks/ServiceManagement.framework/Versions/A/ServiceManagement
0x000000000d26f000 	/usr/lib/libxslt.1.dylib
0x000000000d26f000 	/System/Library/Frameworks/Carbon.framework/Versions/A/Frameworks/Ink.framework/Versions/A/Ink
0x000000000d26f000 	/System/Library/Frameworks/ApplicationServices.framework/Versions/A/Frameworks/ATS.framework/Versions/A/ATS
0x000000000d26f000 	/System/Library/Frameworks/ApplicationServices.framework/Versions/A/Frameworks/ColorSync.framework/Versions/A/ColorSync
0x000000000d26f000 	/System/Library/Frameworks/ApplicationServices.framework/Versions/A/Frameworks/HIServices.framework/Versions/A/HIServices
0x000000000d26f000 	/System/Library/Frameworks/ApplicationServices.framework/Versions/A/Frameworks/LangAnalysis.framework/Versions/A/LangAnalysis
0x000000000d26f000 	/System/Library/Frameworks/ApplicationServices.framework/Versions/A/Frameworks/PrintCore.framework/Versions/A/PrintCore
0x000000000d26f000 	/System/Library/Frameworks/ApplicationServices.framework/Versions/A/Frameworks/QD.framework/Versions/A/QD
0x000000000d26f000 	/System/Library/Frameworks/ApplicationServices.framework/Versions/A/Frameworks/SpeechSynthesis.framework/Versions/A/SpeechSynthesis
0x000000000d26f000 	/System/Library/Frameworks/IOSurface.framework/Versions/A/IOSurface
0x000000000d26f000 	/System/Library/Frameworks/Accelerate.framework/Versions/A/Accelerate
0x000000000d26f000 	/System/Library/Frameworks/Accelerate.framework/Versions/A/Frameworks/vImage.framework/Versions/A/vImage
0x000000000d26f000 	/System/Library/Frameworks/Accelerate.framework/Versions/A/Frameworks/vecLib.framework/Versions/A/vecLib
0x000000000d26f000 	/System/Library/Frameworks/Accelerate.framework/Versions/A/Frameworks/vecLib.framework/Versions/A/libvDSP.dylib
0x000000000d26f000 	/System/Library/Frameworks/Accelerate.framework/Versions/A/Frameworks/vecLib.framework/Versions/A/libvMisc.dylib
0x000000000d26f000 	/System/Library/Frameworks/Accelerate.framework/Versions/A/Frameworks/vecLib.framework/Versions/A/libLAPACK.dylib
0x000000000d26f000 	/System/Library/Frameworks/Accelerate.framework/Versions/A/Frameworks/vecLib.framework/Versions/A/libBLAS.dylib
0x000000000d26f000 	/System/Library/Frameworks/ApplicationServices.framework/Versions/A/Frameworks/ATS.framework/Versions/A/Resources/libFontParser.dylib
0x000000000d26f000 	/System/Library/Frameworks/ApplicationServices.framework/Versions/A/Frameworks/ATS.framework/Versions/A/Resources/libFontRegistry.dylib
0x000000000d26f000 	/System/Library/Frameworks/ImageIO.framework/Versions/A/Resources/libJPEG.dylib
0x000000000d26f000 	/System/Library/Frameworks/ImageIO.framework/Versions/A/Resources/libTIFF.dylib
0x000000000d26f000 	/System/Library/Frameworks/ImageIO.framework/Versions/A/Resources/libPng.dylib
0x000000000d26f000 	/System/Library/Frameworks/ImageIO.framework/Versions/A/Resources/libGIF.dylib
0x000000000d26f000 	/System/Library/Frameworks/ImageIO.framework/Versions/A/Resources/libJP2.dylib
0x000000000d26f000 	/System/Library/Frameworks/ImageIO.framework/Versions/A/Resources/libRadiance.dylib
0x000000000d26f000 	/usr/lib/libcups.2.dylib
0x000000000d26f000 	/System/Library/Frameworks/Kerberos.framework/Versions/A/Kerberos
0x000000000d26f000 	/System/Library/Frameworks/GSS.framework/Versions/A/GSS
0x000000000d26f000 	/usr/lib/libresolv.9.dylib
0x000000000d26f000 	/usr/lib/libiconv.2.dylib
0x000000000d26f000 	/System/Library/PrivateFrameworks/Heimdal.framework/Versions/A/Heimdal
0x000000000d26f000 	/System/Library/PrivateFrameworks/TrustEvaluationAgent.framework/Versions/A/TrustEvaluationAgent
0x000000000d26f000 	/usr/lib/libheimdal-asn1.dylib
0x000000000d26f000 	/System/Library/Frameworks/OpenDirectory.framework/Versions/A/OpenDirectory
0x000000000d26f000 	/System/Library/PrivateFrameworks/CommonAuth.framework/Versions/A/CommonAuth
0x000000000d26f000 	/System/Library/Frameworks/SecurityFoundation.framework/Versions/A/SecurityFoundation
0x000000000d26f000 	/System/Library/PrivateFrameworks/Bom.framework/Versions/A/Bom
0x000000000d26f000 	/System/Library/Frameworks/CoreVideo.framework/Versions/A/CoreVideo
0x000000000d26f000 	/System/Library/Frameworks/QuartzCore.framework/Versions/A/Frameworks/CoreImage.framework/Versions/A/CoreImage
0x000000000d26f000 	/System/Library/Frameworks/QuartzCore.framework/Versions/A/Frameworks/ScalableUserInterface.framework/Versions/A/ScalableUserInterface
0x000000000d26f000 	/System/Library/Frameworks/OpenGL.framework/Versions/A/Libraries/libGLU.dylib
0x000000000d26f000 	/System/Library/Frameworks/OpenGL.framework/Versions/A/Libraries/libGFXShared.dylib
0x000000000d26f000 	/System/Library/Frameworks/OpenGL.framework/Versions/A/Libraries/libGL.dylib
0x000000000d26f000 	/System/Library/Frameworks/OpenGL.framework/Versions/A/Libraries/libGLImage.dylib
0x000000000d26f000 	/System/Library/Frameworks/OpenGL.framework/Versions/A/Libraries/libCVMSPluginSupport.dylib
0x000000000d26f000 	/System/Library/Frameworks/OpenGL.framework/Versions/A/Libraries/libCoreVMClient.dylib
0x000000000d26f000 	/System/Library/PrivateFrameworks/FaceCore.framework/Versions/A/FaceCore
0x000000000d26f000 	/System/Library/PrivateFrameworks/CrashReporterSupport.framework/Versions/A/CrashReporterSupport
0x000000000d26f000 	/System/Library/Frameworks/OpenCL.framework/Versions/A/OpenCL
0x000000000d26f000 	/System/Library/PrivateFrameworks/AppleFSCompression.framework/Versions/A/AppleFSCompression
0x000000000d26f000 	/System/Library/PrivateFrameworks/Ubiquity.framework/Versions/A/Ubiquity
0x000000000d26f000 	/System/Library/PrivateFrameworks/IconServices.framework/Versions/A/IconServices
0x000000000d26f000 	/System/Library/PrivateFrameworks/ChunkingLibrary.framework/Versions/A/ChunkingLibrary
0x000000000d26f000 	/System/Library/PrivateFrameworks/CoreSymbolication.framework/Versions/A/CoreSymbolication
0x000000000d26f000 	/System/Library/PrivateFrameworks/Symbolication.framework/Versions/A/Symbolication
0x000000000d26f000 	/System/Library/PrivateFrameworks/DebugSymbols.framework/Versions/A/DebugSymbols
0x000000010dc00000 	/Library/Java/JavaVirtualMachines/jdk1.8.0_11.jdk/Contents/Home/jre/lib/server/libjvm.dylib
0x000000000d26f000 	/usr/lib/libstdc++.6.dylib
0x000000010ebc4000 	/Library/Java/JavaVirtualMachines/jdk1.8.0_11.jdk/Contents/Home/jre/lib/libverify.dylib
0x000000010ebd2000 	/Library/Java/JavaVirtualMachines/jdk1.8.0_11.jdk/Contents/Home/jre/lib/libjava.dylib
0x000000010ec06000 	/Library/Java/JavaVirtualMachines/jdk1.8.0_11.jdk/Contents/Home/jre/lib/libzip.dylib
0x000000012271a000 	/System/Library/Frameworks/JavaVM.framework/Frameworks/JavaRuntimeSupport.framework/JavaRuntimeSupport
0x0000000122732000 	/System/Library/Frameworks/JavaVM.framework/Versions/A/Frameworks/JavaNativeFoundation.framework/Versions/A/JavaNativeFoundation
0x0000000122747000 	/System/Library/Frameworks/JavaVM.framework/Versions/A/JavaVM
0x000000000d26f000 	/System/Library/Frameworks/Carbon.framework/Versions/A/Carbon
0x0000000122754000 	/System/Library/PrivateFrameworks/JavaLaunching.framework/Versions/A/JavaLaunching
0x000000000d26f000 	/System/Library/Frameworks/Carbon.framework/Versions/A/Frameworks/CommonPanels.framework/Versions/A/CommonPanels
0x000000000d26f000 	/System/Library/Frameworks/Carbon.framework/Versions/A/Frameworks/Help.framework/Versions/A/Help
0x000000000d26f000 	/System/Library/Frameworks/Carbon.framework/Versions/A/Frameworks/ImageCapture.framework/Versions/A/ImageCapture
0x000000000d26f000 	/System/Library/Frameworks/Carbon.framework/Versions/A/Frameworks/OpenScripting.framework/Versions/A/OpenScripting
0x000000000d26f000 	/System/Library/Frameworks/Carbon.framework/Versions/A/Frameworks/Print.framework/Versions/A/Print
0x000000000d26f000 	/System/Library/Frameworks/Carbon.framework/Versions/A/Frameworks/SecurityHI.framework/Versions/A/SecurityHI
0x0000000122ed9000 	/Library/Java/JavaVirtualMachines/jdk1.8.0_11.jdk/Contents/Home/jre/lib/libawt.dylib
0x0000000122f88000 	/Library/Java/JavaVirtualMachines/jdk1.8.0_11.jdk/Contents/Home/jre/lib/./libmlib_image.dylib
0x0000000123054000 	/Library/Java/JavaVirtualMachines/jdk1.8.0_11.jdk/Contents/Home/jre/lib/libawt_lwawt.dylib
0x0000000123106000 	/Library/Java/JavaVirtualMachines/jdk1.8.0_11.jdk/Contents/Home/jre/lib/./libosxapp.dylib
0x000000000d26f000 	/System/Library/Frameworks/ExceptionHandling.framework/Versions/A/ExceptionHandling
0x000000000d26f000 	/System/Library/PrivateFrameworks/CoreServicesInternal.framework/Versions/A/CoreServicesInternal
0x000000000d26f000 	/System/Library/PrivateFrameworks/Librarian.framework/Versions/A/Librarian
0x000000000d26f000 	/System/Library/Frameworks/CoreGraphics.framework/Versions/A/Resources/libCGCMS.A.dylib
0x000000000d26f000 	/System/Library/Frameworks/CoreGraphics.framework/Versions/A/Resources/libRIP.A.dylib
0x000000000d26f000 	/System/Library/Frameworks/CoreGraphics.framework/Versions/A/Resources/libCGXType.A.dylib
0x000000000d26f000 	/System/Library/PrivateFrameworks/FamilyControls.framework/Versions/A/FamilyControls
0x000000000d26f000 	/System/Library/PrivateFrameworks/CommerceKit.framework/Versions/A/Frameworks/CommerceCore.framework/Versions/A/CommerceCore
0x000000000d26f000 	/System/Library/PrivateFrameworks/SystemAdministration.framework/Versions/A/SystemAdministration
0x000000000d26f000 	/System/Library/Frameworks/DirectoryService.framework/Versions/A/DirectoryService
0x000000000d26f000 	/System/Library/PrivateFrameworks/DiskImages.framework/Versions/A/DiskImages
0x000000000d26f000 	/System/Library/PrivateFrameworks/LoginUIKit.framework/Versions/A/Frameworks/LoginUICore.framework/Versions/A/LoginUICore
0x000000000d26f000 	/usr/lib/libCoreStorage.dylib
0x000000000d26f000 	/usr/lib/libcsfde.dylib
0x000000000d26f000 	/usr/lib/libodfde.dylib
0x000000000d26f000 	/System/Library/Frameworks/DiscRecording.framework/Versions/A/DiscRecording
0x000000000d26f000 	/usr/lib/libcurl.4.dylib
0x000000000d26f000 	/System/Library/PrivateFrameworks/MediaKit.framework/Versions/A/MediaKit
0x000000000d26f000 	/System/Library/PrivateFrameworks/EFILogin.framework/Versions/A/EFILogin
0x000000000d26f000 	/usr/lib/libutil.dylib
0x000000000d26f000 	/System/Library/PrivateFrameworks/AOSNotification.framework/Versions/A/AOSNotification
0x000000000d26f000 	/System/Library/Frameworks/LDAP.framework/Versions/A/LDAP
0x000000000d26f000 	/usr/lib/libsasl2.2.dylib
0x000000000d26f000 	/usr/lib/libcrypto.0.9.8.dylib
0x000000000d26f000 	/usr/lib/libssl.0.9.8.dylib
0x0000000127092000 	/Library/Java/JavaVirtualMachines/jdk1.8.0_11.jdk/Contents/Home/jre/lib/libfontmanager.dylib
0x00000001270f8000 	/Users/sebastiankarlsson/Documents/workspace/CraftSource/natives/macosx/liblwjgl.dylib
0x0000000124894000 	/Library/Java/JavaVirtualMachines/jdk1.8.0_11.jdk/Contents/Home/jre/lib/libjawt.dylib
0x000000000d26f000 	/System/Library/Frameworks/OpenGL.framework/Versions/A/Resources/GLEngine.bundle/GLEngine
0x000000000d26f000 	/System/Library/Frameworks/OpenGL.framework/Versions/A/Libraries/libGLProgrammability.dylib
0x0000000000000000 	/System/Library/Extensions/AppleIntelHD5000GraphicsGLDriver.bundle/Contents/MacOS/AppleIntelHD5000GraphicsGLDriver
0x000000000d26f000 	/System/Library/PrivateFrameworks/IOAccelerator.framework/Versions/A/IOAccelerator
0x000000000d26f000 	/System/Library/PrivateFrameworks/GPUSupport.framework/Versions/A/Libraries/libGPUSupportMercury.dylib
0x000000000d26f000 	/System/Library/Frameworks/OpenGL.framework/Versions/A/Resources/GLRendererFloat.bundle/GLRendererFloat
0x000000000d26f000 	/System/Library/Frameworks/OpenCL.framework/Versions/A/Libraries/libcldcpuengine.dylib
0x0000000127f42000 	/Library/Java/JavaVirtualMachines/jdk1.8.0_11.jdk/Contents/Home/jre/lib/libnio.dylib
0x0000000127f51000 	/Library/Java/JavaVirtualMachines/jdk1.8.0_11.jdk/Contents/Home/jre/lib/./libnet.dylib
0x0000000128c35000 	/Library/Java/JavaVirtualMachines/jdk1.8.0_11.jdk/Contents/Home/jre/lib/libosxui.dylib

VM Arguments:
jvm_args: -Dfile.encoding=UTF-8 
java_command: nu.sebka.craftsource.CraftSource
java_class_path (initial): /Users/sebastiankarlsson/Documents/workspace/CraftSource/target/classes:/Users/sebastiankarlsson/Documents/workspace/CraftSource/lib/slick-util.jar:/Users/sebastiankarlsson/Documents/lwjgl/lwjgl-2.9.1/jar/lwjgl_util.jar:/Users/sebastiankarlsson/Documents/lwjgl/lwjgl-2.9.1/jar/lwjgl.jar
Launcher Type: SUN_STANDARD

Environment Variables:
PATH=/usr/bin:/bin:/usr/sbin:/sbin
SHELL=/bin/bash

Signal Handlers:
SIGSEGV: [libjvm.dylib+0x56059b], sa_mask[0]=0xfffefeff, sa_flags=0x00000043
SIGBUS: [libjvm.dylib+0x56059b], sa_mask[0]=0xfffefeff, sa_flags=0x00000042
SIGFPE: [libjvm.dylib+0x4438f2], sa_mask[0]=0xfffefeff, sa_flags=0x00000042
SIGPIPE: [libjvm.dylib+0x4438f2], sa_mask[0]=0xfffefeff, sa_flags=0x00000042
SIGXFSZ: [libjvm.dylib+0x4438f2], sa_mask[0]=0xfffefeff, sa_flags=0x00000042
SIGILL: [libjvm.dylib+0x4438f2], sa_mask[0]=0xfffefeff, sa_flags=0x00000042
SIGUSR1: SIG_DFL, sa_mask[0]=0x00000000, sa_flags=0x00000002
SIGUSR2: [libjvm.dylib+0x443410], sa_mask[0]=0x00000004, sa_flags=0x00000042
SIGHUP: [libjvm.dylib+0x44179b], sa_mask[0]=0xfffefeff, sa_flags=0x00000042
SIGINT: [libjvm.dylib+0x44179b], sa_mask[0]=0xfffefeff, sa_flags=0x00000042
SIGTERM: [libjvm.dylib+0x44179b], sa_mask[0]=0xfffefeff, sa_flags=0x00000042
SIGQUIT: [libjvm.dylib+0x44179b], sa_mask[0]=0xfffefeff, sa_flags=0x00000042


---------------  S Y S T E M  ---------------

OS:Bsduname:Darwin 13.3.0 Darwin Kernel Version 13.3.0: Tue Jun  3 21:27:35 PDT 2014; root:xnu-2422.110.17~1/RELEASE_X86_64 x86_64
rlimit: STACK 8192k, CORE 0k, NPROC 709, NOFILE 10240, AS infinity
load average:1.68 1.88 1.81

CPU:total 4 (2 cores per cpu, 2 threads per core) family 6 model 69 stepping 1, cmov, cx8, fxsr, mmx, sse, sse2, sse3, ssse3, sse4.1, sse4.2, popcnt, avx, avx2, aes, clmul, erms, ht, tsc, tscinvbit

Memory: 4k page, physical 4194304k(102896k free)

/proc/meminfo:


vm_info: Java HotSpot(TM) 64-Bit Server VM (25.11-b03) for bsd-amd64 JRE (1.8.0_11-b12), built on Jun 16 2014 17:39:42 by "java_re" with gcc 4.2.1 (Based on Apple Inc. build 5658) (LLVM build 2336.11.00)

time: Wed Sep 17 14:23:04 2014
elapsed time: 5 seconds

