#
# A fatal error has been detected by the Java Runtime Environment:
#
#  SIGSEGV (0xb) at pc=0x00007fff8d9b2097, pid=10134, tid=3335
#
# JRE version: Java(TM) SE Runtime Environment (8.0_11-b12) (build 1.8.0_11-b12)
# Java VM: Java HotSpot(TM) 64-Bit Server VM (25.11-b03 mixed mode bsd-amd64 compressed oops)
# Problematic frame:
# C  [libobjc.A.dylib+0x5097]  objc_msgSend+0x17
#
# Failed to write core dump. Core dumps have been disabled. To enable core dumping, try "ulimit -c unlimited" before starting Java again
#
# If you would like to submit a bug report, please visit:
#   http://bugreport.sun.com/bugreport/crash.jsp
# The crash happened outside the Java Virtual Machine in native code.
# See problematic frame for where to report the bug.
#

---------------  T H R E A D  ---------------

Current thread (0x00007fe82b0e6000):  JavaThread "AppKit Thread" daemon [_thread_in_native, id=3335, stack(0x00007fff5abd9000,0x00007fff5b3d9000)]

siginfo:si_signo=SIGSEGV: si_errno=0, si_code=1 (SEGV_MAPERR), si_addr=0x0000000000000018

Registers:
RAX=0x8f002bb54ef38445, RBX=0x00007fe82af51970, RCX=0x00007fe82b0090d0, RDX=0x00000000a1a1a1a1
RSP=0x00007fff5b3d2ba8, RBP=0x00007fff5b3d2bd0, RSI=0x00007fff8cf81bd0, RDI=0x00007fe82af51970
R8 =0x0000000000000002, R9 =0x00007fe82af51e40, R10=0x00007fff8cf81bd0, R11=0x0000000000000000
R12=0x00007fe82ad425a0, R13=0x00007fe82ad6e100, R14=0x00007fe82ad42500, R15=0x0000000000000090
RIP=0x00007fff8d9b2097, EFLAGS=0x0000000000010246, ERR=0x0000000000000004
  TRAPNO=0x000000000000000e

Top of Stack: (sp=0x00007fff5b3d2ba8)
0x00007fff5b3d2ba8:   000000011e61ef4e 00007fe82ad425a0
0x00007fff5b3d2bb8:   000000011e652cb8 00007fe82af43a10
0x00007fff5b3d2bc8:   0000000000000094 00007fff5b3d30b0
0x00007fff5b3d2bd8:   00007fff8c65dac8 0000000000000000
0x00007fff5b3d2be8:   0000000000000000 4094000000000000
0x00007fff5b3d2bf8:   4086800000000000 0000000000000000
0x00007fff5b3d2c08:   0000000000000000 4094000000000000
0x00007fff5b3d2c18:   4086800000000000 00007fff8d9b21c4
0x00007fff5b3d2c28:   00007fe82ae21230 00007fff5b3d2cb0
0x00007fff5b3d2c38:   00007fe82af43a10 401c000000000000
0x00007fff5b3d2c48:   00007fff8cf44fd4 002c000000000001
0x00007fff5b3d2c58:   4030000000000000 401c000000000000
0x00007fff5b3d2c68:   4086980000000000 00007fe82ad214c0
0x00007fff5b3d2c78:   4030000000000000 00007fe82ae21230
0x00007fff5b3d2c88:   0000000000000000 00007fe82ad425a0
0x00007fff5b3d2c98:   0000000000000000 00007fff5b3d2d01
0x00007fff5b3d2ca8:   00007fff5b3d2e10 00007fff5b3d2e00
0x00007fff5b3d2cb8:   00007fff8c7426da 00007fff5b3d2e00
0x00007fff5b3d2cc8:   00007fff8c743109 402c000000000000
0x00007fff5b3d2cd8:   4030000000000000 401c000000000000
0x00007fff5b3d2ce8:   4086980000000000 402c000000000000
0x00007fff5b3d2cf8:   4030000000000000 0000000000000000
0x00007fff5b3d2d08:   0000000000000000 4094000000000000
0x00007fff5b3d2d18:   4087300000000000 401c000000000000
0x00007fff5b3d2d28:   4086980000000000 0000000104844e00
0x00007fff5b3d2d38:   00007fe82af8c8b0 0000000000000800
0x00007fff5b3d2d48:   00007fe82af00000 00007fe82af8c800
0x00007fff5b3d2d58:   0000000104844e00 00007fff5b3d2e00
0x00007fff5b3d2d68:   00007fff91d1819a 00007fe82af92600
0x00007fff5b3d2d78:   00007fe82affc080 00007fff5b3d2e20
0x00007fff5b3d2d88:   00000000000008c9 000000000008a490
0x00007fff5b3d2d98:   00000000000000b0 00007fe82021000b 

Instructions: (pc=0x00007fff8d9b2097)
0x00007fff8d9b2077:   90 90 90 90 90 90 90 90 90 48 85 ff 2e 74 72 40
0x00007fff8d9b2087:   f6 c7 01 2e 0f 85 7e 00 00 00 4c 8b 1f 49 89 f2
0x00007fff8d9b2097:   45 23 53 18 49 c1 e2 04 4d 03 53 10 49 3b 32 75
0x00007fff8d9b20a7:   04 41 ff 62 08 49 83 3a 00 74 74 4d 3b 53 10 74 

Register to memory mapping:

RAX=0x8f002bb54ef38445 is an unknown value
RBX=0x00007fe82af51970 is an unknown value
RCX=0x00007fe82b0090d0 is an unknown value
RDX=0x00000000a1a1a1a1 is an unknown value
RSP=0x00007fff5b3d2ba8 is pointing into the stack for thread: 0x00007fe82b0e6000
RBP=0x00007fff5b3d2bd0 is pointing into the stack for thread: 0x00007fe82b0e6000
RSI=0x00007fff8cf81bd0: NSAppKitVersionNumber+0x535c0 in /System/Library/Frameworks/AppKit.framework/Versions/C/AppKit at 0x00007fff8c4de000
RDI=0x00007fe82af51970 is an unknown value
R8 =0x0000000000000002 is an unknown value
R9 =0x00007fe82af51e40 is an unknown value
R10=0x00007fff8cf81bd0: NSAppKitVersionNumber+0x535c0 in /System/Library/Frameworks/AppKit.framework/Versions/C/AppKit at 0x00007fff8c4de000
R11=0x0000000000000000 is an unknown value
R12=0x00007fe82ad425a0 is an unknown value
R13=0x00007fe82ad6e100 is an unknown value
R14=0x00007fe82ad42500 is an unknown value
R15=0x0000000000000090 is an unknown value


Stack: [0x00007fff5abd9000,0x00007fff5b3d9000],  sp=0x00007fff5b3d2ba8,  free space=8166k
Native frames: (J=compiled Java code, j=interpreted, Vv=VM code, C=native code)
C  [libobjc.A.dylib+0x5097]  objc_msgSend+0x17
C  [AppKit+0x17fac8]  -[NSView _recursiveDisplayRectIfNeededIgnoringOpacity:isVisibleRect:rectIsVisibleRectForView:topView:]+0x70b
C  [AppKit+0x180bc4]  -[NSView _recursiveDisplayRectIfNeededIgnoringOpacity:isVisibleRect:rectIsVisibleRectForView:topView:]+0x1807
C  [AppKit+0x17eeb1]  -[NSThemeFrame _recursiveDisplayRectIfNeededIgnoringOpacity:isVisibleRect:rectIsVisibleRectForView:topView:]+0x13a
C  [AppKit+0x17be9f]  -[NSView _displayRectIgnoringOpacity:isVisibleRect:rectIsVisibleRectForView:]+0xb0c
C  [AppKit+0x15b2da]  -[NSView displayIfNeeded]+0x690
C  [AppKit+0x1c074e]  _handleWindowNeedsDisplayOrLayoutOrUpdateConstraints+0x374
C  [Foundation+0x640f4]  __NSFireTimer+0x60
C  [CoreFoundation+0xb53e4]  __CFRUNLOOP_IS_CALLING_OUT_TO_A_TIMER_CALLBACK_FUNCTION__+0x14
C  [CoreFoundation+0xb4f1f]  __CFRunLoopDoTimer+0x47f
C  [CoreFoundation+0x1265aa]  __CFRunLoopDoTimers+0x12a
C  [CoreFoundation+0x706a5]  __CFRunLoopRun+0x5f5
C  [CoreFoundation+0x6fe75]  CFRunLoopRunSpecific+0x135
C  [HIToolbox+0x2ea0d]  RunCurrentEventLoopInMode+0xe2
C  [HIToolbox+0x2e7b7]  ReceiveNextEventCommon+0x1df
C  [HIToolbox+0x2e5bc]  _BlockUntilNextEventMatchingListInModeWithFilter+0x41
C  [AppKit+0x2424e]  _DPSNextEvent+0x59a
C  [AppKit+0x2389b]  -[NSApplication nextEventMatchingMask:untilDate:inMode:dequeue:]+0x7a
C  [libosxapp.dylib+0x242a]  -[NSApplicationAWT nextEventMatchingMask:untilDate:inMode:dequeue:]+0x7c
C  [AppKit+0x1799c]  -[NSApplication run]+0x229
C  [libosxapp.dylib+0x223e]  +[NSApplicationAWT runAWTLoopWithApp:]+0x9c
C  [libawt_lwawt.dylib+0x439bb]  -[AWTStarter starter:]+0x389
C  [Foundation+0x6313e]  __NSThreadPerformPerform+0xe5
C  [CoreFoundation+0x7f5b1]  __CFRUNLOOP_IS_CALLING_OUT_TO_A_SOURCE0_PERFORM_FUNCTION__+0x11
C  [CoreFoundation+0x70c62]  __CFRunLoopDoSources0+0xf2
C  [CoreFoundation+0x703ef]  __CFRunLoopRun+0x33f
C  [CoreFoundation+0x6fe75]  CFRunLoopRunSpecific+0x135
C  [java+0x56cb]  CreateExecutionEnvironment+0x367
C  [java+0x166c]  JLI_Launch+0x7a0
C  [java+0x7689]  main+0x65
C  [java+0xec4]  start+0x34


---------------  P R O C E S S  ---------------

Java Threads: ( => current thread )
  0x00007fe82c085000 JavaThread "Java2D Queue Flusher" daemon [_thread_blocked, id=49927, stack(0x000000011f5c2000,0x000000011f6c2000)]
  0x00007fe82c939000 JavaThread "Java2D Disposer" daemon [_thread_blocked, id=48691, stack(0x000000011f4bf000,0x000000011f5bf000)]
  0x00007fe82c05d000 JavaThread "AWT-Shutdown" [_thread_blocked, id=28683, stack(0x000000011bfe3000,0x000000011c0e3000)]
=>0x00007fe82b0e6000 JavaThread "AppKit Thread" daemon [_thread_in_native, id=3335, stack(0x00007fff5abd9000,0x00007fff5b3d9000)]
  0x00007fe82c81a800 JavaThread "Service Thread" daemon [_thread_blocked, id=19971, stack(0x000000011a242000,0x000000011a342000)]
  0x00007fe82c022000 JavaThread "C1 CompilerThread2" daemon [_thread_blocked, id=19459, stack(0x000000011a13f000,0x000000011a23f000)]
  0x00007fe82c021000 JavaThread "C2 CompilerThread1" daemon [_thread_blocked, id=18947, stack(0x000000011a03c000,0x000000011a13c000)]
  0x00007fe82c01f800 JavaThread "C2 CompilerThread0" daemon [_thread_blocked, id=18435, stack(0x0000000119f39000,0x000000011a039000)]
  0x00007fe82c02d800 JavaThread "Signal Dispatcher" daemon [_thread_blocked, id=17923, stack(0x0000000119e36000,0x0000000119f36000)]
  0x00007fe82b061800 JavaThread "Finalizer" daemon [_thread_blocked, id=12547, stack(0x0000000119b71000,0x0000000119c71000)]
  0x00007fe82b01a800 JavaThread "Reference Handler" daemon [_thread_blocked, id=12035, stack(0x0000000119a6e000,0x0000000119b6e000)]
  0x00007fe82b00f000 JavaThread "main" [_thread_in_native, id=6403, stack(0x00000001060c2000,0x00000001061c2000)]

Other Threads:
  0x00007fe82c00d000 VMThread [stack: 0x000000011996b000,0x0000000119a6b000] [id=11523]
  0x00007fe82c81b800 WatcherThread [stack: 0x000000011a345000,0x000000011a445000] [id=20483]

VM state:not at safepoint (normal execution)

VM Mutex/Monitor currently owned by a thread: None

Heap:
 PSYoungGen      total 10752K, used 3553K [0x00000007aab00000, 0x00000007aba00000, 0x00000007c0000000)
  eden space 10240K, 34% used [0x00000007aab00000,0x00000007aae68780,0x00000007ab500000)
  from space 512K, 12% used [0x00000007ab980000,0x00000007ab990000,0x00000007aba00000)
  to   space 512K, 0% used [0x00000007ab900000,0x00000007ab900000,0x00000007ab980000)
 ParOldGen       total 64000K, used 2902K [0x0000000780000000, 0x0000000783e80000, 0x00000007aab00000)
  object space 64000K, 4% used [0x0000000780000000,0x00000007802d5a28,0x0000000783e80000)
 Metaspace       used 8509K, capacity 8669K, committed 8960K, reserved 1056768K
  class space    used 912K, capacity 951K, committed 1024K, reserved 1048576K

Card table byte_map: [0x0000000115584000,0x0000000115785000] byte_map_base: 0x0000000111984000

Marking Bits: (ParMarkBitMap*) 0x0000000105a670a0
 Begin Bits: [0x0000000115ce7000, 0x0000000116ce7000)
 End Bits:   [0x0000000116ce7000, 0x0000000117ce7000)

Polling page: 0x000000010497d000

CodeCache: size=245760Kb used=3053Kb max_used=3064Kb free=242706Kb
 bounds [0x00000001061c4000, 0x00000001064d4000, 0x00000001151c4000]
 total_blobs=1229 nmethods=745 adapters=400
 compilation: enabled

Compilation events (10 events):
Event: 15.119 Thread 0x00007fe82c022000  743       3       nu.sebka.craftsource.Camera::move (61 bytes)
Event: 15.120 Thread 0x00007fe82c022000 nmethod 743 0x00000001064bfa90 code [0x00000001064bfc40, 0x00000001064c0310]
Event: 16.000 Thread 0x00007fe82c01f800  744       4       java.nio.DirectIntBufferU::get (16 bytes)
Event: 16.001 Thread 0x00007fe82c01f800 nmethod 744 0x00000001064bb0d0 code [0x00000001064bb200, 0x00000001064bb298]
Event: 16.789 Thread 0x00007fe82c021000  745       4       java.nio.Bits::makeInt (29 bytes)
Event: 16.789 Thread 0x00007fe82c021000 nmethod 745 0x0000000106458fd0 code [0x0000000106459100, 0x0000000106459158]
Event: 17.789 Thread 0x00007fe82c022000  746       3       org.lwjgl.input.Mouse::getImplementation (4 bytes)
Event: 17.789 Thread 0x00007fe82c022000 nmethod 746 0x00000001064c2d90 code [0x00000001064c2ee0, 0x00000001064c3010]
Event: 22.173 Thread 0x00007fe82c01f800  747       4       java.nio.DirectByteBuffer::put (18 bytes)
Event: 22.174 Thread 0x00007fe82c01f800 nmethod 747 0x00000001064c1610 code [0x00000001064c1740, 0x00000001064c17d8]

GC Heap History (10 events):
Event: 21.574 GC heap before
{Heap before GC invocations=152 (full 0):
 PSYoungGen      total 10752K, used 10304K [0x00000007aab00000, 0x00000007aba00000, 0x00000007c0000000)
  eden space 10240K, 100% used [0x00000007aab00000,0x00000007ab500000,0x00000007ab500000)
  from space 512K, 12% used [0x00000007ab900000,0x00000007ab910000,0x00000007ab980000)
  to   space 512K, 0% used [0x00000007ab980000,0x00000007ab980000,0x00000007aba00000)
 ParOldGen       total 64000K, used 2902K [0x0000000780000000, 0x0000000783e80000, 0x00000007aab00000)
  object space 64000K, 4% used [0x0000000780000000,0x00000007802d5a28,0x0000000783e80000)
 Metaspace       used 8503K, capacity 8605K, committed 8704K, reserved 1056768K
  class space    used 911K, capacity 951K, committed 1024K, reserved 1048576K
Event: 21.575 GC heap after
Heap after GC invocations=152 (full 0):
 PSYoungGen      total 10752K, used 32K [0x00000007aab00000, 0x00000007aba00000, 0x00000007c0000000)
  eden space 10240K, 0% used [0x00000007aab00000,0x00000007aab00000,0x00000007ab500000)
  from space 512K, 6% used [0x00000007ab980000,0x00000007ab988000,0x00000007aba00000)
  to   space 512K, 0% used [0x00000007ab900000,0x00000007ab900000,0x00000007ab980000)
 ParOldGen       total 64000K, used 2902K [0x0000000780000000, 0x0000000783e80000, 0x00000007aab00000)
  object space 64000K, 4% used [0x0000000780000000,0x00000007802d5a28,0x0000000783e80000)
 Metaspace       used 8503K, capacity 8605K, committed 8704K, reserved 1056768K
  class space    used 911K, capacity 951K, committed 1024K, reserved 1048576K
}
Event: 21.709 GC heap before
{Heap before GC invocations=153 (full 0):
 PSYoungGen      total 10752K, used 10272K [0x00000007aab00000, 0x00000007aba00000, 0x00000007c0000000)
  eden space 10240K, 100% used [0x00000007aab00000,0x00000007ab500000,0x00000007ab500000)
  from space 512K, 6% used [0x00000007ab980000,0x00000007ab988000,0x00000007aba00000)
  to   space 512K, 0% used [0x00000007ab900000,0x00000007ab900000,0x00000007ab980000)
 ParOldGen       total 64000K, used 2902K [0x0000000780000000, 0x0000000783e80000, 0x00000007aab00000)
  object space 64000K, 4% used [0x0000000780000000,0x00000007802d5a28,0x0000000783e80000)
 Metaspace       used 8503K, capacity 8605K, committed 8704K, reserved 1056768K
  class space    used 911K, capacity 951K, committed 1024K, reserved 1048576K
Event: 21.709 GC heap after
Heap after GC invocations=153 (full 0):
 PSYoungGen      total 10752K, used 64K [0x00000007aab00000, 0x00000007aba00000, 0x00000007c0000000)
  eden space 10240K, 0% used [0x00000007aab00000,0x00000007aab00000,0x00000007ab500000)
  from space 512K, 12% used [0x00000007ab900000,0x00000007ab910000,0x00000007ab980000)
  to   space 512K, 0% used [0x00000007ab980000,0x00000007ab980000,0x00000007aba00000)
 ParOldGen       total 64000K, used 2902K [0x0000000780000000, 0x0000000783e80000, 0x00000007aab00000)
  object space 64000K, 4% used [0x0000000780000000,0x00000007802d5a28,0x0000000783e80000)
 Metaspace       used 8503K, capacity 8605K, committed 8704K, reserved 1056768K
  class space    used 911K, capacity 951K, committed 1024K, reserved 1048576K
}
Event: 21.841 GC heap before
{Heap before GC invocations=154 (full 0):
 PSYoungGen      total 10752K, used 10304K [0x00000007aab00000, 0x00000007aba00000, 0x00000007c0000000)
  eden space 10240K, 100% used [0x00000007aab00000,0x00000007ab500000,0x00000007ab500000)
  from space 512K, 12% used [0x00000007ab900000,0x00000007ab910000,0x00000007ab980000)
  to   space 512K, 0% used [0x00000007ab980000,0x00000007ab980000,0x00000007aba00000)
 ParOldGen       total 64000K, used 2902K [0x0000000780000000, 0x0000000783e80000, 0x00000007aab00000)
  object space 64000K, 4% used [0x0000000780000000,0x00000007802d5a28,0x0000000783e80000)
 Metaspace       used 8503K, capacity 8605K, committed 8704K, reserved 1056768K
  class space    used 911K, capacity 951K, committed 1024K, reserved 1048576K
Event: 21.842 GC heap after
Heap after GC invocations=154 (full 0):
 PSYoungGen      total 10752K, used 64K [0x00000007aab00000, 0x00000007aba00000, 0x00000007c0000000)
  eden space 10240K, 0% used [0x00000007aab00000,0x00000007aab00000,0x00000007ab500000)
  from space 512K, 12% used [0x00000007ab980000,0x00000007ab990000,0x00000007aba00000)
  to   space 512K, 0% used [0x00000007ab900000,0x00000007ab900000,0x00000007ab980000)
 ParOldGen       total 64000K, used 2902K [0x0000000780000000, 0x0000000783e80000, 0x00000007aab00000)
  object space 64000K, 4% used [0x0000000780000000,0x00000007802d5a28,0x0000000783e80000)
 Metaspace       used 8503K, capacity 8605K, committed 8704K, reserved 1056768K
  class space    used 911K, capacity 951K, committed 1024K, reserved 1048576K
}
Event: 21.974 GC heap before
{Heap before GC invocations=155 (full 0):
 PSYoungGen      total 10752K, used 10304K [0x00000007aab00000, 0x00000007aba00000, 0x00000007c0000000)
  eden space 10240K, 100% used [0x00000007aab00000,0x00000007ab500000,0x00000007ab500000)
  from space 512K, 12% used [0x00000007ab980000,0x00000007ab990000,0x00000007aba00000)
  to   space 512K, 0% used [0x00000007ab900000,0x00000007ab900000,0x00000007ab980000)
 ParOldGen       total 64000K, used 2902K [0x0000000780000000, 0x0000000783e80000, 0x00000007aab00000)
  object space 64000K, 4% used [0x0000000780000000,0x00000007802d5a28,0x0000000783e80000)
 Metaspace       used 8503K, capacity 8605K, committed 8704K, reserved 1056768K
  class space    used 911K, capacity 951K, committed 1024K, reserved 1048576K
Event: 21.975 GC heap after
Heap after GC invocations=155 (full 0):
 PSYoungGen      total 10752K, used 64K [0x00000007aab00000, 0x00000007aba00000, 0x00000007c0000000)
  eden space 10240K, 0% used [0x00000007aab00000,0x00000007aab00000,0x00000007ab500000)
  from space 512K, 12% used [0x00000007ab900000,0x00000007ab910000,0x00000007ab980000)
  to   space 512K, 0% used [0x00000007ab980000,0x00000007ab980000,0x00000007aba00000)
 ParOldGen       total 64000K, used 2902K [0x0000000780000000, 0x0000000783e80000, 0x00000007aab00000)
  object space 64000K, 4% used [0x0000000780000000,0x00000007802d5a28,0x0000000783e80000)
 Metaspace       used 8503K, capacity 8605K, committed 8704K, reserved 1056768K
  class space    used 911K, capacity 951K, committed 1024K, reserved 1048576K
}
Event: 22.108 GC heap before
{Heap before GC invocations=156 (full 0):
 PSYoungGen      total 10752K, used 10304K [0x00000007aab00000, 0x00000007aba00000, 0x00000007c0000000)
  eden space 10240K, 100% used [0x00000007aab00000,0x00000007ab500000,0x00000007ab500000)
  from space 512K, 12% used [0x00000007ab900000,0x00000007ab910000,0x00000007ab980000)
  to   space 512K, 0% used [0x00000007ab980000,0x00000007ab980000,0x00000007aba00000)
 ParOldGen       total 64000K, used 2902K [0x0000000780000000, 0x0000000783e80000, 0x00000007aab00000)
  object space 64000K, 4% used [0x0000000780000000,0x00000007802d5a28,0x0000000783e80000)
 Metaspace       used 8503K, capacity 8605K, committed 8704K, reserved 1056768K
  class space    used 911K, capacity 951K, committed 1024K, reserved 1048576K
Event: 22.109 GC heap after
Heap after GC invocations=156 (full 0):
 PSYoungGen      total 10752K, used 64K [0x00000007aab00000, 0x00000007aba00000, 0x00000007c0000000)
  eden space 10240K, 0% used [0x00000007aab00000,0x00000007aab00000,0x00000007ab500000)
  from space 512K, 12% used [0x00000007ab980000,0x00000007ab990000,0x00000007aba00000)
  to   space 512K, 0% used [0x00000007ab900000,0x00000007ab900000,0x00000007ab980000)
 ParOldGen       total 64000K, used 2902K [0x0000000780000000, 0x0000000783e80000, 0x00000007aab00000)
  object space 64000K, 4% used [0x0000000780000000,0x00000007802d5a28,0x0000000783e80000)
 Metaspace       used 8503K, capacity 8605K, committed 8704K, reserved 1056768K
  class space    used 911K, capacity 951K, committed 1024K, reserved 1048576K
}

Deoptimization events (2 events):
Event: 0.950 Thread 0x00007fe82b00f000 Uncommon trap: reason=unreached action=reinterpret pc=0x000000010640c5ec method=nu.sebka.craftsource.Camera.getFacingBlock()Lnu/sebka/craftsource/blocks/Block; @ 121
Event: 0.950 Thread 0x00007fe82b00f000 Uncommon trap: reason=unreached action=reinterpret pc=0x00000001064477d4 method=nu.sebka.craftsource.Camera.getFacingBlock()Lnu/sebka/craftsource/blocks/Block; @ 121

Internal exceptions (10 events):
Event: 0.699 Thread 0x00007fe82b00f000 Exception <a 'java/security/PrivilegedActionException'> (0x00000007aabad8e0) thrown at [/HUDSON3/workspace/8-2-build-macosx-x86_64/jdk8u11/648/hotspot/src/share/vm/prims/jvm.cpp, line 1248]
Event: 0.700 Thread 0x00007fe82b00f000 Exception <a 'java/security/PrivilegedActionException'> (0x00000007aabb1b78) thrown at [/HUDSON3/workspace/8-2-build-macosx-x86_64/jdk8u11/648/hotspot/src/share/vm/prims/jvm.cpp, line 1248]
Event: 0.700 Thread 0x00007fe82b00f000 Exception <a 'java/security/PrivilegedActionException'> (0x00000007aabb5e50) thrown at [/HUDSON3/workspace/8-2-build-macosx-x86_64/jdk8u11/648/hotspot/src/share/vm/prims/jvm.cpp, line 1248]
Event: 0.701 Thread 0x00007fe82b00f000 Exception <a 'java/security/PrivilegedActionException'> (0x00000007aabb9ff0) thrown at [/HUDSON3/workspace/8-2-build-macosx-x86_64/jdk8u11/648/hotspot/src/share/vm/prims/jvm.cpp, line 1248]
Event: 0.701 Thread 0x00007fe82b00f000 Exception <a 'java/security/PrivilegedActionException'> (0x00000007aabbdfa8) thrown at [/HUDSON3/workspace/8-2-build-macosx-x86_64/jdk8u11/648/hotspot/src/share/vm/prims/jvm.cpp, line 1248]
Event: 0.703 Thread 0x00007fe82b00f000 Exception <a 'java/security/PrivilegedActionException'> (0x00000007aabc4e10) thrown at [/HUDSON3/workspace/8-2-build-macosx-x86_64/jdk8u11/648/hotspot/src/share/vm/prims/jvm.cpp, line 1248]
Event: 0.773 Thread 0x00007fe82b00f000 Exception <a 'java/security/PrivilegedActionException'> (0x00000007aacd4430) thrown at [/HUDSON3/workspace/8-2-build-macosx-x86_64/jdk8u11/648/hotspot/src/share/vm/prims/jvm.cpp, line 1248]
Event: 0.774 Thread 0x00007fe82b00f000 Exception <a 'java/security/PrivilegedActionException'> (0x00000007aacd9370) thrown at [/HUDSON3/workspace/8-2-build-macosx-x86_64/jdk8u11/648/hotspot/src/share/vm/prims/jvm.cpp, line 1248]
Event: 1.928 Thread 0x00007fe82b00f000 Exception <a 'java/security/PrivilegedActionException'> (0x00000007ab622ff0) thrown at [/HUDSON3/workspace/8-2-build-macosx-x86_64/jdk8u11/648/hotspot/src/share/vm/prims/jvm.cpp, line 1248]
Event: 22.172 Thread 0x00007fe82b00f000 Exception <a 'java/security/PrivilegedActionException'> (0x00000007aae4bf70) thrown at [/HUDSON3/workspace/8-2-build-macosx-x86_64/jdk8u11/648/hotspot/src/share/vm/prims/jvm.cpp, line 1248]

Events (10 events):
Event: 21.708 Executing VM operation: ParallelGCFailedAllocation
Event: 21.709 Executing VM operation: ParallelGCFailedAllocation done
Event: 21.841 Executing VM operation: ParallelGCFailedAllocation
Event: 21.842 Executing VM operation: ParallelGCFailedAllocation done
Event: 21.974 Executing VM operation: ParallelGCFailedAllocation
Event: 21.975 Executing VM operation: ParallelGCFailedAllocation done
Event: 22.108 Executing VM operation: ParallelGCFailedAllocation
Event: 22.109 Executing VM operation: ParallelGCFailedAllocation done
Event: 22.172 loading class org/lwjgl/opengl/CallbackUtil
Event: 22.172 loading class org/lwjgl/opengl/CallbackUtil done


Dynamic libraries:
0x000000000b601000 	/System/Library/Frameworks/Cocoa.framework/Versions/A/Cocoa
0x000000000b601000 	/System/Library/Frameworks/Security.framework/Versions/A/Security
0x000000000b601000 	/System/Library/Frameworks/ApplicationServices.framework/Versions/A/ApplicationServices
0x000000000b601000 	/usr/lib/libz.1.dylib
0x000000000b601000 	/usr/lib/libSystem.B.dylib
0x000000000b601000 	/usr/lib/libobjc.A.dylib
0x000000000b601000 	/System/Library/Frameworks/CoreFoundation.framework/Versions/A/CoreFoundation
0x000000000b601000 	/System/Library/Frameworks/Foundation.framework/Versions/C/Foundation
0x000000000b601000 	/System/Library/Frameworks/AppKit.framework/Versions/C/AppKit
0x000000000b601000 	/System/Library/Frameworks/CoreData.framework/Versions/A/CoreData
0x000000000b601000 	/System/Library/PrivateFrameworks/RemoteViewServices.framework/Versions/A/RemoteViewServices
0x000000000b601000 	/System/Library/Frameworks/AudioToolbox.framework/Versions/A/AudioToolbox
0x000000000b601000 	/System/Library/Frameworks/AudioUnit.framework/Versions/A/AudioUnit
0x000000000b601000 	/System/Library/PrivateFrameworks/DataDetectorsCore.framework/Versions/A/DataDetectorsCore
0x000000000b601000 	/System/Library/PrivateFrameworks/DesktopServicesPriv.framework/Versions/A/DesktopServicesPriv
0x000000000b601000 	/System/Library/Frameworks/Carbon.framework/Versions/A/Frameworks/HIToolbox.framework/Versions/A/HIToolbox
0x000000000b601000 	/System/Library/Frameworks/QuartzCore.framework/Versions/A/QuartzCore
0x000000000b601000 	/System/Library/Frameworks/Carbon.framework/Versions/A/Frameworks/SpeechRecognition.framework/Versions/A/SpeechRecognition
0x000000000b601000 	/usr/lib/libauto.dylib
0x000000000b601000 	/usr/lib/libicucore.A.dylib
0x000000000b601000 	/usr/lib/libxml2.2.dylib
0x000000000b601000 	/System/Library/PrivateFrameworks/CoreUI.framework/Versions/A/CoreUI
0x000000000b601000 	/System/Library/Frameworks/CoreAudio.framework/Versions/A/CoreAudio
0x000000000b601000 	/System/Library/Frameworks/DiskArbitration.framework/Versions/A/DiskArbitration
0x000000000b601000 	/usr/lib/liblangid.dylib
0x000000000b601000 	/System/Library/PrivateFrameworks/MultitouchSupport.framework/Versions/A/MultitouchSupport
0x000000000b601000 	/System/Library/Frameworks/IOKit.framework/Versions/A/IOKit
0x000000000b601000 	/usr/lib/libDiagnosticMessagesClient.dylib
0x000000000b601000 	/System/Library/Frameworks/CoreServices.framework/Versions/A/CoreServices
0x000000000b601000 	/System/Library/PrivateFrameworks/PerformanceAnalysis.framework/Versions/A/PerformanceAnalysis
0x000000000b601000 	/System/Library/PrivateFrameworks/GenerationalStorage.framework/Versions/A/GenerationalStorage
0x000000000b601000 	/System/Library/Frameworks/OpenGL.framework/Versions/A/OpenGL
0x000000000b601000 	/System/Library/PrivateFrameworks/Sharing.framework/Versions/A/Sharing
0x000000000b601000 	/System/Library/Frameworks/ImageIO.framework/Versions/A/ImageIO
0x000000000b601000 	/System/Library/Frameworks/CoreText.framework/Versions/A/CoreText
0x000000000b601000 	/System/Library/Frameworks/CoreGraphics.framework/Versions/A/CoreGraphics
0x000000000b601000 	/System/Library/PrivateFrameworks/Backup.framework/Versions/A/Backup
0x000000000b601000 	/System/Library/Frameworks/CFNetwork.framework/Versions/A/CFNetwork
0x000000000b601000 	/System/Library/Frameworks/SystemConfiguration.framework/Versions/A/SystemConfiguration
0x000000000b601000 	/usr/lib/libCRFSuite.dylib
0x000000000b601000 	/usr/lib/libc++.1.dylib
0x000000000b601000 	/usr/lib/libc++abi.dylib
0x000000000b601000 	/usr/lib/system/libcache.dylib
0x000000000b601000 	/usr/lib/system/libcommonCrypto.dylib
0x000000000b601000 	/usr/lib/system/libcompiler_rt.dylib
0x000000000b601000 	/usr/lib/system/libcopyfile.dylib
0x000000000b601000 	/usr/lib/system/libcorecrypto.dylib
0x000000000b601000 	/usr/lib/system/libdispatch.dylib
0x000000000b601000 	/usr/lib/system/libdyld.dylib
0x000000000b601000 	/usr/lib/system/libkeymgr.dylib
0x000000000b601000 	/usr/lib/system/liblaunch.dylib
0x000000000b601000 	/usr/lib/system/libmacho.dylib
0x000000000b601000 	/usr/lib/system/libquarantine.dylib
0x000000000b601000 	/usr/lib/system/libremovefile.dylib
0x000000000b601000 	/usr/lib/system/libsystem_asl.dylib
0x000000000b601000 	/usr/lib/system/libsystem_blocks.dylib
0x000000000b601000 	/usr/lib/system/libsystem_c.dylib
0x000000000b601000 	/usr/lib/system/libsystem_configuration.dylib
0x000000000b601000 	/usr/lib/system/libsystem_dnssd.dylib
0x000000000b601000 	/usr/lib/system/libsystem_info.dylib
0x000000000b601000 	/usr/lib/system/libsystem_kernel.dylib
0x000000000b601000 	/usr/lib/system/libsystem_m.dylib
0x000000000b601000 	/usr/lib/system/libsystem_malloc.dylib
0x000000000b601000 	/usr/lib/system/libsystem_network.dylib
0x000000000b601000 	/usr/lib/system/libsystem_notify.dylib
0x000000000b601000 	/usr/lib/system/libsystem_platform.dylib
0x000000000b601000 	/usr/lib/system/libsystem_pthread.dylib
0x000000000b601000 	/usr/lib/system/libsystem_sandbox.dylib
0x000000000b601000 	/usr/lib/system/libsystem_stats.dylib
0x000000000b601000 	/usr/lib/system/libunc.dylib
0x000000000b601000 	/usr/lib/system/libunwind.dylib
0x000000000b601000 	/usr/lib/system/libxpc.dylib
0x000000000b601000 	/usr/lib/libbsm.0.dylib
0x000000000b601000 	/usr/lib/libsqlite3.dylib
0x000000000b601000 	/usr/lib/libxar.1.dylib
0x000000000b601000 	/usr/lib/libpam.2.dylib
0x000000000b601000 	/usr/lib/libOpenScriptingUtil.dylib
0x000000000b601000 	/usr/lib/libbz2.1.0.dylib
0x000000000b601000 	/System/Library/Frameworks/CoreServices.framework/Versions/A/Frameworks/CarbonCore.framework/Versions/A/CarbonCore
0x000000000b601000 	/System/Library/Frameworks/CoreServices.framework/Versions/A/Frameworks/Metadata.framework/Versions/A/Metadata
0x000000000b601000 	/System/Library/Frameworks/CoreServices.framework/Versions/A/Frameworks/OSServices.framework/Versions/A/OSServices
0x000000000b601000 	/System/Library/Frameworks/CoreServices.framework/Versions/A/Frameworks/SearchKit.framework/Versions/A/SearchKit
0x000000000b601000 	/System/Library/Frameworks/CoreServices.framework/Versions/A/Frameworks/AE.framework/Versions/A/AE
0x000000000b601000 	/System/Library/Frameworks/CoreServices.framework/Versions/A/Frameworks/LaunchServices.framework/Versions/A/LaunchServices
0x000000000b601000 	/System/Library/Frameworks/CoreServices.framework/Versions/A/Frameworks/DictionaryServices.framework/Versions/A/DictionaryServices
0x000000000b601000 	/System/Library/Frameworks/NetFS.framework/Versions/A/NetFS
0x000000000b601000 	/usr/lib/system/libkxld.dylib
0x000000000b601000 	/System/Library/PrivateFrameworks/NetAuth.framework/Versions/A/NetAuth
0x000000000b601000 	/System/Library/PrivateFrameworks/TCC.framework/Versions/A/TCC
0x000000000b601000 	/System/Library/Frameworks/OpenDirectory.framework/Versions/A/Frameworks/CFOpenDirectory.framework/Versions/A/CFOpenDirectory
0x000000000b601000 	/System/Library/Frameworks/ServiceManagement.framework/Versions/A/ServiceManagement
0x000000000b601000 	/usr/lib/libxslt.1.dylib
0x000000000b601000 	/System/Library/Frameworks/Carbon.framework/Versions/A/Frameworks/Ink.framework/Versions/A/Ink
0x000000000b601000 	/System/Library/Frameworks/ApplicationServices.framework/Versions/A/Frameworks/ATS.framework/Versions/A/ATS
0x000000000b601000 	/System/Library/Frameworks/ApplicationServices.framework/Versions/A/Frameworks/ColorSync.framework/Versions/A/ColorSync
0x000000000b601000 	/System/Library/Frameworks/ApplicationServices.framework/Versions/A/Frameworks/HIServices.framework/Versions/A/HIServices
0x000000000b601000 	/System/Library/Frameworks/ApplicationServices.framework/Versions/A/Frameworks/LangAnalysis.framework/Versions/A/LangAnalysis
0x000000000b601000 	/System/Library/Frameworks/ApplicationServices.framework/Versions/A/Frameworks/PrintCore.framework/Versions/A/PrintCore
0x000000000b601000 	/System/Library/Frameworks/ApplicationServices.framework/Versions/A/Frameworks/QD.framework/Versions/A/QD
0x000000000b601000 	/System/Library/Frameworks/ApplicationServices.framework/Versions/A/Frameworks/SpeechSynthesis.framework/Versions/A/SpeechSynthesis
0x000000000b601000 	/System/Library/Frameworks/IOSurface.framework/Versions/A/IOSurface
0x000000000b601000 	/System/Library/Frameworks/Accelerate.framework/Versions/A/Accelerate
0x000000000b601000 	/System/Library/Frameworks/Accelerate.framework/Versions/A/Frameworks/vImage.framework/Versions/A/vImage
0x000000000b601000 	/System/Library/Frameworks/Accelerate.framework/Versions/A/Frameworks/vecLib.framework/Versions/A/vecLib
0x000000000b601000 	/System/Library/Frameworks/Accelerate.framework/Versions/A/Frameworks/vecLib.framework/Versions/A/libvDSP.dylib
0x000000000b601000 	/System/Library/Frameworks/Accelerate.framework/Versions/A/Frameworks/vecLib.framework/Versions/A/libvMisc.dylib
0x000000000b601000 	/System/Library/Frameworks/Accelerate.framework/Versions/A/Frameworks/vecLib.framework/Versions/A/libLAPACK.dylib
0x000000000b601000 	/System/Library/Frameworks/Accelerate.framework/Versions/A/Frameworks/vecLib.framework/Versions/A/libBLAS.dylib
0x000000000b601000 	/System/Library/Frameworks/ApplicationServices.framework/Versions/A/Frameworks/ATS.framework/Versions/A/Resources/libFontParser.dylib
0x000000000b601000 	/System/Library/Frameworks/ApplicationServices.framework/Versions/A/Frameworks/ATS.framework/Versions/A/Resources/libFontRegistry.dylib
0x000000000b601000 	/System/Library/Frameworks/ImageIO.framework/Versions/A/Resources/libJPEG.dylib
0x000000000b601000 	/System/Library/Frameworks/ImageIO.framework/Versions/A/Resources/libTIFF.dylib
0x000000000b601000 	/System/Library/Frameworks/ImageIO.framework/Versions/A/Resources/libPng.dylib
0x000000000b601000 	/System/Library/Frameworks/ImageIO.framework/Versions/A/Resources/libGIF.dylib
0x000000000b601000 	/System/Library/Frameworks/ImageIO.framework/Versions/A/Resources/libJP2.dylib
0x000000000b601000 	/System/Library/Frameworks/ImageIO.framework/Versions/A/Resources/libRadiance.dylib
0x000000000b601000 	/usr/lib/libcups.2.dylib
0x000000000b601000 	/System/Library/Frameworks/Kerberos.framework/Versions/A/Kerberos
0x000000000b601000 	/System/Library/Frameworks/GSS.framework/Versions/A/GSS
0x000000000b601000 	/usr/lib/libresolv.9.dylib
0x000000000b601000 	/usr/lib/libiconv.2.dylib
0x000000000b601000 	/System/Library/PrivateFrameworks/Heimdal.framework/Versions/A/Heimdal
0x000000000b601000 	/System/Library/PrivateFrameworks/TrustEvaluationAgent.framework/Versions/A/TrustEvaluationAgent
0x000000000b601000 	/usr/lib/libheimdal-asn1.dylib
0x000000000b601000 	/System/Library/Frameworks/OpenDirectory.framework/Versions/A/OpenDirectory
0x000000000b601000 	/System/Library/PrivateFrameworks/CommonAuth.framework/Versions/A/CommonAuth
0x000000000b601000 	/System/Library/Frameworks/SecurityFoundation.framework/Versions/A/SecurityFoundation
0x000000000b601000 	/System/Library/PrivateFrameworks/Bom.framework/Versions/A/Bom
0x000000000b601000 	/System/Library/Frameworks/CoreVideo.framework/Versions/A/CoreVideo
0x000000000b601000 	/System/Library/Frameworks/QuartzCore.framework/Versions/A/Frameworks/CoreImage.framework/Versions/A/CoreImage
0x000000000b601000 	/System/Library/Frameworks/QuartzCore.framework/Versions/A/Frameworks/ScalableUserInterface.framework/Versions/A/ScalableUserInterface
0x000000000b601000 	/System/Library/Frameworks/OpenGL.framework/Versions/A/Libraries/libGLU.dylib
0x000000000b601000 	/System/Library/Frameworks/OpenGL.framework/Versions/A/Libraries/libGFXShared.dylib
0x000000000b601000 	/System/Library/Frameworks/OpenGL.framework/Versions/A/Libraries/libGL.dylib
0x000000000b601000 	/System/Library/Frameworks/OpenGL.framework/Versions/A/Libraries/libGLImage.dylib
0x000000000b601000 	/System/Library/Frameworks/OpenGL.framework/Versions/A/Libraries/libCVMSPluginSupport.dylib
0x000000000b601000 	/System/Library/Frameworks/OpenGL.framework/Versions/A/Libraries/libCoreVMClient.dylib
0x000000000b601000 	/System/Library/PrivateFrameworks/FaceCore.framework/Versions/A/FaceCore
0x000000000b601000 	/System/Library/PrivateFrameworks/CrashReporterSupport.framework/Versions/A/CrashReporterSupport
0x000000000b601000 	/System/Library/Frameworks/OpenCL.framework/Versions/A/OpenCL
0x000000000b601000 	/System/Library/PrivateFrameworks/AppleFSCompression.framework/Versions/A/AppleFSCompression
0x000000000b601000 	/System/Library/PrivateFrameworks/Ubiquity.framework/Versions/A/Ubiquity
0x000000000b601000 	/System/Library/PrivateFrameworks/IconServices.framework/Versions/A/IconServices
0x000000000b601000 	/System/Library/PrivateFrameworks/ChunkingLibrary.framework/Versions/A/ChunkingLibrary
0x000000000b601000 	/System/Library/PrivateFrameworks/CoreSymbolication.framework/Versions/A/CoreSymbolication
0x000000000b601000 	/System/Library/PrivateFrameworks/Symbolication.framework/Versions/A/Symbolication
0x000000000b601000 	/System/Library/PrivateFrameworks/DebugSymbols.framework/Versions/A/DebugSymbols
0x0000000105200000 	/Library/Java/JavaVirtualMachines/jdk1.8.0_11.jdk/Contents/Home/jre/lib/server/libjvm.dylib
0x000000000b601000 	/usr/lib/libstdc++.6.dylib
0x000000010493b000 	/Library/Java/JavaVirtualMachines/jdk1.8.0_11.jdk/Contents/Home/jre/lib/libverify.dylib
0x0000000104949000 	/Library/Java/JavaVirtualMachines/jdk1.8.0_11.jdk/Contents/Home/jre/lib/libjava.dylib
0x0000000104987000 	/Library/Java/JavaVirtualMachines/jdk1.8.0_11.jdk/Contents/Home/jre/lib/libzip.dylib
0x0000000119c73000 	/System/Library/Frameworks/JavaVM.framework/Frameworks/JavaRuntimeSupport.framework/JavaRuntimeSupport
0x0000000119c8b000 	/System/Library/Frameworks/JavaVM.framework/Versions/A/Frameworks/JavaNativeFoundation.framework/Versions/A/JavaNativeFoundation
0x00000001049ed000 	/System/Library/Frameworks/JavaVM.framework/Versions/A/JavaVM
0x000000000b601000 	/System/Library/Frameworks/Carbon.framework/Versions/A/Carbon
0x0000000119ca0000 	/System/Library/PrivateFrameworks/JavaLaunching.framework/Versions/A/JavaLaunching
0x000000000b601000 	/System/Library/Frameworks/Carbon.framework/Versions/A/Frameworks/CommonPanels.framework/Versions/A/CommonPanels
0x000000000b601000 	/System/Library/Frameworks/Carbon.framework/Versions/A/Frameworks/Help.framework/Versions/A/Help
0x000000000b601000 	/System/Library/Frameworks/Carbon.framework/Versions/A/Frameworks/ImageCapture.framework/Versions/A/ImageCapture
0x000000000b601000 	/System/Library/Frameworks/Carbon.framework/Versions/A/Frameworks/OpenScripting.framework/Versions/A/OpenScripting
0x000000000b601000 	/System/Library/Frameworks/Carbon.framework/Versions/A/Frameworks/Print.framework/Versions/A/Print
0x000000000b601000 	/System/Library/Frameworks/Carbon.framework/Versions/A/Frameworks/SecurityHI.framework/Versions/A/SecurityHI
0x000000011a4a4000 	/Library/Java/JavaVirtualMachines/jdk1.8.0_11.jdk/Contents/Home/jre/lib/libawt.dylib
0x000000011a553000 	/Library/Java/JavaVirtualMachines/jdk1.8.0_11.jdk/Contents/Home/jre/lib/./libmlib_image.dylib
0x000000011a61f000 	/Library/Java/JavaVirtualMachines/jdk1.8.0_11.jdk/Contents/Home/jre/lib/libawt_lwawt.dylib
0x000000011a6d1000 	/Library/Java/JavaVirtualMachines/jdk1.8.0_11.jdk/Contents/Home/jre/lib/./libosxapp.dylib
0x000000000b601000 	/System/Library/Frameworks/ExceptionHandling.framework/Versions/A/ExceptionHandling
0x000000000b601000 	/System/Library/PrivateFrameworks/CoreServicesInternal.framework/Versions/A/CoreServicesInternal
0x000000000b601000 	/System/Library/PrivateFrameworks/Librarian.framework/Versions/A/Librarian
0x000000000b601000 	/System/Library/Frameworks/CoreGraphics.framework/Versions/A/Resources/libCGCMS.A.dylib
0x000000000b601000 	/System/Library/Frameworks/CoreGraphics.framework/Versions/A/Resources/libRIP.A.dylib
0x000000000b601000 	/System/Library/Frameworks/CoreGraphics.framework/Versions/A/Resources/libCGXType.A.dylib
0x000000000b601000 	/System/Library/PrivateFrameworks/FamilyControls.framework/Versions/A/FamilyControls
0x000000000b601000 	/System/Library/PrivateFrameworks/CommerceKit.framework/Versions/A/Frameworks/CommerceCore.framework/Versions/A/CommerceCore
0x000000000b601000 	/System/Library/PrivateFrameworks/SystemAdministration.framework/Versions/A/SystemAdministration
0x000000000b601000 	/System/Library/Frameworks/DirectoryService.framework/Versions/A/DirectoryService
0x000000000b601000 	/System/Library/PrivateFrameworks/DiskImages.framework/Versions/A/DiskImages
0x000000000b601000 	/System/Library/PrivateFrameworks/LoginUIKit.framework/Versions/A/Frameworks/LoginUICore.framework/Versions/A/LoginUICore
0x000000000b601000 	/usr/lib/libCoreStorage.dylib
0x000000000b601000 	/usr/lib/libcsfde.dylib
0x000000000b601000 	/usr/lib/libodfde.dylib
0x000000000b601000 	/System/Library/Frameworks/DiscRecording.framework/Versions/A/DiscRecording
0x000000000b601000 	/usr/lib/libcurl.4.dylib
0x000000000b601000 	/System/Library/PrivateFrameworks/MediaKit.framework/Versions/A/MediaKit
0x000000000b601000 	/System/Library/PrivateFrameworks/EFILogin.framework/Versions/A/EFILogin
0x000000000b601000 	/usr/lib/libutil.dylib
0x000000000b601000 	/System/Library/PrivateFrameworks/AOSNotification.framework/Versions/A/AOSNotification
0x000000000b601000 	/System/Library/Frameworks/LDAP.framework/Versions/A/LDAP
0x000000000b601000 	/usr/lib/libsasl2.2.dylib
0x000000000b601000 	/usr/lib/libcrypto.0.9.8.dylib
0x000000000b601000 	/usr/lib/libssl.0.9.8.dylib
0x000000011be5e000 	/Library/Java/JavaVirtualMachines/jdk1.8.0_11.jdk/Contents/Home/jre/lib/libfontmanager.dylib
0x000000011e615000 	/Users/sebastiankarlsson/Documents/workspace/CraftSource/natives/macosx/liblwjgl.dylib
0x000000011bec4000 	/Library/Java/JavaVirtualMachines/jdk1.8.0_11.jdk/Contents/Home/jre/lib/libjawt.dylib
0x000000000b601000 	/System/Library/Frameworks/OpenGL.framework/Versions/A/Resources/GLEngine.bundle/GLEngine
0x000000000b601000 	/System/Library/Frameworks/OpenGL.framework/Versions/A/Libraries/libGLProgrammability.dylib
0x0000000000000000 	/System/Library/Extensions/AppleIntelHD5000GraphicsGLDriver.bundle/Contents/MacOS/AppleIntelHD5000GraphicsGLDriver
0x000000000b601000 	/System/Library/PrivateFrameworks/IOAccelerator.framework/Versions/A/IOAccelerator
0x000000000b601000 	/System/Library/PrivateFrameworks/GPUSupport.framework/Versions/A/Libraries/libGPUSupportMercury.dylib
0x000000000b601000 	/System/Library/Frameworks/OpenGL.framework/Versions/A/Resources/GLRendererFloat.bundle/GLRendererFloat
0x000000000b601000 	/System/Library/Frameworks/OpenCL.framework/Versions/A/Libraries/libcldcpuengine.dylib
0x000000011f495000 	/Library/Java/JavaVirtualMachines/jdk1.8.0_11.jdk/Contents/Home/jre/lib/libnio.dylib
0x000000011f4a4000 	/Library/Java/JavaVirtualMachines/jdk1.8.0_11.jdk/Contents/Home/jre/lib/./libnet.dylib

VM Arguments:
jvm_args: -Dfile.encoding=UTF-8 
java_command: nu.sebka.craftsource.CraftSource
java_class_path (initial): /Users/sebastiankarlsson/Documents/workspace/CraftSource/target/classes:/Users/sebastiankarlsson/Documents/workspace/CraftSource/lib/slick-util.jar:/Users/sebastiankarlsson/Downloads/lwjgl-2.9.1/jar/lwjgl_util.jar:/Users/sebastiankarlsson/Downloads/lwjgl-2.9.1/jar/lwjgl.jar
Launcher Type: SUN_STANDARD

Environment Variables:
PATH=/usr/bin:/bin:/usr/sbin:/sbin
SHELL=/bin/bash

Signal Handlers:
SIGSEGV: [libjvm.dylib+0x56059b], sa_mask[0]=0xfffefeff, sa_flags=0x00000043
SIGBUS: [libjvm.dylib+0x56059b], sa_mask[0]=0xfffefeff, sa_flags=0x00000042
SIGFPE: [libjvm.dylib+0x4438f2], sa_mask[0]=0xfffefeff, sa_flags=0x00000042
SIGPIPE: [libjvm.dylib+0x4438f2], sa_mask[0]=0xfffefeff, sa_flags=0x00000042
SIGXFSZ: [libjvm.dylib+0x4438f2], sa_mask[0]=0xfffefeff, sa_flags=0x00000042
SIGILL: [libjvm.dylib+0x4438f2], sa_mask[0]=0xfffefeff, sa_flags=0x00000042
SIGUSR1: SIG_DFL, sa_mask[0]=0x00000000, sa_flags=0x00000002
SIGUSR2: [libjvm.dylib+0x443410], sa_mask[0]=0x00000004, sa_flags=0x00000042
SIGHUP: [libjvm.dylib+0x44179b], sa_mask[0]=0xfffefeff, sa_flags=0x00000042
SIGINT: [libjvm.dylib+0x44179b], sa_mask[0]=0xfffefeff, sa_flags=0x00000042
SIGTERM: [libjvm.dylib+0x44179b], sa_mask[0]=0xfffefeff, sa_flags=0x00000042
SIGQUIT: [libjvm.dylib+0x44179b], sa_mask[0]=0xfffefeff, sa_flags=0x00000042


---------------  S Y S T E M  ---------------

OS:Bsduname:Darwin 13.3.0 Darwin Kernel Version 13.3.0: Tue Jun  3 21:27:35 PDT 2014; root:xnu-2422.110.17~1/RELEASE_X86_64 x86_64
rlimit: STACK 8192k, CORE 0k, NPROC 709, NOFILE 10240, AS infinity
load average:1.71 1.55 1.64

CPU:total 4 (2 cores per cpu, 2 threads per core) family 6 model 69 stepping 1, cmov, cx8, fxsr, mmx, sse, sse2, sse3, ssse3, sse4.1, sse4.2, popcnt, avx, avx2, aes, clmul, erms, ht, tsc, tscinvbit

Memory: 4k page, physical 4194304k(1191440k free)

/proc/meminfo:


vm_info: Java HotSpot(TM) 64-Bit Server VM (25.11-b03) for bsd-amd64 JRE (1.8.0_11-b12), built on Jun 16 2014 17:39:42 by "java_re" with gcc 4.2.1 (Based on Apple Inc. build 5658) (LLVM build 2336.11.00)

time: Mon Aug 25 11:47:33 2014
elapsed time: 22 seconds

