#
# A fatal error has been detected by the Java Runtime Environment:
#
#  SIGSEGV (0xb) at pc=0x00007fff8f620097, pid=65845, tid=3335
#
# JRE version: Java(TM) SE Runtime Environment (8.0_11-b12) (build 1.8.0_11-b12)
# Java VM: Java HotSpot(TM) 64-Bit Server VM (25.11-b03 mixed mode bsd-amd64 compressed oops)
# Problematic frame:
# C  [libobjc.A.dylib+0x5097]  objc_msgSend+0x17
#
# Failed to write core dump. Core dumps have been disabled. To enable core dumping, try "ulimit -c unlimited" before starting Java again
#
# If you would like to submit a bug report, please visit:
#   http://bugreport.sun.com/bugreport/crash.jsp
# The crash happened outside the Java Virtual Machine in native code.
# See problematic frame for where to report the bug.
#

---------------  T H R E A D  ---------------

Current thread (0x00007fa37a88d000):  JavaThread "AppKit Thread" daemon [_thread_in_native, id=3335, stack(0x00007fff5200c000,0x00007fff5280c000)]

siginfo:si_signo=SIGSEGV: si_errno=0, si_code=0 (SEGV0), si_addr=0x0000000000000000

Registers:
RAX=0x00007fa379f4ab20, RBX=0x00000000000f4393, RCX=0x0000000000000000, RDX=0x00007fa379c4e380
RSP=0x00007fff52807648, RBP=0x00007fff52807650, RSI=0x00007fff8ebefb9f, RDI=0x00007fa379f4ab20
R8 =0x0000000000000040, R9 =0x00007fff52807600, R10=0x00007fff8ebefb9f, R11=0x4000000000000000
R12=0x00000000000f4393, R13=0x00007fff52807818, R14=0x00007fa379de4520, R15=0x00007fff52807778
RIP=0x00007fff8f620097, EFLAGS=0x0000000000010246, ERR=0x0000000000000000
  TRAPNO=0x000000000000000d

Top of Stack: (sp=0x00007fff52807648)
0x00007fff52807648:   00007fff994bde0c 00007fff528079b0
0x00007fff52807658:   00007fff993b182d 0000000000000003
0x00007fff52807668:   000000010d411400 00007fff528076b0
0x00007fff52807678:   00007fff9398d272 00000000000010f8
0x00007fff52807688:   00000000000f4395 0000000000000005
0x00007fff52807698:   00007fa379c4cf10 00007fa379c4e110
0x00007fff528076a8:   00007fa379c1e1a0 00007fa379c4e380
0x00007fff528076b8:   00007fff52807770 0000000000000000
0x00007fff528076c8:   00000000000f4310 00000000000000b5
0x00007fff528076d8:   00007fff528077f0 0000000000000000
0x00007fff528076e8:   0000000000000001 00007fa379c1e190
0x00007fff528076f8:   000000000000004f 0000000000287a9e
0x00007fff52807708:   0000010000000000 00007fff7f176a60
0x00007fff52807718:   00002060002336ea 00007fff52807870
0x00007fff52807728:   0000000000000000 00007fff52807808
0x00007fff52807738:   00007fff528077e8 00007fff7f176a48
0x00007fff52807748:   0000000000000000 0000000000000011
0x00007fff52807758:   00007fff932336ea 00007fff7d5bfd38
0x00007fff52807768:   0000000000000000 00007fa379c4cf90
0x00007fff52807778:   00007fa379de4520 00007fff95899b08
0x00007fff52807788:   0000000000000000 00007fff52807850
0x00007fff52807798:   00007fff96c9adde 00007fff7eec90d0
0x00007fff528077a8:   0000000042000000 00007fff96ca31d1
0x00007fff528077b8:   00007fff7f152b40 00007fff528078b8
0x00007fff528077c8:   00007fff528077e8 00007fff52807808
0x00007fff528077d8:   0000000000000000 000000010d40d001
0x00007fff528077e8:   0000000000000000 000000000000004d
0x00007fff528077f8:   0000000000000000 00000000000f42e2
0x00007fff52807808:   000000000000004f 0000000000000000
0x00007fff52807818:   00000000000f4393 00000001528078c0
0x00007fff52807828:   00007fff93234261 00007fff7d6ec748
0x00007fff52807838:   00007fff7d6ec74c 000000007d6e81b8 

Instructions: (pc=0x00007fff8f620097)
0x00007fff8f620077:   90 90 90 90 90 90 90 90 90 48 85 ff 2e 74 72 40
0x00007fff8f620087:   f6 c7 01 2e 0f 85 7e 00 00 00 4c 8b 1f 49 89 f2
0x00007fff8f620097:   45 23 53 18 49 c1 e2 04 4d 03 53 10 49 3b 32 75
0x00007fff8f6200a7:   04 41 ff 62 08 49 83 3a 00 74 74 4d 3b 53 10 74 

Register to memory mapping:

RAX=0x00007fa379f4ab20 is an unknown value
RBX=0x00000000000f4393 is an unknown value
RCX=0x0000000000000000 is an unknown value
RDX=0x00007fa379c4e380 is an unknown value
RSP=0x00007fff52807648 is pointing into the stack for thread: 0x00007fa37a88d000
RBP=0x00007fff52807650 is pointing into the stack for thread: 0x00007fa37a88d000
RSI=0x00007fff8ebefb9f: NSAppKitVersionNumber+0x5358f in /System/Library/Frameworks/AppKit.framework/Versions/C/AppKit at 0x00007fff8e14c000
RDI=0x00007fa379f4ab20 is an unknown value
R8 =0x0000000000000040 is an unknown value
R9 =0x00007fff52807600 is pointing into the stack for thread: 0x00007fa37a88d000
R10=0x00007fff8ebefb9f: NSAppKitVersionNumber+0x5358f in /System/Library/Frameworks/AppKit.framework/Versions/C/AppKit at 0x00007fff8e14c000
R11=0x4000000000000000 is an unknown value
R12=0x00000000000f4393 is an unknown value
R13=0x00007fff52807818 is pointing into the stack for thread: 0x00007fa37a88d000
R14=0x00007fa379de4520 is an unknown value
R15=0x00007fff52807778 is pointing into the stack for thread: 0x00007fa37a88d000


Stack: [0x00007fff5200c000,0x00007fff5280c000],  sp=0x00007fff52807648,  free space=8173k
Native frames: (J=compiled Java code, j=interpreted, Vv=VM code, C=native code)
C  [libobjc.A.dylib+0x5097]  objc_msgSend+0x17
C  [CoreFoundation+0x1082d]  _CFXNotificationPost+0xb4d
C  [Foundation+0x27ba]  -[NSNotificationCenter postNotificationName:object:userInfo:]+0x44
C  [AppKit+0x10f5a9]  -[NSSurface _disposeSurface]+0x98
C  [AppKit+0x10f045]  -[NSSurface setWindow:]+0x46
C  [AppKit+0x3af27]  -[NSView _setWindow:]+0x8ea
C  [AppKit+0x3bf7a]  -[NSView removeFromSuperview]+0x15e
C  [AppKit+0x986e9]  -[NSView removeFromSuperviewWithoutNeedingDisplay]+0x26
C  [liblwjgl.dylib+0x9c3e]  +[MacOSXKeyableWindow destroyWindow]+0xde
C  [Foundation+0x6313e]  __NSThreadPerformPerform+0xe5
C  [CoreFoundation+0x7f5b1]  __CFRUNLOOP_IS_CALLING_OUT_TO_A_SOURCE0_PERFORM_FUNCTION__+0x11
C  [CoreFoundation+0x70c62]  __CFRunLoopDoSources0+0xf2
C  [CoreFoundation+0x703ef]  __CFRunLoopRun+0x33f
C  [CoreFoundation+0x6fe75]  CFRunLoopRunSpecific+0x135
C  [HIToolbox+0x2ea0d]  RunCurrentEventLoopInMode+0xe2
C  [HIToolbox+0x2e7b7]  ReceiveNextEventCommon+0x1df
C  [HIToolbox+0x2e5bc]  _BlockUntilNextEventMatchingListInModeWithFilter+0x41
C  [AppKit+0x2424e]  _DPSNextEvent+0x59a
C  [AppKit+0x2389b]  -[NSApplication nextEventMatchingMask:untilDate:inMode:dequeue:]+0x7a
C  [libosxapp.dylib+0x242a]  -[NSApplicationAWT nextEventMatchingMask:untilDate:inMode:dequeue:]+0x7c
C  [AppKit+0x1799c]  -[NSApplication run]+0x229
C  [libosxapp.dylib+0x223e]  +[NSApplicationAWT runAWTLoopWithApp:]+0x9c
C  [libawt_lwawt.dylib+0x439bb]  -[AWTStarter starter:]+0x389
C  [Foundation+0x6313e]  __NSThreadPerformPerform+0xe5
C  [CoreFoundation+0x7f5b1]  __CFRUNLOOP_IS_CALLING_OUT_TO_A_SOURCE0_PERFORM_FUNCTION__+0x11
C  [CoreFoundation+0x70c62]  __CFRunLoopDoSources0+0xf2
C  [CoreFoundation+0x703ef]  __CFRunLoopRun+0x33f
C  [CoreFoundation+0x6fe75]  CFRunLoopRunSpecific+0x135
C  [java+0x56cb]  CreateExecutionEnvironment+0x367
C  [java+0x166c]  JLI_Launch+0x7a0
C  [java+0x7689]  main+0x65
C  [java+0xec4]  start+0x34


---------------  P R O C E S S  ---------------

Java Threads: ( => current thread )
  0x00007fa37aa83800 JavaThread "TimerQueue" daemon [_thread_blocked, id=55999, stack(0x000000012c14c000,0x000000012c24c000)]
  0x00007fa37a8f6000 JavaThread "AWT-EventQueue-0" [_thread_blocked, id=53775, stack(0x000000012a210000,0x000000012a310000)]
  0x00007fa37b9d9800 JavaThread "Java2D Queue Flusher" daemon [_thread_blocked, id=50183, stack(0x000000012817f000,0x000000012827f000)]
  0x00007fa37b9c2800 JavaThread "Java2D Disposer" daemon [_thread_blocked, id=48947, stack(0x000000012807c000,0x000000012817c000)]
  0x00007fa37b058000 JavaThread "AWT-Shutdown" [_thread_blocked, id=28683, stack(0x0000000124af1000,0x0000000124bf1000)]
=>0x00007fa37a88d000 JavaThread "AppKit Thread" daemon [_thread_in_native, id=3335, stack(0x00007fff5200c000,0x00007fff5280c000)]
  0x00007fa37a079000 JavaThread "Service Thread" daemon [_thread_blocked, id=19971, stack(0x0000000122d91000,0x0000000122e91000)]
  0x00007fa37b003000 JavaThread "C1 CompilerThread2" daemon [_thread_blocked, id=19459, stack(0x0000000122c8e000,0x0000000122d8e000)]
  0x00007fa37b002000 JavaThread "C2 CompilerThread1" daemon [_thread_blocked, id=18947, stack(0x0000000122b8b000,0x0000000122c8b000)]
  0x00007fa37a81e800 JavaThread "C2 CompilerThread0" daemon [_thread_blocked, id=18435, stack(0x0000000122a88000,0x0000000122b88000)]
  0x00007fa37b802000 JavaThread "Signal Dispatcher" daemon [_thread_blocked, id=17923, stack(0x0000000122985000,0x0000000122a85000)]
  0x00007fa37a05e800 JavaThread "Finalizer" daemon [_thread_blocked, id=13059, stack(0x0000000122736000,0x0000000122836000)]
  0x00007fa37a05e000 JavaThread "Reference Handler" daemon [_thread_blocked, id=12547, stack(0x0000000122633000,0x0000000122733000)]
  0x00007fa37a006000 JavaThread "main" [_thread_in_native, id=6915, stack(0x000000010ecc2000,0x000000010edc2000)]

Other Threads:
  0x00007fa37a059800 VMThread [stack: 0x0000000122530000,0x0000000122630000] [id=12035]
  0x00007fa37a040000 WatcherThread [stack: 0x0000000122e94000,0x0000000122f94000] [id=20483]

VM state:not at safepoint (normal execution)

VM Mutex/Monitor currently owned by a thread: None

Heap:
 PSYoungGen      total 16896K, used 16480K [0x00000007aab00000, 0x00000007ac900000, 0x00000007c0000000)
  eden space 16384K, 100% used [0x00000007aab00000,0x00000007abb00000,0x00000007abb00000)
  from space 512K, 18% used [0x00000007ac880000,0x00000007ac898000,0x00000007ac900000)
  to   space 2048K, 0% used [0x00000007ac500000,0x00000007ac500000,0x00000007ac700000)
 ParOldGen       total 64000K, used 7135K [0x0000000780000000, 0x0000000783e80000, 0x00000007aab00000)
  object space 64000K, 11% used [0x0000000780000000,0x00000007806f7f10,0x0000000783e80000)
 Metaspace       used 12653K, capacity 12777K, committed 12800K, reserved 1060864K
  class space    used 1494K, capacity 1530K, committed 1536K, reserved 1048576K

Card table byte_map: [0x000000011e184000,0x000000011e385000] byte_map_base: 0x000000011a584000

Marking Bits: (ParMarkBitMap*) 0x000000010e6670a0
 Begin Bits: [0x000000011e8e7000, 0x000000011f8e7000)
 End Bits:   [0x000000011f8e7000, 0x00000001208e7000)

Polling page: 0x000000010d54a000

CodeCache: size=245760Kb used=4363Kb max_used=4374Kb free=241396Kb
 bounds [0x000000010edc4000, 0x000000010f214000, 0x000000011ddc4000]
 total_blobs=1722 nmethods=1137 adapters=501
 compilation: enabled

Compilation events (10 events):
Event: 10.415 Thread 0x00007fa37b003000 1133       3       java.awt.AlphaComposite::getAlpha (5 bytes)
Event: 10.416 Thread 0x00007fa37b003000 nmethod 1133 0x000000010f208190 code [0x000000010f2082e0, 0x000000010f208430]
Event: 10.416 Thread 0x00007fa37b003000 1134       1       sun.awt.image.SunVolatileImage::getWidth (5 bytes)
Event: 10.416 Thread 0x00007fa37b003000 nmethod 1134 0x000000010f208490 code [0x000000010f2085e0, 0x000000010f2086f0]
Event: 10.416 Thread 0x00007fa37b003000 1135       1       sun.awt.image.SunVolatileImage::getHeight (5 bytes)
Event: 10.416 Thread 0x00007fa37b003000 nmethod 1135 0x000000010f208750 code [0x000000010f2088a0, 0x000000010f2089b0]
Event: 10.717 Thread 0x00007fa37b003000 1136       1       sun.java2d.pipe.Region::getLoX (5 bytes)
Event: 10.717 Thread 0x00007fa37b003000 nmethod 1136 0x000000010f208a10 code [0x000000010f208b60, 0x000000010f208c70]
Event: 11.163 Thread 0x00007fa37a81e800 1137       4       java.nio.DirectByteBuffer::put (18 bytes)
Event: 11.163 Thread 0x00007fa37a81e800 nmethod 1137 0x000000010f1c2c50 code [0x000000010f1c2d80, 0x000000010f1c2e18]

GC Heap History (10 events):
Event: 8.365 GC heap before
{Heap before GC invocations=18 (full 0):
 PSYoungGen      total 21504K, used 19072K [0x00000007aab00000, 0x00000007ace00000, 0x00000007c0000000)
  eden space 18944K, 100% used [0x00000007aab00000,0x00000007abd80000,0x00000007abd80000)
  from space 2560K, 5% used [0x00000007ac900000,0x00000007ac920000,0x00000007acb80000)
  to   space 2560K, 0% used [0x00000007acb80000,0x00000007acb80000,0x00000007ace00000)
 ParOldGen       total 64000K, used 7103K [0x0000000780000000, 0x0000000783e80000, 0x00000007aab00000)
  object space 64000K, 11% used [0x0000000780000000,0x00000007806eff10,0x0000000783e80000)
 Metaspace       used 12640K, capacity 12777K, committed 12800K, reserved 1060864K
  class space    used 1493K, capacity 1530K, committed 1536K, reserved 1048576K
Event: 8.366 GC heap after
Heap after GC invocations=18 (full 0):
 PSYoungGen      total 18944K, used 128K [0x00000007aab00000, 0x00000007acc00000, 0x00000007c0000000)
  eden space 18432K, 0% used [0x00000007aab00000,0x00000007aab00000,0x00000007abd00000)
  from space 512K, 25% used [0x00000007acb80000,0x00000007acba0000,0x00000007acc00000)
  to   space 2560K, 0% used [0x00000007ac700000,0x00000007ac700000,0x00000007ac980000)
 ParOldGen       total 64000K, used 7119K [0x0000000780000000, 0x0000000783e80000, 0x00000007aab00000)
  object space 64000K, 11% used [0x0000000780000000,0x00000007806f3f10,0x0000000783e80000)
 Metaspace       used 12640K, capacity 12777K, committed 12800K, reserved 1060864K
  class space    used 1493K, capacity 1530K, committed 1536K, reserved 1048576K
}
Event: 8.958 GC heap before
{Heap before GC invocations=19 (full 0):
 PSYoungGen      total 18944K, used 18560K [0x00000007aab00000, 0x00000007acc00000, 0x00000007c0000000)
  eden space 18432K, 100% used [0x00000007aab00000,0x00000007abd00000,0x00000007abd00000)
  from space 512K, 25% used [0x00000007acb80000,0x00000007acba0000,0x00000007acc00000)
  to   space 2560K, 0% used [0x00000007ac700000,0x00000007ac700000,0x00000007ac980000)
 ParOldGen       total 64000K, used 7119K [0x0000000780000000, 0x0000000783e80000, 0x00000007aab00000)
  object space 64000K, 11% used [0x0000000780000000,0x00000007806f3f10,0x0000000783e80000)
 Metaspace       used 12643K, capacity 12777K, committed 12800K, reserved 1060864K
  class space    used 1493K, capacity 1530K, committed 1536K, reserved 1048576K
Event: 8.959 GC heap after
Heap after GC invocations=19 (full 0):
 PSYoungGen      total 20480K, used 128K [0x00000007aab00000, 0x00000007acc00000, 0x00000007c0000000)
  eden space 17920K, 0% used [0x00000007aab00000,0x00000007aab00000,0x00000007abc80000)
  from space 2560K, 5% used [0x00000007ac700000,0x00000007ac720000,0x00000007ac980000)
  to   space 2048K, 0% used [0x00000007aca00000,0x00000007aca00000,0x00000007acc00000)
 ParOldGen       total 64000K, used 7119K [0x0000000780000000, 0x0000000783e80000, 0x00000007aab00000)
  object space 64000K, 11% used [0x0000000780000000,0x00000007806f3f10,0x0000000783e80000)
 Metaspace       used 12643K, capacity 12777K, committed 12800K, reserved 1060864K
  class space    used 1493K, capacity 1530K, committed 1536K, reserved 1048576K
}
Event: 9.538 GC heap before
{Heap before GC invocations=20 (full 0):
 PSYoungGen      total 20480K, used 18048K [0x00000007aab00000, 0x00000007acc00000, 0x00000007c0000000)
  eden space 17920K, 100% used [0x00000007aab00000,0x00000007abc80000,0x00000007abc80000)
  from space 2560K, 5% used [0x00000007ac700000,0x00000007ac720000,0x00000007ac980000)
  to   space 2048K, 0% used [0x00000007aca00000,0x00000007aca00000,0x00000007acc00000)
 ParOldGen       total 64000K, used 7119K [0x0000000780000000, 0x0000000783e80000, 0x00000007aab00000)
  object space 64000K, 11% used [0x0000000780000000,0x00000007806f3f10,0x0000000783e80000)
 Metaspace       used 12644K, capacity 12777K, committed 12800K, reserved 1060864K
  class space    used 1493K, capacity 1530K, committed 1536K, reserved 1048576K
Event: 9.539 GC heap after
Heap after GC invocations=20 (full 0):
 PSYoungGen      total 17920K, used 128K [0x00000007aab00000, 0x00000007aca80000, 0x00000007c0000000)
  eden space 17408K, 0% used [0x00000007aab00000,0x00000007aab00000,0x00000007abc00000)
  from space 512K, 25% used [0x00000007aca00000,0x00000007aca20000,0x00000007aca80000)
  to   space 2048K, 0% used [0x00000007ac680000,0x00000007ac680000,0x00000007ac880000)
 ParOldGen       total 64000K, used 7119K [0x0000000780000000, 0x0000000783e80000, 0x00000007aab00000)
  object space 64000K, 11% used [0x0000000780000000,0x00000007806f3f10,0x0000000783e80000)
 Metaspace       used 12644K, capacity 12777K, committed 12800K, reserved 1060864K
  class space    used 1493K, capacity 1530K, committed 1536K, reserved 1048576K
}
Event: 10.096 GC heap before
{Heap before GC invocations=21 (full 0):
 PSYoungGen      total 17920K, used 17536K [0x00000007aab00000, 0x00000007aca80000, 0x00000007c0000000)
  eden space 17408K, 100% used [0x00000007aab00000,0x00000007abc00000,0x00000007abc00000)
  from space 512K, 25% used [0x00000007aca00000,0x00000007aca20000,0x00000007aca80000)
  to   space 2048K, 0% used [0x00000007ac680000,0x00000007ac680000,0x00000007ac880000)
 ParOldGen       total 64000K, used 7119K [0x0000000780000000, 0x0000000783e80000, 0x00000007aab00000)
  object space 64000K, 11% used [0x0000000780000000,0x00000007806f3f10,0x0000000783e80000)
 Metaspace       used 12647K, capacity 12777K, committed 12800K, reserved 1060864K
  class space    used 1493K, capacity 1530K, committed 1536K, reserved 1048576K
Event: 10.097 GC heap after
Heap after GC invocations=21 (full 0):
 PSYoungGen      total 18944K, used 128K [0x00000007aab00000, 0x00000007aca80000, 0x00000007c0000000)
  eden space 16896K, 0% used [0x00000007aab00000,0x00000007aab00000,0x00000007abb80000)
  from space 2048K, 6% used [0x00000007ac680000,0x00000007ac6a0000,0x00000007ac880000)
  to   space 2048K, 0% used [0x00000007ac880000,0x00000007ac880000,0x00000007aca80000)
 ParOldGen       total 64000K, used 7127K [0x0000000780000000, 0x0000000783e80000, 0x00000007aab00000)
  object space 64000K, 11% used [0x0000000780000000,0x00000007806f5f10,0x0000000783e80000)
 Metaspace       used 12647K, capacity 12777K, committed 12800K, reserved 1060864K
  class space    used 1493K, capacity 1530K, committed 1536K, reserved 1048576K
}
Event: 10.622 GC heap before
{Heap before GC invocations=22 (full 0):
 PSYoungGen      total 18944K, used 17024K [0x00000007aab00000, 0x00000007aca80000, 0x00000007c0000000)
  eden space 16896K, 100% used [0x00000007aab00000,0x00000007abb80000,0x00000007abb80000)
  from space 2048K, 6% used [0x00000007ac680000,0x00000007ac6a0000,0x00000007ac880000)
  to   space 2048K, 0% used [0x00000007ac880000,0x00000007ac880000,0x00000007aca80000)
 ParOldGen       total 64000K, used 7127K [0x0000000780000000, 0x0000000783e80000, 0x00000007aab00000)
  object space 64000K, 11% used [0x0000000780000000,0x00000007806f5f10,0x0000000783e80000)
 Metaspace       used 12647K, capacity 12777K, committed 12800K, reserved 1060864K
  class space    used 1493K, capacity 1530K, committed 1536K, reserved 1048576K
Event: 10.623 GC heap after
Heap after GC invocations=22 (full 0):
 PSYoungGen      total 16896K, used 96K [0x00000007aab00000, 0x00000007ac900000, 0x00000007c0000000)
  eden space 16384K, 0% used [0x00000007aab00000,0x00000007aab00000,0x00000007abb00000)
  from space 512K, 18% used [0x00000007ac880000,0x00000007ac898000,0x00000007ac900000)
  to   space 2048K, 0% used [0x00000007ac500000,0x00000007ac500000,0x00000007ac700000)
 ParOldGen       total 64000K, used 7135K [0x0000000780000000, 0x0000000783e80000, 0x00000007aab00000)
  object space 64000K, 11% used [0x0000000780000000,0x00000007806f7f10,0x0000000783e80000)
 Metaspace       used 12647K, capacity 12777K, committed 12800K, reserved 1060864K
  class space    used 1493K, capacity 1530K, committed 1536K, reserved 1048576K
}

Deoptimization events (10 events):
Event: 2.856 Thread 0x00007fa37a8f6000 Uncommon trap: reason=class_check action=maybe_recompile pc=0x000000010ef85d58 method=java.lang.String.equals(Ljava/lang/Object;)Z @ 8
Event: 2.856 Thread 0x00007fa37a8f6000 Uncommon trap: reason=class_check action=maybe_recompile pc=0x000000010ef85d58 method=java.lang.String.equals(Ljava/lang/Object;)Z @ 8
Event: 2.856 Thread 0x00007fa37a8f6000 Uncommon trap: reason=class_check action=maybe_recompile pc=0x000000010ef85d58 method=java.lang.String.equals(Ljava/lang/Object;)Z @ 8
Event: 3.196 Thread 0x00007fa37a006000 Uncommon trap: reason=class_check action=maybe_recompile pc=0x000000010f051a2c method=sun.nio.cs.StreamEncoder.writeBytes()V @ 120
Event: 3.198 Thread 0x00007fa37a006000 Uncommon trap: reason=class_check action=maybe_recompile pc=0x000000010f051a2c method=sun.nio.cs.StreamEncoder.writeBytes()V @ 120
Event: 3.251 Thread 0x00007fa37a006000 Uncommon trap: reason=unreached action=reinterpret pc=0x000000010f1044ec method=nu.sebka.craftsource.World.getBlockAtPrecise(DDD)Lnu/sebka/craftsource/blocks/Block; @ 13
Event: 3.340 Thread 0x00007fa37a006000 Uncommon trap: reason=unreached action=reinterpret pc=0x000000010f117b2c method=nu.sebka.craftsource.World.getBlockAt(DDD)Lnu/sebka/craftsource/blocks/Block; @ 13
Event: 4.490 Thread 0x00007fa37a006000 Uncommon trap: reason=unreached action=reinterpret pc=0x000000010f189a28 method=nu.sebka.craftsource.core.Location.equals(Ljava/lang/Object;)Z @ 2
Event: 4.507 Thread 0x00007fa37a006000 Uncommon trap: reason=unreached action=reinterpret pc=0x000000010f167900 method=nu.sebka.craftsource.core.Location.equals(Ljava/lang/Object;)Z @ 2
Event: 7.156 Thread 0x00007fa37a006000 Uncommon trap: reason=unreached action=reinterpret pc=0x000000010f170dd8 method=nu.sebka.craftsource.blocks.Block.tick()V @ 38

Internal exceptions (10 events):
Event: 3.236 Thread 0x00007fa37a006000 Exception <a 'java/security/PrivilegedActionException'> (0x00000007ab5e31d8) thrown at [/HUDSON3/workspace/8-2-build-macosx-x86_64/jdk8u11/648/hotspot/src/share/vm/prims/jvm.cpp, line 1248]
Event: 3.236 Thread 0x00007fa37a006000 Exception <a 'java/security/PrivilegedActionException'> (0x00000007ab5e7500) thrown at [/HUDSON3/workspace/8-2-build-macosx-x86_64/jdk8u11/648/hotspot/src/share/vm/prims/jvm.cpp, line 1248]
Event: 3.237 Thread 0x00007fa37a006000 Exception <a 'java/security/PrivilegedActionException'> (0x00000007ab5eb858) thrown at [/HUDSON3/workspace/8-2-build-macosx-x86_64/jdk8u11/648/hotspot/src/share/vm/prims/jvm.cpp, line 1248]
Event: 3.237 Thread 0x00007fa37a006000 Exception <a 'java/security/PrivilegedActionException'> (0x00000007ab5efaa0) thrown at [/HUDSON3/workspace/8-2-build-macosx-x86_64/jdk8u11/648/hotspot/src/share/vm/prims/jvm.cpp, line 1248]
Event: 3.238 Thread 0x00007fa37a006000 Exception <a 'java/security/PrivilegedActionException'> (0x00000007ab5f3a80) thrown at [/HUDSON3/workspace/8-2-build-macosx-x86_64/jdk8u11/648/hotspot/src/share/vm/prims/jvm.cpp, line 1248]
Event: 3.246 Thread 0x00007fa37a006000 Exception <a 'java/security/PrivilegedActionException'> (0x00000007ab5f94a8) thrown at [/HUDSON3/workspace/8-2-build-macosx-x86_64/jdk8u11/648/hotspot/src/share/vm/prims/jvm.cpp, line 1248]
Event: 3.337 Thread 0x00007fa37a006000 Exception <a 'java/security/PrivilegedActionException'> (0x00000007ab648b18) thrown at [/HUDSON3/workspace/8-2-build-macosx-x86_64/jdk8u11/648/hotspot/src/share/vm/prims/jvm.cpp, line 1248]
Event: 3.339 Thread 0x00007fa37a006000 Exception <a 'java/security/PrivilegedActionException'> (0x00000007ab64dab0) thrown at [/HUDSON3/workspace/8-2-build-macosx-x86_64/jdk8u11/648/hotspot/src/share/vm/prims/jvm.cpp, line 1248]
Event: 4.089 Thread 0x00007fa37a006000 Exception <a 'java/security/PrivilegedActionException'> (0x00000007ab16f678) thrown at [/HUDSON3/workspace/8-2-build-macosx-x86_64/jdk8u11/648/hotspot/src/share/vm/prims/jvm.cpp, line 1248]
Event: 11.162 Thread 0x00007fa37a006000 Exception <a 'java/security/PrivilegedActionException'> (0x00000007abaf1e58) thrown at [/HUDSON3/workspace/8-2-build-macosx-x86_64/jdk8u11/648/hotspot/src/share/vm/prims/jvm.cpp, line 1248]

Events (10 events):
Event: 8.958 Executing VM operation: ParallelGCFailedAllocation
Event: 8.959 Executing VM operation: ParallelGCFailedAllocation done
Event: 9.538 Executing VM operation: ParallelGCFailedAllocation
Event: 9.539 Executing VM operation: ParallelGCFailedAllocation done
Event: 10.096 Executing VM operation: ParallelGCFailedAllocation
Event: 10.097 Executing VM operation: ParallelGCFailedAllocation done
Event: 10.622 Executing VM operation: ParallelGCFailedAllocation
Event: 10.623 Executing VM operation: ParallelGCFailedAllocation done
Event: 11.161 loading class org/lwjgl/opengl/CallbackUtil
Event: 11.161 loading class org/lwjgl/opengl/CallbackUtil done


Dynamic libraries:
0x000000000d26f000 	/System/Library/Frameworks/Cocoa.framework/Versions/A/Cocoa
0x000000000d26f000 	/System/Library/Frameworks/Security.framework/Versions/A/Security
0x000000000d26f000 	/System/Library/Frameworks/ApplicationServices.framework/Versions/A/ApplicationServices
0x000000000d26f000 	/usr/lib/libz.1.dylib
0x000000000d26f000 	/usr/lib/libSystem.B.dylib
0x000000000d26f000 	/usr/lib/libobjc.A.dylib
0x000000000d26f000 	/System/Library/Frameworks/CoreFoundation.framework/Versions/A/CoreFoundation
0x000000000d26f000 	/System/Library/Frameworks/Foundation.framework/Versions/C/Foundation
0x000000000d26f000 	/System/Library/Frameworks/AppKit.framework/Versions/C/AppKit
0x000000000d26f000 	/System/Library/Frameworks/CoreData.framework/Versions/A/CoreData
0x000000000d26f000 	/System/Library/PrivateFrameworks/RemoteViewServices.framework/Versions/A/RemoteViewServices
0x000000000d26f000 	/System/Library/Frameworks/AudioToolbox.framework/Versions/A/AudioToolbox
0x000000000d26f000 	/System/Library/Frameworks/AudioUnit.framework/Versions/A/AudioUnit
0x000000000d26f000 	/System/Library/PrivateFrameworks/DataDetectorsCore.framework/Versions/A/DataDetectorsCore
0x000000000d26f000 	/System/Library/PrivateFrameworks/DesktopServicesPriv.framework/Versions/A/DesktopServicesPriv
0x000000000d26f000 	/System/Library/Frameworks/Carbon.framework/Versions/A/Frameworks/HIToolbox.framework/Versions/A/HIToolbox
0x000000000d26f000 	/System/Library/Frameworks/QuartzCore.framework/Versions/A/QuartzCore
0x000000000d26f000 	/System/Library/Frameworks/Carbon.framework/Versions/A/Frameworks/SpeechRecognition.framework/Versions/A/SpeechRecognition
0x000000000d26f000 	/usr/lib/libauto.dylib
0x000000000d26f000 	/usr/lib/libicucore.A.dylib
0x000000000d26f000 	/usr/lib/libxml2.2.dylib
0x000000000d26f000 	/System/Library/PrivateFrameworks/CoreUI.framework/Versions/A/CoreUI
0x000000000d26f000 	/System/Library/Frameworks/CoreAudio.framework/Versions/A/CoreAudio
0x000000000d26f000 	/System/Library/Frameworks/DiskArbitration.framework/Versions/A/DiskArbitration
0x000000000d26f000 	/usr/lib/liblangid.dylib
0x000000000d26f000 	/System/Library/PrivateFrameworks/MultitouchSupport.framework/Versions/A/MultitouchSupport
0x000000000d26f000 	/System/Library/Frameworks/IOKit.framework/Versions/A/IOKit
0x000000000d26f000 	/usr/lib/libDiagnosticMessagesClient.dylib
0x000000000d26f000 	/System/Library/Frameworks/CoreServices.framework/Versions/A/CoreServices
0x000000000d26f000 	/System/Library/PrivateFrameworks/PerformanceAnalysis.framework/Versions/A/PerformanceAnalysis
0x000000000d26f000 	/System/Library/PrivateFrameworks/GenerationalStorage.framework/Versions/A/GenerationalStorage
0x000000000d26f000 	/System/Library/Frameworks/OpenGL.framework/Versions/A/OpenGL
0x000000000d26f000 	/System/Library/PrivateFrameworks/Sharing.framework/Versions/A/Sharing
0x000000000d26f000 	/System/Library/Frameworks/ImageIO.framework/Versions/A/ImageIO
0x000000000d26f000 	/System/Library/Frameworks/CoreText.framework/Versions/A/CoreText
0x000000000d26f000 	/System/Library/Frameworks/CoreGraphics.framework/Versions/A/CoreGraphics
0x000000000d26f000 	/System/Library/PrivateFrameworks/Backup.framework/Versions/A/Backup
0x000000000d26f000 	/System/Library/Frameworks/CFNetwork.framework/Versions/A/CFNetwork
0x000000000d26f000 	/System/Library/Frameworks/SystemConfiguration.framework/Versions/A/SystemConfiguration
0x000000000d26f000 	/usr/lib/libCRFSuite.dylib
0x000000000d26f000 	/usr/lib/libc++.1.dylib
0x000000000d26f000 	/usr/lib/libc++abi.dylib
0x000000000d26f000 	/usr/lib/system/libcache.dylib
0x000000000d26f000 	/usr/lib/system/libcommonCrypto.dylib
0x000000000d26f000 	/usr/lib/system/libcompiler_rt.dylib
0x000000000d26f000 	/usr/lib/system/libcopyfile.dylib
0x000000000d26f000 	/usr/lib/system/libcorecrypto.dylib
0x000000000d26f000 	/usr/lib/system/libdispatch.dylib
0x000000000d26f000 	/usr/lib/system/libdyld.dylib
0x000000000d26f000 	/usr/lib/system/libkeymgr.dylib
0x000000000d26f000 	/usr/lib/system/liblaunch.dylib
0x000000000d26f000 	/usr/lib/system/libmacho.dylib
0x000000000d26f000 	/usr/lib/system/libquarantine.dylib
0x000000000d26f000 	/usr/lib/system/libremovefile.dylib
0x000000000d26f000 	/usr/lib/system/libsystem_asl.dylib
0x000000000d26f000 	/usr/lib/system/libsystem_blocks.dylib
0x000000000d26f000 	/usr/lib/system/libsystem_c.dylib
0x000000000d26f000 	/usr/lib/system/libsystem_configuration.dylib
0x000000000d26f000 	/usr/lib/system/libsystem_dnssd.dylib
0x000000000d26f000 	/usr/lib/system/libsystem_info.dylib
0x000000000d26f000 	/usr/lib/system/libsystem_kernel.dylib
0x000000000d26f000 	/usr/lib/system/libsystem_m.dylib
0x000000000d26f000 	/usr/lib/system/libsystem_malloc.dylib
0x000000000d26f000 	/usr/lib/system/libsystem_network.dylib
0x000000000d26f000 	/usr/lib/system/libsystem_notify.dylib
0x000000000d26f000 	/usr/lib/system/libsystem_platform.dylib
0x000000000d26f000 	/usr/lib/system/libsystem_pthread.dylib
0x000000000d26f000 	/usr/lib/system/libsystem_sandbox.dylib
0x000000000d26f000 	/usr/lib/system/libsystem_stats.dylib
0x000000000d26f000 	/usr/lib/system/libunc.dylib
0x000000000d26f000 	/usr/lib/system/libunwind.dylib
0x000000000d26f000 	/usr/lib/system/libxpc.dylib
0x000000000d26f000 	/usr/lib/libbsm.0.dylib
0x000000000d26f000 	/usr/lib/libsqlite3.dylib
0x000000000d26f000 	/usr/lib/libxar.1.dylib
0x000000000d26f000 	/usr/lib/libpam.2.dylib
0x000000000d26f000 	/usr/lib/libOpenScriptingUtil.dylib
0x000000000d26f000 	/usr/lib/libbz2.1.0.dylib
0x000000000d26f000 	/System/Library/Frameworks/CoreServices.framework/Versions/A/Frameworks/CarbonCore.framework/Versions/A/CarbonCore
0x000000000d26f000 	/System/Library/Frameworks/CoreServices.framework/Versions/A/Frameworks/Metadata.framework/Versions/A/Metadata
0x000000000d26f000 	/System/Library/Frameworks/CoreServices.framework/Versions/A/Frameworks/OSServices.framework/Versions/A/OSServices
0x000000000d26f000 	/System/Library/Frameworks/CoreServices.framework/Versions/A/Frameworks/SearchKit.framework/Versions/A/SearchKit
0x000000000d26f000 	/System/Library/Frameworks/CoreServices.framework/Versions/A/Frameworks/AE.framework/Versions/A/AE
0x000000000d26f000 	/System/Library/Frameworks/CoreServices.framework/Versions/A/Frameworks/LaunchServices.framework/Versions/A/LaunchServices
0x000000000d26f000 	/System/Library/Frameworks/CoreServices.framework/Versions/A/Frameworks/DictionaryServices.framework/Versions/A/DictionaryServices
0x000000000d26f000 	/System/Library/Frameworks/NetFS.framework/Versions/A/NetFS
0x000000000d26f000 	/usr/lib/system/libkxld.dylib
0x000000000d26f000 	/System/Library/PrivateFrameworks/NetAuth.framework/Versions/A/NetAuth
0x000000000d26f000 	/System/Library/PrivateFrameworks/TCC.framework/Versions/A/TCC
0x000000000d26f000 	/System/Library/Frameworks/OpenDirectory.framework/Versions/A/Frameworks/CFOpenDirectory.framework/Versions/A/CFOpenDirectory
0x000000000d26f000 	/System/Library/Frameworks/ServiceManagement.framework/Versions/A/ServiceManagement
0x000000000d26f000 	/usr/lib/libxslt.1.dylib
0x000000000d26f000 	/System/Library/Frameworks/Carbon.framework/Versions/A/Frameworks/Ink.framework/Versions/A/Ink
0x000000000d26f000 	/System/Library/Frameworks/ApplicationServices.framework/Versions/A/Frameworks/ATS.framework/Versions/A/ATS
0x000000000d26f000 	/System/Library/Frameworks/ApplicationServices.framework/Versions/A/Frameworks/ColorSync.framework/Versions/A/ColorSync
0x000000000d26f000 	/System/Library/Frameworks/ApplicationServices.framework/Versions/A/Frameworks/HIServices.framework/Versions/A/HIServices
0x000000000d26f000 	/System/Library/Frameworks/ApplicationServices.framework/Versions/A/Frameworks/LangAnalysis.framework/Versions/A/LangAnalysis
0x000000000d26f000 	/System/Library/Frameworks/ApplicationServices.framework/Versions/A/Frameworks/PrintCore.framework/Versions/A/PrintCore
0x000000000d26f000 	/System/Library/Frameworks/ApplicationServices.framework/Versions/A/Frameworks/QD.framework/Versions/A/QD
0x000000000d26f000 	/System/Library/Frameworks/ApplicationServices.framework/Versions/A/Frameworks/SpeechSynthesis.framework/Versions/A/SpeechSynthesis
0x000000000d26f000 	/System/Library/Frameworks/IOSurface.framework/Versions/A/IOSurface
0x000000000d26f000 	/System/Library/Frameworks/Accelerate.framework/Versions/A/Accelerate
0x000000000d26f000 	/System/Library/Frameworks/Accelerate.framework/Versions/A/Frameworks/vImage.framework/Versions/A/vImage
0x000000000d26f000 	/System/Library/Frameworks/Accelerate.framework/Versions/A/Frameworks/vecLib.framework/Versions/A/vecLib
0x000000000d26f000 	/System/Library/Frameworks/Accelerate.framework/Versions/A/Frameworks/vecLib.framework/Versions/A/libvDSP.dylib
0x000000000d26f000 	/System/Library/Frameworks/Accelerate.framework/Versions/A/Frameworks/vecLib.framework/Versions/A/libvMisc.dylib
0x000000000d26f000 	/System/Library/Frameworks/Accelerate.framework/Versions/A/Frameworks/vecLib.framework/Versions/A/libLAPACK.dylib
0x000000000d26f000 	/System/Library/Frameworks/Accelerate.framework/Versions/A/Frameworks/vecLib.framework/Versions/A/libBLAS.dylib
0x000000000d26f000 	/System/Library/Frameworks/ApplicationServices.framework/Versions/A/Frameworks/ATS.framework/Versions/A/Resources/libFontParser.dylib
0x000000000d26f000 	/System/Library/Frameworks/ApplicationServices.framework/Versions/A/Frameworks/ATS.framework/Versions/A/Resources/libFontRegistry.dylib
0x000000000d26f000 	/System/Library/Frameworks/ImageIO.framework/Versions/A/Resources/libJPEG.dylib
0x000000000d26f000 	/System/Library/Frameworks/ImageIO.framework/Versions/A/Resources/libTIFF.dylib
0x000000000d26f000 	/System/Library/Frameworks/ImageIO.framework/Versions/A/Resources/libPng.dylib
0x000000000d26f000 	/System/Library/Frameworks/ImageIO.framework/Versions/A/Resources/libGIF.dylib
0x000000000d26f000 	/System/Library/Frameworks/ImageIO.framework/Versions/A/Resources/libJP2.dylib
0x000000000d26f000 	/System/Library/Frameworks/ImageIO.framework/Versions/A/Resources/libRadiance.dylib
0x000000000d26f000 	/usr/lib/libcups.2.dylib
0x000000000d26f000 	/System/Library/Frameworks/Kerberos.framework/Versions/A/Kerberos
0x000000000d26f000 	/System/Library/Frameworks/GSS.framework/Versions/A/GSS
0x000000000d26f000 	/usr/lib/libresolv.9.dylib
0x000000000d26f000 	/usr/lib/libiconv.2.dylib
0x000000000d26f000 	/System/Library/PrivateFrameworks/Heimdal.framework/Versions/A/Heimdal
0x000000000d26f000 	/System/Library/PrivateFrameworks/TrustEvaluationAgent.framework/Versions/A/TrustEvaluationAgent
0x000000000d26f000 	/usr/lib/libheimdal-asn1.dylib
0x000000000d26f000 	/System/Library/Frameworks/OpenDirectory.framework/Versions/A/OpenDirectory
0x000000000d26f000 	/System/Library/PrivateFrameworks/CommonAuth.framework/Versions/A/CommonAuth
0x000000000d26f000 	/System/Library/Frameworks/SecurityFoundation.framework/Versions/A/SecurityFoundation
0x000000000d26f000 	/System/Library/PrivateFrameworks/Bom.framework/Versions/A/Bom
0x000000000d26f000 	/System/Library/Frameworks/CoreVideo.framework/Versions/A/CoreVideo
0x000000000d26f000 	/System/Library/Frameworks/QuartzCore.framework/Versions/A/Frameworks/CoreImage.framework/Versions/A/CoreImage
0x000000000d26f000 	/System/Library/Frameworks/QuartzCore.framework/Versions/A/Frameworks/ScalableUserInterface.framework/Versions/A/ScalableUserInterface
0x000000000d26f000 	/System/Library/Frameworks/OpenGL.framework/Versions/A/Libraries/libGLU.dylib
0x000000000d26f000 	/System/Library/Frameworks/OpenGL.framework/Versions/A/Libraries/libGFXShared.dylib
0x000000000d26f000 	/System/Library/Frameworks/OpenGL.framework/Versions/A/Libraries/libGL.dylib
0x000000000d26f000 	/System/Library/Frameworks/OpenGL.framework/Versions/A/Libraries/libGLImage.dylib
0x000000000d26f000 	/System/Library/Frameworks/OpenGL.framework/Versions/A/Libraries/libCVMSPluginSupport.dylib
0x000000000d26f000 	/System/Library/Frameworks/OpenGL.framework/Versions/A/Libraries/libCoreVMClient.dylib
0x000000000d26f000 	/System/Library/PrivateFrameworks/FaceCore.framework/Versions/A/FaceCore
0x000000000d26f000 	/System/Library/PrivateFrameworks/CrashReporterSupport.framework/Versions/A/CrashReporterSupport
0x000000000d26f000 	/System/Library/Frameworks/OpenCL.framework/Versions/A/OpenCL
0x000000000d26f000 	/System/Library/PrivateFrameworks/AppleFSCompression.framework/Versions/A/AppleFSCompression
0x000000000d26f000 	/System/Library/PrivateFrameworks/Ubiquity.framework/Versions/A/Ubiquity
0x000000000d26f000 	/System/Library/PrivateFrameworks/IconServices.framework/Versions/A/IconServices
0x000000000d26f000 	/System/Library/PrivateFrameworks/ChunkingLibrary.framework/Versions/A/ChunkingLibrary
0x000000000d26f000 	/System/Library/PrivateFrameworks/CoreSymbolication.framework/Versions/A/CoreSymbolication
0x000000000d26f000 	/System/Library/PrivateFrameworks/Symbolication.framework/Versions/A/Symbolication
0x000000000d26f000 	/System/Library/PrivateFrameworks/DebugSymbols.framework/Versions/A/DebugSymbols
0x000000010de00000 	/Library/Java/JavaVirtualMachines/jdk1.8.0_11.jdk/Contents/Home/jre/lib/server/libjvm.dylib
0x000000000d26f000 	/usr/lib/libstdc++.6.dylib
0x000000010d508000 	/Library/Java/JavaVirtualMachines/jdk1.8.0_11.jdk/Contents/Home/jre/lib/libverify.dylib
0x000000010d516000 	/Library/Java/JavaVirtualMachines/jdk1.8.0_11.jdk/Contents/Home/jre/lib/libjava.dylib
0x000000010d554000 	/Library/Java/JavaVirtualMachines/jdk1.8.0_11.jdk/Contents/Home/jre/lib/libzip.dylib
0x0000000122838000 	/System/Library/Frameworks/JavaVM.framework/Frameworks/JavaRuntimeSupport.framework/JavaRuntimeSupport
0x0000000122850000 	/System/Library/Frameworks/JavaVM.framework/Versions/A/Frameworks/JavaNativeFoundation.framework/Versions/A/JavaNativeFoundation
0x0000000122865000 	/System/Library/Frameworks/JavaVM.framework/Versions/A/JavaVM
0x000000000d26f000 	/System/Library/Frameworks/Carbon.framework/Versions/A/Carbon
0x0000000122872000 	/System/Library/PrivateFrameworks/JavaLaunching.framework/Versions/A/JavaLaunching
0x000000000d26f000 	/System/Library/Frameworks/Carbon.framework/Versions/A/Frameworks/CommonPanels.framework/Versions/A/CommonPanels
0x000000000d26f000 	/System/Library/Frameworks/Carbon.framework/Versions/A/Frameworks/Help.framework/Versions/A/Help
0x000000000d26f000 	/System/Library/Frameworks/Carbon.framework/Versions/A/Frameworks/ImageCapture.framework/Versions/A/ImageCapture
0x000000000d26f000 	/System/Library/Frameworks/Carbon.framework/Versions/A/Frameworks/OpenScripting.framework/Versions/A/OpenScripting
0x000000000d26f000 	/System/Library/Frameworks/Carbon.framework/Versions/A/Frameworks/Print.framework/Versions/A/Print
0x000000000d26f000 	/System/Library/Frameworks/Carbon.framework/Versions/A/Frameworks/SecurityHI.framework/Versions/A/SecurityHI
0x0000000122fee000 	/Library/Java/JavaVirtualMachines/jdk1.8.0_11.jdk/Contents/Home/jre/lib/libawt.dylib
0x000000012309d000 	/Library/Java/JavaVirtualMachines/jdk1.8.0_11.jdk/Contents/Home/jre/lib/./libmlib_image.dylib
0x0000000123169000 	/Library/Java/JavaVirtualMachines/jdk1.8.0_11.jdk/Contents/Home/jre/lib/libawt_lwawt.dylib
0x000000012321b000 	/Library/Java/JavaVirtualMachines/jdk1.8.0_11.jdk/Contents/Home/jre/lib/./libosxapp.dylib
0x000000000d26f000 	/System/Library/Frameworks/ExceptionHandling.framework/Versions/A/ExceptionHandling
0x000000000d26f000 	/System/Library/PrivateFrameworks/CoreServicesInternal.framework/Versions/A/CoreServicesInternal
0x000000000d26f000 	/System/Library/PrivateFrameworks/Librarian.framework/Versions/A/Librarian
0x000000000d26f000 	/System/Library/Frameworks/CoreGraphics.framework/Versions/A/Resources/libCGCMS.A.dylib
0x000000000d26f000 	/System/Library/Frameworks/CoreGraphics.framework/Versions/A/Resources/libRIP.A.dylib
0x000000000d26f000 	/System/Library/Frameworks/CoreGraphics.framework/Versions/A/Resources/libCGXType.A.dylib
0x000000000d26f000 	/System/Library/PrivateFrameworks/FamilyControls.framework/Versions/A/FamilyControls
0x000000000d26f000 	/System/Library/PrivateFrameworks/CommerceKit.framework/Versions/A/Frameworks/CommerceCore.framework/Versions/A/CommerceCore
0x000000000d26f000 	/System/Library/PrivateFrameworks/SystemAdministration.framework/Versions/A/SystemAdministration
0x000000000d26f000 	/System/Library/Frameworks/DirectoryService.framework/Versions/A/DirectoryService
0x000000000d26f000 	/System/Library/PrivateFrameworks/DiskImages.framework/Versions/A/DiskImages
0x000000000d26f000 	/System/Library/PrivateFrameworks/LoginUIKit.framework/Versions/A/Frameworks/LoginUICore.framework/Versions/A/LoginUICore
0x000000000d26f000 	/usr/lib/libCoreStorage.dylib
0x000000000d26f000 	/usr/lib/libcsfde.dylib
0x000000000d26f000 	/usr/lib/libodfde.dylib
0x000000000d26f000 	/System/Library/Frameworks/DiscRecording.framework/Versions/A/DiscRecording
0x000000000d26f000 	/usr/lib/libcurl.4.dylib
0x000000000d26f000 	/System/Library/PrivateFrameworks/MediaKit.framework/Versions/A/MediaKit
0x000000000d26f000 	/System/Library/PrivateFrameworks/EFILogin.framework/Versions/A/EFILogin
0x000000000d26f000 	/usr/lib/libutil.dylib
0x000000000d26f000 	/System/Library/PrivateFrameworks/AOSNotification.framework/Versions/A/AOSNotification
0x000000000d26f000 	/System/Library/Frameworks/LDAP.framework/Versions/A/LDAP
0x000000000d26f000 	/usr/lib/libsasl2.2.dylib
0x000000000d26f000 	/usr/lib/libcrypto.0.9.8.dylib
0x000000000d26f000 	/usr/lib/libssl.0.9.8.dylib
0x00000001271a6000 	/Library/Java/JavaVirtualMachines/jdk1.8.0_11.jdk/Contents/Home/jre/lib/libfontmanager.dylib
0x000000012720c000 	/Users/sebastiankarlsson/Documents/workspace/CraftSource/natives/macosx/liblwjgl.dylib
0x00000001249a8000 	/Library/Java/JavaVirtualMachines/jdk1.8.0_11.jdk/Contents/Home/jre/lib/libjawt.dylib
0x000000000d26f000 	/System/Library/Frameworks/OpenGL.framework/Versions/A/Resources/GLEngine.bundle/GLEngine
0x000000000d26f000 	/System/Library/Frameworks/OpenGL.framework/Versions/A/Libraries/libGLProgrammability.dylib
0x0000000000000000 	/System/Library/Extensions/AppleIntelHD5000GraphicsGLDriver.bundle/Contents/MacOS/AppleIntelHD5000GraphicsGLDriver
0x000000000d26f000 	/System/Library/PrivateFrameworks/IOAccelerator.framework/Versions/A/IOAccelerator
0x000000000d26f000 	/System/Library/PrivateFrameworks/GPUSupport.framework/Versions/A/Libraries/libGPUSupportMercury.dylib
0x000000000d26f000 	/System/Library/Frameworks/OpenGL.framework/Versions/A/Resources/GLRendererFloat.bundle/GLRendererFloat
0x000000000d26f000 	/System/Library/Frameworks/OpenCL.framework/Versions/A/Libraries/libcldcpuengine.dylib
0x0000000128056000 	/Library/Java/JavaVirtualMachines/jdk1.8.0_11.jdk/Contents/Home/jre/lib/libnio.dylib
0x0000000128065000 	/Library/Java/JavaVirtualMachines/jdk1.8.0_11.jdk/Contents/Home/jre/lib/./libnet.dylib
0x0000000128d52000 	/Library/Java/JavaVirtualMachines/jdk1.8.0_11.jdk/Contents/Home/jre/lib/libosxui.dylib
0x000000012c076000 	/Library/Java/JavaVirtualMachines/jdk1.8.0_11.jdk/Contents/Home/jre/lib/libosx.dylib

VM Arguments:
jvm_args: -Dfile.encoding=UTF-8 
java_command: nu.sebka.craftsource.CraftSource
java_class_path (initial): /Users/sebastiankarlsson/Documents/workspace/CraftSource/target/classes:/Users/sebastiankarlsson/Documents/workspace/CraftSource/lib/slick-util.jar:/Users/sebastiankarlsson/Documents/lwjgl/lwjgl-2.9.1/jar/lwjgl_util.jar:/Users/sebastiankarlsson/Documents/lwjgl/lwjgl-2.9.1/jar/lwjgl.jar
Launcher Type: SUN_STANDARD

Environment Variables:
PATH=/usr/bin:/bin:/usr/sbin:/sbin
SHELL=/bin/bash

Signal Handlers:
SIGSEGV: [libjvm.dylib+0x56059b], sa_mask[0]=0xfffefeff, sa_flags=0x00000043
SIGBUS: [libjvm.dylib+0x56059b], sa_mask[0]=0xfffefeff, sa_flags=0x00000042
SIGFPE: [libjvm.dylib+0x4438f2], sa_mask[0]=0xfffefeff, sa_flags=0x00000042
SIGPIPE: [libjvm.dylib+0x4438f2], sa_mask[0]=0xfffefeff, sa_flags=0x00000042
SIGXFSZ: [libjvm.dylib+0x4438f2], sa_mask[0]=0xfffefeff, sa_flags=0x00000042
SIGILL: [libjvm.dylib+0x4438f2], sa_mask[0]=0xfffefeff, sa_flags=0x00000042
SIGUSR1: SIG_DFL, sa_mask[0]=0x00000000, sa_flags=0x00000002
SIGUSR2: [libjvm.dylib+0x443410], sa_mask[0]=0x00000004, sa_flags=0x00000042
SIGHUP: [libjvm.dylib+0x44179b], sa_mask[0]=0xfffefeff, sa_flags=0x00000042
SIGINT: [libjvm.dylib+0x44179b], sa_mask[0]=0xfffefeff, sa_flags=0x00000042
SIGTERM: [libjvm.dylib+0x44179b], sa_mask[0]=0xfffefeff, sa_flags=0x00000042
SIGQUIT: [libjvm.dylib+0x44179b], sa_mask[0]=0xfffefeff, sa_flags=0x00000042


---------------  S Y S T E M  ---------------

OS:Bsduname:Darwin 13.3.0 Darwin Kernel Version 13.3.0: Tue Jun  3 21:27:35 PDT 2014; root:xnu-2422.110.17~1/RELEASE_X86_64 x86_64
rlimit: STACK 8192k, CORE 0k, NPROC 709, NOFILE 10240, AS infinity
load average:2.33 1.95 2.00

CPU:total 4 (2 cores per cpu, 2 threads per core) family 6 model 69 stepping 1, cmov, cx8, fxsr, mmx, sse, sse2, sse3, ssse3, sse4.1, sse4.2, popcnt, avx, avx2, aes, clmul, erms, ht, tsc, tscinvbit

Memory: 4k page, physical 4194304k(761596k free)

/proc/meminfo:


vm_info: Java HotSpot(TM) 64-Bit Server VM (25.11-b03) for bsd-amd64 JRE (1.8.0_11-b12), built on Jun 16 2014 17:39:42 by "java_re" with gcc 4.2.1 (Based on Apple Inc. build 5658) (LLVM build 2336.11.00)

time: Sun Sep 21 00:48:21 2014
elapsed time: 11 seconds

